2026-05-24 17:14:22,352 - INFO - PreProcessingFactory initialised — type=Dataset.CLASS_PREP, data_path=/home/frogonarock/PycharmProjects/WhatsThisFish/whatsthatfish/src/whatsthatfish/data/preprocessing
2026-05-24 17:14:22,352 - INFO - PreProcessingFactory.run() starting — type=Dataset.CLASS_PREP
2026-05-24 17:14:22,352 - INFO - Step 1/1: Classification DS Preparation
2026-05-24 17:14:51,725 - INFO - PreProcessingFactory initialised — type=Dataset.CLASS_PREP, data_path=/home/frogonarock/PycharmProjects/WhatsThisFish/whatsthatfish/src/whatsthatfish/data/preprocessing
2026-05-24 17:14:51,726 - INFO - PreProcessingFactory.run() starting — type=Dataset.CLASS_PREP
2026-05-24 17:14:51,726 - INFO - Step 1/1: Classification DS Preparation
2026-05-24 17:16:00,978 - INFO - PreProcessingFactory.run() complete — type=Dataset.CLASS_PREP
2026-05-24 17:19:34,195 - INFO - PreProcessingFactory initialised — type=Dataset.CLASS_PREP, data_path=/home/frogonarock/PycharmProjects/WhatsThisFish/whatsthatfish/src/whatsthatfish/data/preprocessing
2026-05-24 17:19:34,195 - INFO - PreProcessingFactory.run() starting — type=Dataset.CLASS_PREP
2026-05-24 17:19:34,195 - INFO - Step 1/1: Classification DS Preparation
2026-05-24 17:20:41,420 - INFO - PreProcessingFactory.run() complete — type=Dataset.CLASS_PREP
2026-05-30 16:43:17,511 - INFO - PreProcessingFactory initialised — type=Dataset.SCORING, source_dataset=SourceDataset.INAT, data_path=/home/frogonarock/PycharmProjects/WhatsThisFish/whatsthatfish/src/whatsthatfish/data/preprocessing
2026-05-30 16:43:17,511 - INFO - PreProcessingFactory.run() starting — type=Dataset.SCORING
2026-05-30 16:43:17,511 - INFO - Step 1/2: iNat UIQM scoring
2026-05-30 16:43:17,511 - INFO - [Factory] Performing scoring for inat, loading to InatImageQuality
2026-05-30 16:43:42,595 - INFO - Step 2/2: LILA UIQM scoring
2026-05-30 16:43:42,595 - INFO - [Factory] Performing scoring for lila, loading to LilaImageQuality
2026-05-30 16:43:45,815 - INFO - PreProcessingFactory.run() complete — type=Dataset.SCORING
2026-05-30 16:45:55,847 - INFO - PreProcessingFactory initialised — type=Dataset.CONTEXT_CLIP, source_dataset=SourceDataset.BOTH, data_path=/home/frogonarock/PycharmProjects/WhatsThisFish/whatsthatfish/src/whatsthatfish/data/preprocessing
2026-05-30 16:45:55,847 - INFO - PreProcessingFactory.run() starting — type=Dataset.CONTEXT_CLIP
2026-05-30 16:45:55,847 - INFO - Step 1/1: iNat CLIP context scoring
2026-05-30 16:45:55,848 - INFO - [Factory] Performing CLIP context for inat, loading to InatClipContext
2026-05-30 17:47:03,002 - INFO - PreProcessingFactory initialised — type=Dataset.CONTEXT_CLIP, source_dataset=SourceDataset.BOTH, data_path=/home/frogonarock/PycharmProjects/WhatsThisFish/whatsthatfish/src/whatsthatfish/data/preprocessing
2026-05-30 17:47:03,002 - INFO - PreProcessingFactory.run() starting — type=Dataset.CONTEXT_CLIP
2026-05-30 17:47:03,002 - INFO - Step 1/1: iNat CLIP context scoring
2026-05-30 17:47:03,002 - INFO - [Factory] Performing CLIP context for inat, loading to InatClipContext
2026-05-30 17:54:48,309 - INFO - PreProcessingFactory initialised — type=Dataset.CONTEXT_CLIP, source_dataset=SourceDataset.BOTH, data_path=/home/frogonarock/PycharmProjects/WhatsThisFish/whatsthatfish/src/whatsthatfish/data/preprocessing
2026-05-30 17:54:48,310 - INFO - PreProcessingFactory.run() starting — type=Dataset.CONTEXT_CLIP
2026-05-30 17:54:48,310 - INFO - Step 1/1: iNat CLIP context scoring
2026-05-30 17:54:48,310 - INFO - [Factory] Performing CLIP context for inat, loading to InatClipContext
2026-05-30 18:02:22,278 - INFO - PreProcessingFactory.run() complete — type=Dataset.CONTEXT_CLIP
2026-05-30 18:05:14,614 - INFO - PreProcessingFactory initialised — type=Dataset.SCORING, source_dataset=SourceDataset.INAT, data_path=/home/frogonarock/PycharmProjects/WhatsThisFish/whatsthatfish/src/whatsthatfish/data/preprocessing
2026-05-30 18:05:14,614 - INFO - PreProcessingFactory.run() starting — type=Dataset.SCORING
2026-05-30 18:05:14,614 - INFO - Step 1/2: iNat UIQM scoring
2026-05-30 18:05:14,614 - INFO - [Factory] Performing scoring for inat, loading to InatImageQuality
2026-05-30 19:10:06,583 - INFO - Step 2/2: LILA UIQM scoring
2026-05-30 19:10:06,583 - INFO - [Factory] Performing scoring for lila, loading to LilaImageQuality
2026-05-30 19:10:07,859 - INFO - PreProcessingFactory.run() complete — type=Dataset.SCORING
2026-05-30 19:56:28,231 - INFO - PreProcessingFactory initialised — type=Dataset.CLASS_PREP, source_dataset=SourceDataset.BOTH, data_path=/home/frogonarock/PycharmProjects/WhatsThisFish/whatsthatfish/src/whatsthatfish/data/preprocessing
2026-05-30 19:56:28,231 - INFO - PreProcessingFactory.run() starting — type=Dataset.CLASS_PREP
2026-05-30 19:56:28,231 - INFO - Step 1/2: Classification DS Preparation
2026-05-30 20:00:52,806 - INFO - PreProcessingFactory initialised — type=Dataset.CLASS_PREP, source_dataset=SourceDataset.BOTH, data_path=/home/frogonarock/PycharmProjects/WhatsThisFish/whatsthatfish/src/whatsthatfish/data/preprocessing
2026-05-30 20:00:52,806 - INFO - PreProcessingFactory.run() starting — type=Dataset.CLASS_PREP
2026-05-30 20:00:52,806 - INFO - Step 1/2: Classification DS Preparation
2026-05-30 20:02:14,374 - INFO - PreProcessingFactory initialised — type=Dataset.CLASS_PREP, source_dataset=SourceDataset.BOTH, data_path=/home/frogonarock/PycharmProjects/WhatsThisFish/whatsthatfish/src/whatsthatfish/data/preprocessing
2026-05-30 20:02:14,374 - INFO - PreProcessingFactory.run() starting — type=Dataset.CLASS_PREP
2026-05-30 20:02:14,374 - INFO - Step 1/2: Classification DS Preparation
2026-05-30 20:03:55,584 - INFO - Step 2/2: Zero Indexed Classification
2026-05-30 20:06:05,983 - INFO - PreProcessingFactory initialised — type=Dataset.CLASS_PREP, source_dataset=SourceDataset.BOTH, data_path=/home/frogonarock/PycharmProjects/WhatsThisFish/whatsthatfish/src/whatsthatfish/data/preprocessing
2026-05-30 20:06:05,984 - INFO - PreProcessingFactory.run() starting — type=Dataset.CLASS_PREP
2026-05-30 20:06:05,984 - INFO - Step 1/2: Classification DS Preparation
2026-05-30 20:07:43,485 - INFO - Step 2/2: Zero Indexed Classification
2026-05-30 20:08:07,860 - INFO - PreProcessingFactory.run() complete — type=Dataset.CLASS_PREP
2026-06-04 16:04:27,108 - INFO - Beginning epoch 0. Total elapsed: 0.0s
2026-06-04 16:05:01,277 - INFO - Beginning epoch 0. Total elapsed: 0.0s
2026-06-04 16:05:05,943 - INFO - 0/20774, 0.00% completed. Batch loss: species=7.5403, genus=6.9419, subfamily=5.5941, total=7.1662.
2026-06-04 16:39:05,112 - INFO - PreProcessingFactory initialised — type=Dataset.CLASS_PREP, source_dataset=SourceDataset.BOTH, data_path=/home/frogonarock/PycharmProjects/WhatsThisFish/whatsthatfish/src/whatsthatfish/data/preprocessing
2026-06-04 16:39:05,112 - INFO - PreProcessingFactory.run() starting — type=Dataset.CLASS_PREP
2026-06-04 16:39:05,112 - INFO - Step 1/2: Classification DS Preparation
2026-06-04 16:40:45,968 - INFO - Step 2/2: Zero Indexed Classification
2026-06-04 16:41:09,999 - INFO - PreProcessingFactory.run() complete — type=Dataset.CLASS_PREP
2026-06-04 18:35:25,449 - INFO - Beginning epoch 0. Total elapsed: 0.0s
2026-06-04 18:35:29,387 - INFO - 0/13213, 0.00% completed. Batch loss: species=7.4254, genus=6.3040, subfamily=5.5677, total=6.9032.
2026-06-04 18:35:57,848 - INFO - 100/13213, 0.76% completed. Batch loss: species=7.0352, genus=6.1008, subfamily=4.9683, total=6.5482.
2026-06-04 18:36:28,666 - INFO - 200/13213, 1.51% completed. Batch loss: species=6.7859, genus=5.5747, subfamily=4.7761, total=6.2216.
2026-06-04 18:36:56,629 - INFO - 300/13213, 2.27% completed. Batch loss: species=6.9154, genus=5.4445, subfamily=4.2876, total=6.2113.
2026-06-04 18:37:24,267 - INFO - 400/13213, 3.03% completed. Batch loss: species=6.6076, genus=5.4545, subfamily=4.0429, total=6.0052.
2026-06-04 18:37:52,518 - INFO - 500/13213, 3.78% completed. Batch loss: species=6.7658, genus=5.4892, subfamily=4.5905, total=6.1653.
2026-06-04 18:38:21,971 - INFO - 600/13213, 4.54% completed. Batch loss: species=6.9138, genus=5.6180, subfamily=4.9859, total=6.3322.
2026-06-04 18:38:49,041 - INFO - 700/13213, 5.30% completed. Batch loss: species=6.5661, genus=5.5537, subfamily=4.8135, total=6.0871.
2026-06-04 18:39:16,969 - INFO - 800/13213, 6.05% completed. Batch loss: species=6.5533, genus=5.5633, subfamily=4.4840, total=6.0494.
2026-06-04 18:39:46,389 - INFO - 900/13213, 6.81% completed. Batch loss: species=6.6103, genus=5.3983, subfamily=4.3288, total=6.0186.
2026-06-04 18:40:12,502 - INFO - 1000/13213, 7.57% completed. Batch loss: species=6.5016, genus=5.5359, subfamily=4.4230, total=6.0040.
2026-06-04 18:40:41,565 - INFO - 1100/13213, 8.33% completed. Batch loss: species=6.5700, genus=5.5512, subfamily=4.3156, total=6.0389.
2026-06-04 18:41:09,923 - INFO - 1200/13213, 9.08% completed. Batch loss: species=6.4877, genus=5.4044, subfamily=4.2889, total=5.9428.
2026-06-04 18:41:36,575 - INFO - 1300/13213, 9.84% completed. Batch loss: species=6.3596, genus=5.3897, subfamily=3.9206, total=5.8247.
2026-06-04 18:42:05,348 - INFO - 1400/13213, 10.60% completed. Batch loss: species=6.3790, genus=5.1725, subfamily=4.3154, total=5.8106.
2026-06-04 18:42:33,846 - INFO - 1500/13213, 11.35% completed. Batch loss: species=6.5946, genus=5.4461, subfamily=4.1946, total=6.0101.
2026-06-04 18:43:02,878 - INFO - 1600/13213, 12.11% completed. Batch loss: species=6.3349, genus=5.6248, subfamily=4.8205, total=5.9704.
2026-06-04 18:43:30,687 - INFO - 1700/13213, 12.87% completed. Batch loss: species=6.4358, genus=5.3157, subfamily=4.6044, total=5.9166.
2026-06-04 18:43:58,172 - INFO - 1800/13213, 13.62% completed. Batch loss: species=6.6044, genus=5.5798, subfamily=5.2054, total=6.1571.
2026-06-04 18:44:27,718 - INFO - 1900/13213, 14.38% completed. Batch loss: species=6.6349, genus=5.4071, subfamily=4.3953, total=6.0426.
2026-06-04 18:44:54,407 - INFO - 2000/13213, 15.14% completed. Batch loss: species=6.4719, genus=5.4575, subfamily=4.4724, total=5.9676.
2026-06-04 18:45:22,666 - INFO - 2100/13213, 15.89% completed. Batch loss: species=6.6963, genus=5.3740, subfamily=4.4532, total=6.0753.
2026-06-04 18:45:50,516 - INFO - 2200/13213, 16.65% completed. Batch loss: species=6.1643, genus=5.3023, subfamily=4.1508, total=5.7044.
2026-06-04 18:46:18,805 - INFO - 2300/13213, 17.41% completed. Batch loss: species=6.7692, genus=5.4700, subfamily=4.4019, total=6.1427.
2026-06-04 18:46:46,993 - INFO - 2400/13213, 18.16% completed. Batch loss: species=6.4812, genus=5.0539, subfamily=4.2885, total=5.8338.
2026-06-04 18:47:15,522 - INFO - 2500/13213, 18.92% completed. Batch loss: species=6.4967, genus=5.7854, subfamily=4.0396, total=6.0376.
2026-06-04 18:47:42,944 - INFO - 2600/13213, 19.68% completed. Batch loss: species=6.0289, genus=4.9518, subfamily=4.2668, total=5.5295.
2026-06-04 18:48:11,007 - INFO - 2700/13213, 20.43% completed. Batch loss: species=6.1549, genus=5.0343, subfamily=4.0063, total=5.6039.
2026-06-04 18:48:39,639 - INFO - 2800/13213, 21.19% completed. Batch loss: species=6.8240, genus=5.3297, subfamily=4.6608, total=6.1594.
2026-06-04 18:49:08,518 - INFO - 2900/13213, 21.95% completed. Batch loss: species=6.5932, genus=5.6190, subfamily=4.9476, total=6.1364.
2026-06-04 18:49:35,103 - INFO - 3000/13213, 22.70% completed. Batch loss: species=6.4652, genus=5.4806, subfamily=4.4980, total=5.9731.
2026-06-04 18:50:04,534 - INFO - 3100/13213, 23.46% completed. Batch loss: species=6.4450, genus=5.2429, subfamily=4.3764, total=5.8775.
2026-06-04 18:50:31,263 - INFO - 3200/13213, 24.22% completed. Batch loss: species=6.0473, genus=4.8243, subfamily=3.7452, total=5.4502.
2026-06-04 18:50:59,242 - INFO - 3300/13213, 24.98% completed. Batch loss: species=6.5339, genus=5.4650, subfamily=4.6837, total=6.0282.
2026-06-04 18:51:27,609 - INFO - 3400/13213, 25.73% completed. Batch loss: species=6.4314, genus=5.2000, subfamily=4.3420, total=5.8531.
2026-06-04 18:51:55,725 - INFO - 3500/13213, 26.49% completed. Batch loss: species=6.2470, genus=5.0391, subfamily=4.4129, total=5.7012.
2026-06-04 18:52:24,290 - INFO - 3600/13213, 27.25% completed. Batch loss: species=6.3105, genus=5.1777, subfamily=4.1288, total=5.7525.
2026-06-04 18:52:51,200 - INFO - 3700/13213, 28.00% completed. Batch loss: species=6.3153, genus=5.3664, subfamily=4.7490, total=5.8740.
2026-06-04 18:53:19,094 - INFO - 3800/13213, 28.76% completed. Batch loss: species=6.0768, genus=5.1959, subfamily=4.0121, total=5.6061.
2026-06-04 18:53:47,814 - INFO - 3900/13213, 29.52% completed. Batch loss: species=6.2102, genus=5.3651, subfamily=4.2921, total=5.7648.
2026-06-04 18:54:15,634 - INFO - 4000/13213, 30.27% completed. Batch loss: species=6.3176, genus=5.3620, subfamily=4.5367, total=5.8528.
2026-06-04 18:54:42,994 - INFO - 4100/13213, 31.03% completed. Batch loss: species=6.0257, genus=5.0726, subfamily=4.1279, total=5.5500.
2026-06-04 18:55:12,126 - INFO - 4200/13213, 31.79% completed. Batch loss: species=6.3708, genus=5.4186, subfamily=4.2654, total=5.8746.
2026-06-04 18:55:39,770 - INFO - 4300/13213, 32.54% completed. Batch loss: species=6.1092, genus=5.1444, subfamily=4.3001, total=5.6388.
2026-06-04 18:56:07,886 - INFO - 4400/13213, 33.30% completed. Batch loss: species=6.3993, genus=5.5725, subfamily=4.3624, total=5.9476.
2026-06-04 18:56:35,680 - INFO - 4500/13213, 34.06% completed. Batch loss: species=6.8542, genus=5.7884, subfamily=4.9616, total=6.3452.
2026-06-04 18:57:04,642 - INFO - 4600/13213, 34.81% completed. Batch loss: species=6.5650, genus=5.3641, subfamily=4.3139, total=5.9796.
2026-06-04 18:57:33,362 - INFO - 4700/13213, 35.57% completed. Batch loss: species=6.4979, genus=5.4512, subfamily=4.6852, total=6.0026.
2026-06-04 18:58:00,785 - INFO - 4800/13213, 36.33% completed. Batch loss: species=6.5416, genus=5.4735, subfamily=4.0753, total=5.9745.
2026-06-04 18:58:28,133 - INFO - 4900/13213, 37.08% completed. Batch loss: species=6.3982, genus=5.4555, subfamily=4.5135, total=5.9269.
2026-06-04 18:58:56,095 - INFO - 5000/13213, 37.84% completed. Batch loss: species=6.3491, genus=5.3835, subfamily=4.1506, total=5.8395.
2026-06-04 18:59:24,161 - INFO - 5100/13213, 38.60% completed. Batch loss: species=6.1356, genus=5.0453, subfamily=3.3241, total=5.5274.
2026-06-04 18:59:52,137 - INFO - 5200/13213, 39.36% completed. Batch loss: species=6.1573, genus=5.4708, subfamily=4.3401, total=5.7696.
2026-06-04 19:00:20,170 - INFO - 5300/13213, 40.11% completed. Batch loss: species=5.9668, genus=4.6776, subfamily=3.6192, total=5.3453.
2026-06-04 19:00:48,453 - INFO - 5400/13213, 40.87% completed. Batch loss: species=6.4506, genus=5.2267, subfamily=4.9647, total=5.9348.
2026-06-04 19:01:15,482 - INFO - 5500/13213, 41.63% completed. Batch loss: species=6.5028, genus=5.4065, subfamily=4.0371, total=5.9274.
2026-06-04 19:01:45,498 - INFO - 5600/13213, 42.38% completed. Batch loss: species=6.4754, genus=5.4443, subfamily=4.3783, total=5.9564.
2026-06-04 19:02:12,820 - INFO - 5700/13213, 43.14% completed. Batch loss: species=6.5636, genus=5.3822, subfamily=4.1160, total=5.9644.
2026-06-04 19:02:41,614 - INFO - 5800/13213, 43.90% completed. Batch loss: species=6.2756, genus=5.5436, subfamily=3.9901, total=5.8275.
2026-06-04 19:03:09,379 - INFO - 5900/13213, 44.65% completed. Batch loss: species=6.1029, genus=5.3001, subfamily=4.0045, total=5.6522.
2026-06-04 19:03:38,307 - INFO - 6000/13213, 45.41% completed. Batch loss: species=6.1226, genus=5.1647, subfamily=4.4615, total=5.6691.
2026-06-04 19:04:05,349 - INFO - 6100/13213, 46.17% completed. Batch loss: species=6.3460, genus=5.1488, subfamily=4.1202, total=5.7642.
2026-06-04 19:04:34,441 - INFO - 6200/13213, 46.92% completed. Batch loss: species=6.0677, genus=5.3960, subfamily=4.1020, total=5.6696.
2026-06-04 19:05:02,574 - INFO - 6300/13213, 47.68% completed. Batch loss: species=6.0838, genus=5.6995, subfamily=4.3402, total=5.7942.
2026-06-04 19:05:30,814 - INFO - 6400/13213, 48.44% completed. Batch loss: species=6.5058, genus=5.4784, subfamily=4.3226, total=5.9793.
2026-06-04 19:05:57,760 - INFO - 6500/13213, 49.19% completed. Batch loss: species=6.2400, genus=5.6295, subfamily=4.6685, total=5.8997.
2026-06-04 19:06:25,822 - INFO - 6600/13213, 49.95% completed. Batch loss: species=6.4267, genus=5.1500, subfamily=3.5920, total=5.7602.
2026-06-04 19:06:54,694 - INFO - 6700/13213, 50.71% completed. Batch loss: species=6.1396, genus=4.8302, subfamily=3.6598, total=5.4988.
2026-06-04 19:07:21,797 - INFO - 6800/13213, 51.46% completed. Batch loss: species=6.3670, genus=5.3330, subfamily=3.9065, total=5.8107.
2026-06-04 19:07:49,022 - INFO - 6900/13213, 52.22% completed. Batch loss: species=5.9539, genus=4.7712, subfamily=4.0846, total=5.4122.
2026-06-04 19:08:18,686 - INFO - 7000/13213, 52.98% completed. Batch loss: species=5.9668, genus=4.9616, subfamily=4.0429, total=5.4728.
2026-06-04 19:08:48,879 - INFO - 7100/13213, 53.73% completed. Batch loss: species=6.0991, genus=4.8696, subfamily=3.9742, total=5.5178.
2026-06-04 19:09:13,919 - INFO - 7200/13213, 54.49% completed. Batch loss: species=6.2195, genus=4.9391, subfamily=3.8948, total=5.6029.
2026-06-04 19:09:41,989 - INFO - 7300/13213, 55.25% completed. Batch loss: species=5.9573, genus=5.1179, subfamily=4.4298, total=5.5527.
2026-06-04 19:10:09,499 - INFO - 7400/13213, 56.01% completed. Batch loss: species=6.6179, genus=5.2137, subfamily=4.7187, total=6.0067.
2026-06-04 19:10:36,368 - INFO - 7500/13213, 56.76% completed. Batch loss: species=6.0208, genus=4.9402, subfamily=3.8233, total=5.4768.
2026-06-04 19:11:06,676 - INFO - 7600/13213, 57.52% completed. Batch loss: species=6.2570, genus=5.1049, subfamily=4.3476, total=5.7204.
2026-06-04 19:11:35,980 - INFO - 7700/13213, 58.28% completed. Batch loss: species=5.9096, genus=4.9508, subfamily=3.6866, total=5.3996.
2026-06-04 19:12:01,730 - INFO - 7800/13213, 59.03% completed. Batch loss: species=6.6384, genus=5.3648, subfamily=4.5642, total=6.0489.
2026-06-04 19:12:30,112 - INFO - 7900/13213, 59.79% completed. Batch loss: species=6.3780, genus=5.0285, subfamily=3.7843, total=5.7137.
2026-06-04 19:12:58,941 - INFO - 8000/13213, 60.55% completed. Batch loss: species=6.2810, genus=4.9797, subfamily=3.8662, total=5.6492.
2026-06-04 19:13:25,072 - INFO - 8100/13213, 61.30% completed. Batch loss: species=6.3004, genus=5.1508, subfamily=4.1464, total=5.7401.
2026-06-04 19:13:54,730 - INFO - 8200/13213, 62.06% completed. Batch loss: species=6.1514, genus=5.1172, subfamily=3.6411, total=5.5901.
2026-06-04 19:14:21,149 - INFO - 8300/13213, 62.82% completed. Batch loss: species=6.0359, genus=5.0472, subfamily=4.0380, total=5.5395.
2026-06-04 19:14:49,889 - INFO - 8400/13213, 63.57% completed. Batch loss: species=6.3786, genus=6.0138, subfamily=4.1482, total=6.0461.
2026-06-04 19:15:18,110 - INFO - 8500/13213, 64.33% completed. Batch loss: species=6.2413, genus=5.2863, subfamily=5.4259, total=5.8733.
2026-06-04 19:15:46,849 - INFO - 8600/13213, 65.09% completed. Batch loss: species=6.6677, genus=5.5318, subfamily=3.9403, total=6.0542.
2026-06-04 19:16:13,244 - INFO - 8700/13213, 65.84% completed. Batch loss: species=6.1040, genus=4.7945, subfamily=3.8031, total=5.4811.
2026-06-04 19:16:42,461 - INFO - 8800/13213, 66.60% completed. Batch loss: species=6.4977, genus=5.2054, subfamily=4.4499, total=5.9052.
2026-06-04 19:17:10,629 - INFO - 8900/13213, 67.36% completed. Batch loss: species=6.0095, genus=4.7611, subfamily=4.3591, total=5.4699.
2026-06-04 19:17:38,318 - INFO - 9000/13213, 68.11% completed. Batch loss: species=5.9538, genus=4.8653, subfamily=3.7892, total=5.4108.
2026-06-04 19:18:06,997 - INFO - 9100/13213, 68.87% completed. Batch loss: species=6.2822, genus=4.9541, subfamily=4.7568, total=5.7312.
2026-06-04 19:18:33,717 - INFO - 9200/13213, 69.63% completed. Batch loss: species=6.1391, genus=5.0109, subfamily=4.6791, total=5.6546.
2026-06-04 19:19:01,342 - INFO - 9300/13213, 70.39% completed. Batch loss: species=5.7876, genus=4.8017, subfamily=3.7135, total=5.2844.
2026-06-04 19:19:29,284 - INFO - 9400/13213, 71.14% completed. Batch loss: species=6.6694, genus=5.7866, subfamily=3.9855, total=6.1362.
2026-06-04 19:19:58,847 - INFO - 9500/13213, 71.90% completed. Batch loss: species=6.2308, genus=5.1559, subfamily=3.8346, total=5.6687.
2026-06-04 19:20:25,426 - INFO - 9600/13213, 72.66% completed. Batch loss: species=5.9960, genus=4.9269, subfamily=4.2592, total=5.5016.
2026-06-04 19:20:53,603 - INFO - 9700/13213, 73.41% completed. Batch loss: species=6.2707, genus=5.1814, subfamily=4.2016, total=5.7370.
2026-06-04 19:21:22,317 - INFO - 9800/13213, 74.17% completed. Batch loss: species=6.4638, genus=5.4877, subfamily=5.1636, total=6.0410.
2026-06-04 19:21:50,713 - INFO - 9900/13213, 74.93% completed. Batch loss: species=6.3280, genus=4.8889, subfamily=3.5404, total=5.6175.
2026-06-04 19:22:17,767 - INFO - 10000/13213, 75.68% completed. Batch loss: species=6.1999, genus=5.2576, subfamily=4.3274, total=5.7300.
2026-06-04 19:22:45,993 - INFO - 10100/13213, 76.44% completed. Batch loss: species=5.9115, genus=5.2507, subfamily=4.6887, total=5.5910.
2026-06-04 19:23:13,993 - INFO - 10200/13213, 77.20% completed. Batch loss: species=5.6977, genus=4.6678, subfamily=3.5706, total=5.1760.
2026-06-04 19:23:42,650 - INFO - 10300/13213, 77.95% completed. Batch loss: species=6.1130, genus=5.0691, subfamily=3.9985, total=5.5884.
2026-06-04 19:24:12,059 - INFO - 10400/13213, 78.71% completed. Batch loss: species=5.4821, genus=4.0692, subfamily=3.2917, total=4.8392.
2026-06-04 19:24:39,854 - INFO - 10500/13213, 79.47% completed. Batch loss: species=6.1347, genus=4.9064, subfamily=3.4891, total=5.5017.
2026-06-04 19:25:06,975 - INFO - 10600/13213, 80.22% completed. Batch loss: species=5.8248, genus=4.8292, subfamily=3.8436, total=5.3280.
2026-06-04 19:25:34,581 - INFO - 10700/13213, 80.98% completed. Batch loss: species=5.6854, genus=4.6217, subfamily=3.9018, total=5.1879.
2026-06-04 19:26:03,122 - INFO - 10800/13213, 81.74% completed. Batch loss: species=6.0096, genus=5.1804, subfamily=3.6441, total=5.5243.
2026-06-04 19:26:30,818 - INFO - 10900/13213, 82.49% completed. Batch loss: species=6.1057, genus=5.2352, subfamily=4.1335, total=5.6474.
2026-06-04 19:26:58,125 - INFO - 11000/13213, 83.25% completed. Batch loss: species=5.3746, genus=4.4167, subfamily=3.6924, total=4.9190.
2026-06-04 19:27:25,855 - INFO - 11100/13213, 84.01% completed. Batch loss: species=6.2865, genus=5.6742, subfamily=4.0785, total=5.8820.
2026-06-04 19:27:54,410 - INFO - 11200/13213, 84.77% completed. Batch loss: species=5.7286, genus=4.9438, subfamily=4.3565, total=5.3559.
2026-06-04 19:28:21,694 - INFO - 11300/13213, 85.52% completed. Batch loss: species=5.2460, genus=4.6070, subfamily=3.2496, total=4.8547.
2026-06-04 19:28:51,087 - INFO - 11400/13213, 86.28% completed. Batch loss: species=6.0404, genus=5.4934, subfamily=4.3133, total=5.7036.
2026-06-04 19:29:21,162 - INFO - 11500/13213, 87.04% completed. Batch loss: species=5.7470, genus=4.8048, subfamily=3.6992, total=5.2596.
2026-06-04 19:29:47,497 - INFO - 11600/13213, 87.79% completed. Batch loss: species=6.0783, genus=4.7150, subfamily=3.3080, total=5.3923.
2026-06-04 19:30:16,260 - INFO - 11700/13213, 88.55% completed. Batch loss: species=5.3824, genus=4.3880, subfamily=3.5962, total=4.9055.
2026-06-04 19:30:46,457 - INFO - 11800/13213, 89.31% completed. Batch loss: species=5.9766, genus=4.9231, subfamily=3.9146, total=5.4544.
2026-06-04 19:31:13,639 - INFO - 11900/13213, 90.06% completed. Batch loss: species=5.2632, genus=4.4918, subfamily=3.8649, total=4.8920.
2026-06-04 19:31:41,982 - INFO - 12000/13213, 90.82% completed. Batch loss: species=5.8988, genus=5.1101, subfamily=4.0270, total=5.4750.
2026-06-04 19:32:09,421 - INFO - 12100/13213, 91.58% completed. Batch loss: species=5.8374, genus=4.6790, subfamily=4.0245, total=5.3086.
2026-06-04 19:32:37,900 - INFO - 12200/13213, 92.33% completed. Batch loss: species=6.0830, genus=4.5156, subfamily=3.9905, total=5.4035.
2026-06-04 19:33:05,643 - INFO - 12300/13213, 93.09% completed. Batch loss: species=5.6855, genus=4.5929, subfamily=3.2287, total=5.1120.
2026-06-04 19:33:34,862 - INFO - 12400/13213, 93.85% completed. Batch loss: species=5.8990, genus=5.1859, subfamily=4.6226, total=5.5574.
2026-06-04 19:34:03,261 - INFO - 12500/13213, 94.60% completed. Batch loss: species=5.8607, genus=5.0341, subfamily=4.1208, total=5.4387.
2026-06-04 19:34:29,593 - INFO - 12600/13213, 95.36% completed. Batch loss: species=6.4710, genus=5.3067, subfamily=5.7048, total=6.0451.
2026-06-04 19:35:00,206 - INFO - 12700/13213, 96.12% completed. Batch loss: species=5.5020, genus=4.2079, subfamily=3.1213, total=4.8757.
2026-06-04 19:35:27,703 - INFO - 12800/13213, 96.87% completed. Batch loss: species=5.7674, genus=4.2554, subfamily=2.9657, total=5.0336.
2026-06-04 19:35:56,239 - INFO - 12900/13213, 97.63% completed. Batch loss: species=5.9194, genus=5.2951, subfamily=4.3210, total=5.5723.
2026-06-04 19:36:25,294 - INFO - 13000/13213, 98.39% completed. Batch loss: species=5.2344, genus=4.0161, subfamily=3.2930, total=4.6748.
2026-06-04 19:36:52,735 - INFO - 13100/13213, 99.14% completed. Batch loss: species=5.7572, genus=4.4889, subfamily=3.3009, total=5.1311.
2026-06-04 19:37:19,862 - INFO - 13200/13213, 99.90% completed. Batch loss: species=5.8377, genus=4.8019, subfamily=3.6664, total=5.3098.
2026-06-04 19:37:22,711 - INFO - Epoch 0 train — species=6.2640, genus=5.2092, subfamily=4.2225, total=5.7434
2026-06-04 19:38:03,643 - INFO - Epoch 0 val loss: 6.0364
2026-06-04 19:38:53,549 - INFO - Checkpoint saved → /home/frogonarock/PycharmProjects/WhatsThisFish/whatsthatfish/src/whatsthatfish/runs/classification/20260604_183523_classification/last.pt
2026-06-04 19:38:53,766 - INFO - Checkpoint saved → /home/frogonarock/PycharmProjects/WhatsThisFish/whatsthatfish/src/whatsthatfish/runs/classification/20260604_183523_classification/best.pt
2026-06-04 19:38:53,766 - INFO - Epoch 0 finished in 3808.3s
2026-06-04 19:38:53,766 - INFO - Beginning epoch 1. Total elapsed: 3808.3s
2026-06-04 19:38:58,652 - INFO - 0/13213, 0.00% completed. Batch loss: species=5.6728, genus=3.8831, subfamily=3.6749, total=4.9361.
2026-06-04 19:39:28,205 - INFO - 100/13213, 0.76% completed. Batch loss: species=5.5033, genus=5.3588, subfamily=3.8238, total=5.2920.
2026-06-04 19:39:57,224 - INFO - 200/13213, 1.51% completed. Batch loss: species=5.9160, genus=4.5521, subfamily=3.5716, total=5.2724.
2026-06-04 19:40:26,540 - INFO - 300/13213, 2.27% completed. Batch loss: species=5.7443, genus=5.2088, subfamily=3.9720, total=5.4064.
2026-06-04 19:40:54,751 - INFO - 400/13213, 3.03% completed. Batch loss: species=6.1406, genus=5.2919, subfamily=4.0147, total=5.6734.
2026-06-04 19:41:22,852 - INFO - 500/13213, 3.78% completed. Batch loss: species=5.7513, genus=5.0258, subfamily=4.2036, total=5.3789.
2026-06-04 19:41:51,583 - INFO - 600/13213, 4.54% completed. Batch loss: species=5.6795, genus=4.2537, subfamily=4.1128, total=5.0951.
2026-06-04 19:42:19,991 - INFO - 700/13213, 5.30% completed. Batch loss: species=5.6663, genus=4.4496, subfamily=3.4429, total=5.0790.
2026-06-04 19:42:49,362 - INFO - 800/13213, 6.05% completed. Batch loss: species=5.5559, genus=4.6601, subfamily=3.8512, total=5.1167.
2026-06-04 19:43:16,327 - INFO - 900/13213, 6.81% completed. Batch loss: species=5.6685, genus=4.6090, subfamily=3.6086, total=5.1447.
2026-06-04 19:43:44,059 - INFO - 1000/13213, 7.57% completed. Batch loss: species=5.9663, genus=4.3514, subfamily=3.8639, total=5.2716.
2026-06-04 19:44:13,589 - INFO - 1100/13213, 8.33% completed. Batch loss: species=5.4511, genus=4.9829, subfamily=3.5805, total=5.1236.
2026-06-04 19:44:41,548 - INFO - 1200/13213, 9.08% completed. Batch loss: species=5.8211, genus=4.8419, subfamily=4.1411, total=5.3594.
2026-06-04 19:45:09,001 - INFO - 1300/13213, 9.84% completed. Batch loss: species=5.9545, genus=4.5525, subfamily=3.7452, total=5.3129.
2026-06-04 19:45:38,328 - INFO - 1400/13213, 10.60% completed. Batch loss: species=5.4442, genus=4.2465, subfamily=3.6779, total=4.9082.
2026-06-04 19:46:08,142 - INFO - 1500/13213, 11.35% completed. Batch loss: species=5.8214, genus=4.7080, subfamily=3.8357, total=5.2888.
2026-06-04 19:46:35,938 - INFO - 1600/13213, 12.11% completed. Batch loss: species=5.3568, genus=3.8636, subfamily=3.3060, total=4.7038.
2026-06-04 19:47:04,324 - INFO - 1700/13213, 12.87% completed. Batch loss: species=5.2108, genus=3.7263, subfamily=2.8272, total=4.5271.
2026-06-04 19:47:34,226 - INFO - 1800/13213, 13.62% completed. Batch loss: species=5.6503, genus=4.9012, subfamily=3.7311, total=5.2336.
2026-06-04 19:48:01,659 - INFO - 1900/13213, 14.38% completed. Batch loss: species=5.0213, genus=3.5648, subfamily=1.9174, total=4.2740.
2026-06-04 19:48:28,766 - INFO - 2000/13213, 15.14% completed. Batch loss: species=5.7605, genus=4.8893, subfamily=3.3977, total=5.2629.
2026-06-04 19:48:56,582 - INFO - 2100/13213, 15.89% completed. Batch loss: species=6.1740, genus=5.1586, subfamily=4.5392, total=5.7059.
2026-06-04 19:49:24,582 - INFO - 2200/13213, 16.65% completed. Batch loss: species=5.3628, genus=4.5468, subfamily=3.0192, total=4.8836.
2026-06-04 19:49:53,029 - INFO - 2300/13213, 17.41% completed. Batch loss: species=6.2115, genus=4.7212, subfamily=4.3541, total=5.5786.
2026-06-04 19:50:20,637 - INFO - 2400/13213, 18.16% completed. Batch loss: species=5.4733, genus=4.6234, subfamily=3.8720, total=5.0582.
2026-06-04 19:50:50,811 - INFO - 2500/13213, 18.92% completed. Batch loss: species=5.2963, genus=4.2539, subfamily=3.4235, total=4.7963.
2026-06-04 19:51:16,899 - INFO - 2600/13213, 19.68% completed. Batch loss: species=5.3831, genus=5.0809, subfamily=3.6280, total=5.1169.
2026-06-04 19:51:46,192 - INFO - 2700/13213, 20.43% completed. Batch loss: species=5.4045, genus=4.2017, subfamily=2.9675, total=4.8000.
2026-06-04 19:52:13,837 - INFO - 2800/13213, 21.19% completed. Batch loss: species=5.7248, genus=4.9513, subfamily=3.4236, total=5.2626.
2026-06-04 19:52:40,559 - INFO - 2900/13213, 21.95% completed. Batch loss: species=5.8436, genus=5.0082, subfamily=4.4122, total=5.4499.
2026-06-04 19:53:09,758 - INFO - 3000/13213, 22.70% completed. Batch loss: species=5.2295, genus=4.2340, subfamily=3.0237, total=4.7102.
2026-06-04 19:53:37,015 - INFO - 3100/13213, 23.46% completed. Batch loss: species=5.5393, genus=3.8895, subfamily=3.6690, total=4.8573.
2026-06-04 19:54:07,756 - INFO - 3200/13213, 24.22% completed. Batch loss: species=5.7412, genus=5.5524, subfamily=3.7474, total=5.4852.
2026-06-04 19:54:36,139 - INFO - 3300/13213, 24.98% completed. Batch loss: species=5.0410, genus=3.3709, subfamily=2.9651, total=4.3324.
2026-06-04 19:55:05,506 - INFO - 3400/13213, 25.73% completed. Batch loss: species=5.8475, genus=4.9082, subfamily=3.5642, total=5.3374.
2026-06-04 19:55:33,480 - INFO - 3500/13213, 26.49% completed. Batch loss: species=5.1771, genus=4.5597, subfamily=3.8299, total=4.8572.
2026-06-04 19:56:01,406 - INFO - 3600/13213, 27.25% completed. Batch loss: species=5.5486, genus=4.7901, subfamily=3.1958, total=5.0858.
2026-06-04 19:56:31,554 - INFO - 3700/13213, 28.00% completed. Batch loss: species=5.8134, genus=4.7197, subfamily=3.7597, total=5.2799.
2026-06-04 19:56:59,820 - INFO - 3800/13213, 28.76% completed. Batch loss: species=5.2645, genus=4.3043, subfamily=4.0117, total=4.8512.
2026-06-04 19:57:27,332 - INFO - 3900/13213, 29.52% completed. Batch loss: species=6.0963, genus=5.2797, subfamily=3.5333, total=5.5950.
2026-06-04 19:57:55,961 - INFO - 4000/13213, 30.27% completed. Batch loss: species=5.7759, genus=5.3559, subfamily=4.5931, total=5.5316.
2026-06-04 19:58:24,897 - INFO - 4100/13213, 31.03% completed. Batch loss: species=5.7066, genus=5.1850, subfamily=4.6966, total=5.4491.
2026-06-04 19:58:53,639 - INFO - 4200/13213, 31.79% completed. Batch loss: species=5.6537, genus=5.0029, subfamily=4.6426, total=5.3574.
2026-06-04 19:59:21,815 - INFO - 4300/13213, 32.54% completed. Batch loss: species=5.8195, genus=5.0807, subfamily=4.1500, total=5.4309.
2026-06-04 19:59:51,150 - INFO - 4400/13213, 33.30% completed. Batch loss: species=5.3804, genus=5.2592, subfamily=3.5002, total=5.1560.
2026-06-04 20:00:20,137 - INFO - 4500/13213, 34.06% completed. Batch loss: species=5.4280, genus=3.9466, subfamily=3.1888, total=4.7596.
2026-06-04 20:00:49,159 - INFO - 4600/13213, 34.81% completed. Batch loss: species=5.1078, genus=4.0643, subfamily=3.5261, total=4.6365.
2026-06-04 20:01:18,518 - INFO - 4700/13213, 35.57% completed. Batch loss: species=5.1317, genus=4.3882, subfamily=3.5935, total=4.7548.
2026-06-04 20:01:48,521 - INFO - 4800/13213, 36.33% completed. Batch loss: species=4.7722, genus=3.8880, subfamily=3.4180, total=4.3715.
2026-06-04 20:02:17,268 - INFO - 4900/13213, 37.08% completed. Batch loss: species=5.2703, genus=4.7446, subfamily=4.6443, total=5.0500.
2026-06-04 20:02:45,282 - INFO - 5000/13213, 37.84% completed. Batch loss: species=5.6107, genus=4.9117, subfamily=3.3146, total=5.1714.
2026-06-04 20:03:15,538 - INFO - 5100/13213, 38.60% completed. Batch loss: species=5.3913, genus=4.1296, subfamily=2.9345, total=4.7671.
2026-06-04 20:03:43,314 - INFO - 5200/13213, 39.36% completed. Batch loss: species=5.1167, genus=4.2173, subfamily=3.4941, total=4.6846.
2026-06-04 20:04:12,952 - INFO - 5300/13213, 40.11% completed. Batch loss: species=5.3168, genus=5.0022, subfamily=4.3110, total=5.1218.
2026-06-04 20:04:42,548 - INFO - 5400/13213, 40.87% completed. Batch loss: species=5.9928, genus=4.9235, subfamily=4.1301, total=5.4858.
2026-06-04 20:05:10,325 - INFO - 5500/13213, 41.63% completed. Batch loss: species=5.6281, genus=3.9372, subfamily=3.7271, total=4.9307.
2026-06-04 20:05:39,192 - INFO - 5600/13213, 42.38% completed. Batch loss: species=5.0800, genus=3.9733, subfamily=3.6823, total=4.6082.
2026-06-04 20:06:08,257 - INFO - 5700/13213, 43.14% completed. Batch loss: species=6.1977, genus=6.1370, subfamily=3.7749, total=5.9372.
2026-06-04 20:06:35,711 - INFO - 5800/13213, 43.90% completed. Batch loss: species=5.0307, genus=3.5058, subfamily=3.0975, total=4.3799.
2026-06-04 20:07:04,312 - INFO - 5900/13213, 44.65% completed. Batch loss: species=5.1193, genus=4.1693, subfamily=3.3782, total=4.6602.
2026-06-04 20:07:36,201 - INFO - 6000/13213, 45.41% completed. Batch loss: species=5.1501, genus=4.2880, subfamily=2.9320, total=4.6696.
2026-06-04 20:08:04,466 - INFO - 6100/13213, 46.17% completed. Batch loss: species=5.4435, genus=5.4143, subfamily=3.5628, total=5.2466.
2026-06-04 20:08:31,775 - INFO - 6200/13213, 46.92% completed. Batch loss: species=6.5772, genus=5.7682, subfamily=3.2734, total=6.0041.
2026-06-04 20:08:59,653 - INFO - 6300/13213, 47.68% completed. Batch loss: species=5.2580, genus=4.4303, subfamily=3.4416, total=4.8281.
2026-06-04 20:09:28,253 - INFO - 6400/13213, 48.44% completed. Batch loss: species=5.2605, genus=3.7690, subfamily=3.1955, total=4.6065.
2026-06-04 20:09:56,275 - INFO - 6500/13213, 49.19% completed. Batch loss: species=5.6352, genus=4.6793, subfamily=3.7421, total=5.1591.
2026-06-04 20:10:25,332 - INFO - 6600/13213, 49.95% completed. Batch loss: species=5.2684, genus=4.4351, subfamily=3.5585, total=4.8474.
2026-06-04 20:10:52,698 - INFO - 6700/13213, 50.71% completed. Batch loss: species=5.2556, genus=3.6828, subfamily=3.0679, total=4.5650.
2026-06-04 20:11:20,790 - INFO - 6800/13213, 51.46% completed. Batch loss: species=5.4618, genus=4.3588, subfamily=2.8612, total=4.8708.
2026-06-04 20:11:48,246 - INFO - 6900/13213, 52.22% completed. Batch loss: species=5.9255, genus=4.8764, subfamily=3.9277, total=5.4110.
2026-06-04 20:12:15,607 - INFO - 7000/13213, 52.98% completed. Batch loss: species=5.1770, genus=4.7137, subfamily=3.5005, total=4.8703.
2026-06-04 20:12:44,805 - INFO - 7100/13213, 53.73% completed. Batch loss: species=4.7741, genus=3.6129, subfamily=2.6856, total=4.2169.
2026-06-04 20:13:13,254 - INFO - 7200/13213, 54.49% completed. Batch loss: species=5.8775, genus=5.2243, subfamily=4.0014, total=5.4939.
2026-06-04 20:13:39,864 - INFO - 7300/13213, 55.25% completed. Batch loss: species=4.9968, genus=3.5354, subfamily=3.3716, total=4.3958.
2026-06-04 20:14:07,618 - INFO - 7400/13213, 56.01% completed. Batch loss: species=5.3690, genus=4.0001, subfamily=3.5780, total=4.7793.
2026-06-04 20:14:34,829 - INFO - 7500/13213, 56.76% completed. Batch loss: species=4.7896, genus=3.9952, subfamily=3.2975, total=4.4021.
2026-06-04 20:15:03,064 - INFO - 7600/13213, 57.52% completed. Batch loss: species=5.2493, genus=4.2994, subfamily=3.9911, total=4.8385.
2026-06-04 20:15:32,005 - INFO - 7700/13213, 58.28% completed. Batch loss: species=5.5507, genus=4.7095, subfamily=3.9851, total=5.1418.
2026-06-04 20:16:00,299 - INFO - 7800/13213, 59.03% completed. Batch loss: species=5.1873, genus=4.5584, subfamily=3.9460, total=4.8745.
2026-06-04 20:16:28,752 - INFO - 7900/13213, 59.79% completed. Batch loss: species=5.3845, genus=3.7244, subfamily=3.0022, total=4.6482.
2026-06-04 20:16:57,583 - INFO - 8000/13213, 60.55% completed. Batch loss: species=5.0937, genus=4.1864, subfamily=3.9541, total=4.7075.
2026-06-04 20:17:24,646 - INFO - 8100/13213, 61.30% completed. Batch loss: species=5.0068, genus=3.7356, subfamily=2.8957, total=4.4144.
2026-06-04 20:17:54,111 - INFO - 8200/13213, 62.06% completed. Batch loss: species=5.4398, genus=5.1639, subfamily=4.0827, total=5.2213.
2026-06-04 20:18:21,659 - INFO - 8300/13213, 62.82% completed. Batch loss: species=5.3863, genus=4.5732, subfamily=3.6179, total=4.9655.
2026-06-04 20:18:47,773 - INFO - 8400/13213, 63.57% completed. Batch loss: species=5.2655, genus=4.4893, subfamily=3.3738, total=4.8435.
2026-06-04 20:19:17,797 - INFO - 8500/13213, 64.33% completed. Batch loss: species=4.7863, genus=3.7841, subfamily=2.4854, total=4.2555.
2026-06-04 20:19:45,924 - INFO - 8600/13213, 65.09% completed. Batch loss: species=5.0958, genus=3.9123, subfamily=4.1470, total=4.6458.
2026-06-04 20:20:13,593 - INFO - 8700/13213, 65.84% completed. Batch loss: species=5.3549, genus=4.5893, subfamily=3.8643, total=4.9762.
2026-06-04 20:20:40,786 - INFO - 8800/13213, 66.60% completed. Batch loss: species=4.7934, genus=4.5023, subfamily=4.1386, total=4.6406.
2026-06-04 20:21:11,044 - INFO - 8900/13213, 67.36% completed. Batch loss: species=5.8993, genus=5.8063, subfamily=4.6466, total=5.7461.
2026-06-04 20:21:36,657 - INFO - 9000/13213, 68.11% completed. Batch loss: species=4.6841, genus=3.2171, subfamily=2.0054, total=3.9761.
2026-06-04 20:22:07,184 - INFO - 9100/13213, 68.87% completed. Batch loss: species=4.4915, genus=3.7485, subfamily=3.9580, total=4.2153.
2026-06-04 20:22:34,377 - INFO - 9200/13213, 69.63% completed. Batch loss: species=5.2956, genus=4.9988, subfamily=3.6014, total=5.0371.
2026-06-04 20:23:03,188 - INFO - 9300/13213, 70.39% completed. Batch loss: species=5.0732, genus=4.0479, subfamily=3.0724, total=4.5655.
2026-06-04 20:23:31,337 - INFO - 9400/13213, 71.14% completed. Batch loss: species=5.5531, genus=4.3347, subfamily=3.7270, total=5.0049.
2026-06-04 20:23:59,686 - INFO - 9500/13213, 71.90% completed. Batch loss: species=5.2620, genus=3.9412, subfamily=3.5663, total=4.6962.
2026-06-04 20:24:26,079 - INFO - 9600/13213, 72.66% completed. Batch loss: species=4.8162, genus=5.0445, subfamily=3.5797, total=4.7610.
2026-06-04 20:24:55,462 - INFO - 9700/13213, 73.41% completed. Batch loss: species=5.5727, genus=4.2252, subfamily=2.8896, total=4.9001.
2026-06-04 20:25:25,465 - INFO - 9800/13213, 74.17% completed. Batch loss: species=5.7998, genus=5.0380, subfamily=4.2898, total=5.4202.
2026-06-04 20:25:53,497 - INFO - 9900/13213, 74.93% completed. Batch loss: species=5.5582, genus=3.8799, subfamily=2.9033, total=4.7893.
2026-06-04 20:26:23,189 - INFO - 10000/13213, 75.68% completed. Batch loss: species=6.0197, genus=4.8436, subfamily=3.9717, total=5.4621.
2026-06-04 20:26:50,604 - INFO - 10100/13213, 76.44% completed. Batch loss: species=4.9543, genus=3.8341, subfamily=3.7611, total=4.4989.
2026-06-04 20:27:21,889 - INFO - 10200/13213, 77.20% completed. Batch loss: species=4.6068, genus=3.8781, subfamily=3.5928, total=4.2868.
2026-06-04 20:27:50,784 - INFO - 10300/13213, 77.95% completed. Batch loss: species=5.3390, genus=4.2334, subfamily=2.9237, total=4.7658.
2026-06-04 20:28:19,855 - INFO - 10400/13213, 78.71% completed. Batch loss: species=5.2560, genus=3.4184, subfamily=3.4696, total=4.5261.
2026-06-04 20:28:48,995 - INFO - 10500/13213, 79.47% completed. Batch loss: species=5.0690, genus=3.4632, subfamily=2.9886, total=4.3792.
2026-06-04 20:29:15,773 - INFO - 10600/13213, 80.22% completed. Batch loss: species=4.5833, genus=3.7380, subfamily=1.7630, total=4.0477.
2026-06-04 20:29:46,154 - INFO - 10700/13213, 80.98% completed. Batch loss: species=4.9325, genus=3.5969, subfamily=2.5387, total=4.2924.
2026-06-04 20:30:15,193 - INFO - 10800/13213, 81.74% completed. Batch loss: species=5.7053, genus=4.8275, subfamily=3.6514, total=5.2366.
2026-06-04 20:30:42,218 - INFO - 10900/13213, 82.49% completed. Batch loss: species=5.3632, genus=4.4975, subfamily=3.4512, total=4.9123.
2026-06-04 20:31:10,602 - INFO - 11000/13213, 83.25% completed. Batch loss: species=4.8533, genus=3.7991, subfamily=2.7968, total=4.3314.
2026-06-04 20:31:41,109 - INFO - 11100/13213, 84.01% completed. Batch loss: species=4.6246, genus=4.1474, subfamily=3.5932, total=4.3783.
2026-06-04 20:32:09,743 - INFO - 11200/13213, 84.77% completed. Batch loss: species=5.1652, genus=4.1960, subfamily=3.8358, total=4.7415.
2026-06-04 20:32:39,295 - INFO - 11300/13213, 85.52% completed. Batch loss: species=5.6866, genus=5.4905, subfamily=4.2179, total=5.4809.
2026-06-04 20:33:07,770 - INFO - 11400/13213, 86.28% completed. Batch loss: species=4.8424, genus=3.8310, subfamily=3.0165, total=4.3564.
2026-06-04 20:33:35,962 - INFO - 11500/13213, 87.04% completed. Batch loss: species=4.4563, genus=3.6812, subfamily=3.2403, total=4.1022.
2026-06-04 20:34:03,119 - INFO - 11600/13213, 87.79% completed. Batch loss: species=4.5357, genus=3.9372, subfamily=3.5686, total=4.2595.
2026-06-04 20:34:30,804 - INFO - 11700/13213, 88.55% completed. Batch loss: species=4.0601, genus=3.5965, subfamily=3.1759, total=3.8326.
2026-06-04 20:35:00,187 - INFO - 11800/13213, 89.31% completed. Batch loss: species=4.6683, genus=3.9178, subfamily=3.0877, total=4.2851.
2026-06-04 20:35:30,257 - INFO - 11900/13213, 90.06% completed. Batch loss: species=4.5918, genus=4.0876, subfamily=3.5088, total=4.3322.
2026-06-04 20:35:59,054 - INFO - 12000/13213, 90.82% completed. Batch loss: species=5.0527, genus=3.9123, subfamily=3.7445, total=4.5798.
2026-06-04 20:36:27,129 - INFO - 12100/13213, 91.58% completed. Batch loss: species=4.5421, genus=4.6254, subfamily=3.8721, total=4.5001.
2026-06-04 20:36:56,691 - INFO - 12200/13213, 92.33% completed. Batch loss: species=5.3523, genus=4.8130, subfamily=3.9384, total=5.0491.
2026-06-04 20:37:24,555 - INFO - 12300/13213, 93.09% completed. Batch loss: species=4.8013, genus=3.7706, subfamily=3.2906, total=4.3410.
2026-06-04 20:37:53,329 - INFO - 12400/13213, 93.85% completed. Batch loss: species=5.3193, genus=4.7861, subfamily=3.0176, total=4.9292.
2026-06-04 20:38:22,290 - INFO - 12500/13213, 94.60% completed. Batch loss: species=4.8041, genus=4.5260, subfamily=4.0979, total=4.6500.
2026-06-05 10:52:19,090 - INFO - Beginning epoch 0. Total elapsed: 0.0s
2026-06-05 10:52:50,362 - INFO - Beginning epoch 0. Total elapsed: 0.0s
2026-06-05 10:52:56,439 - INFO - 0/12232, 0.00% completed. Batch loss: species=7.9570, genus=7.7123, subfamily=9.6309, total=8.0510.
2026-06-05 10:53:11,795 - INFO - 100/12232, 0.82% completed. Batch loss: species=7.1701, genus=6.9177, subfamily=9.2387, total=7.3012.
2026-06-05 10:53:28,899 - INFO - 200/12232, 1.64% completed. Batch loss: species=6.8498, genus=6.5086, subfamily=7.3625, total=6.7987.
2026-06-08 15:24:41,829 - INFO - Beginning epoch 0. Total elapsed: 0.0s
2026-06-08 15:24:59,163 - INFO - Beginning epoch 0. Total elapsed: 0.0s
2026-06-08 15:25:05,199 - INFO - 0/12232, 0.00% completed. Batch loss: species=7.3605, genus=7.5551, subfamily=7.3678, total=7.4196.
2026-06-08 15:25:20,405 - INFO - 100/12232, 0.82% completed. Batch loss: species=7.1785, genus=7.6616, subfamily=12.2489, total=7.8305.
2026-06-08 15:25:36,396 - INFO - 200/12232, 1.64% completed. Batch loss: species=7.1725, genus=6.5360, subfamily=6.9862, total=6.9629.
2026-06-08 15:25:52,903 - INFO - 300/12232, 2.45% completed. Batch loss: species=6.8731, genus=6.9317, subfamily=9.6669, total=7.1701.
2026-06-08 15:26:08,511 - INFO - 400/12232, 3.27% completed. Batch loss: species=6.9151, genus=6.3184, subfamily=5.8583, total=6.6304.
2026-06-08 15:26:24,901 - INFO - 500/12232, 4.09% completed. Batch loss: species=6.9780, genus=6.8117, subfamily=7.3478, total=6.9651.
2026-06-08 15:26:40,527 - INFO - 600/12232, 4.91% completed. Batch loss: species=6.8608, genus=6.7501, subfamily=5.8791, total=6.7294.
2026-06-08 15:26:57,131 - INFO - 700/12232, 5.72% completed. Batch loss: species=6.8597, genus=6.6181, subfamily=10.9693, total=7.1982.
2026-06-08 15:27:13,904 - INFO - 800/12232, 6.54% completed. Batch loss: species=6.7305, genus=7.1791, subfamily=6.2826, total=6.8203.
2026-06-08 15:27:29,333 - INFO - 900/12232, 7.36% completed. Batch loss: species=6.8041, genus=6.7206, subfamily=8.3266, total=6.9313.
2026-06-08 15:27:46,133 - INFO - 1000/12232, 8.18% completed. Batch loss: species=6.7982, genus=6.7220, subfamily=7.0659, total=6.8021.
2026-06-08 15:28:02,541 - INFO - 1100/12232, 8.99% completed. Batch loss: species=6.7264, genus=6.9309, subfamily=11.4072, total=7.2558.
2026-06-08 15:28:17,647 - INFO - 1200/12232, 9.81% completed. Batch loss: species=6.6871, genus=6.5658, subfamily=6.9575, total=6.6778.
2026-06-08 15:28:34,294 - INFO - 1300/12232, 10.63% completed. Batch loss: species=6.6344, genus=6.4853, subfamily=6.9211, total=6.6184.
2026-06-08 15:28:49,699 - INFO - 1400/12232, 11.45% completed. Batch loss: species=6.6525, genus=6.6115, subfamily=5.7963, total=6.5546.
2026-06-08 15:29:05,167 - INFO - 1500/12232, 12.26% completed. Batch loss: species=6.7784, genus=7.3438, subfamily=9.0291, total=7.1731.
2026-06-08 15:29:21,261 - INFO - 1600/12232, 13.08% completed. Batch loss: species=6.5648, genus=8.1359, subfamily=12.8868, total=7.6683.
2026-06-08 15:29:37,969 - INFO - 1700/12232, 13.90% completed. Batch loss: species=6.7167, genus=6.1872, subfamily=5.5567, total=6.4419.
2026-06-08 15:29:53,602 - INFO - 1800/12232, 14.72% completed. Batch loss: species=6.7028, genus=6.2676, subfamily=7.4860, total=6.6506.
2026-06-08 15:30:09,673 - INFO - 1900/12232, 15.53% completed. Batch loss: species=6.8371, genus=7.2644, subfamily=8.9646, total=7.1781.
2026-06-08 15:30:25,409 - INFO - 2000/12232, 16.35% completed. Batch loss: species=6.5362, genus=6.3692, subfamily=9.9383, total=6.8263.
2026-06-08 15:30:41,224 - INFO - 2100/12232, 17.17% completed. Batch loss: species=6.7277, genus=7.5413, subfamily=6.4294, total=6.9420.
2026-06-08 15:30:58,240 - INFO - 2200/12232, 17.99% completed. Batch loss: species=6.6697, genus=7.0264, subfamily=8.6465, total=6.9744.
2026-06-08 15:31:35,227 - INFO - 2300/12232, 18.80% completed. Batch loss: species=6.5227, genus=6.3720, subfamily=6.3673, total=6.4619.
2026-06-08 15:31:51,571 - INFO - 2400/12232, 19.62% completed. Batch loss: species=6.6704, genus=6.7195, subfamily=6.6254, total=6.6806.
2026-06-08 15:32:08,072 - INFO - 2500/12232, 20.44% completed. Batch loss: species=6.5986, genus=6.4086, subfamily=8.7855, total=6.7603.
2026-06-08 15:32:23,363 - INFO - 2600/12232, 21.26% completed. Batch loss: species=6.5644, genus=6.0467, subfamily=6.9043, total=6.4430.
2026-06-08 15:32:39,379 - INFO - 2700/12232, 22.07% completed. Batch loss: species=6.5662, genus=6.7598, subfamily=8.8943, total=6.8571.
2026-06-08 15:32:55,290 - INFO - 2800/12232, 22.89% completed. Batch loss: species=6.6127, genus=6.5927, subfamily=7.2102, total=6.6665.
2026-06-08 15:33:11,250 - INFO - 2900/12232, 23.71% completed. Batch loss: species=6.5240, genus=6.9537, subfamily=8.4725, total=6.8477.
2026-06-08 15:33:26,806 - INFO - 3000/12232, 24.53% completed. Batch loss: species=6.2940, genus=6.6112, subfamily=6.4873, total=6.4085.
2026-06-08 15:33:44,126 - INFO - 3100/12232, 25.34% completed. Batch loss: species=6.6259, genus=7.2520, subfamily=9.2795, total=7.0791.
2026-06-08 15:33:59,216 - INFO - 3200/12232, 26.16% completed. Batch loss: species=6.6399, genus=7.7895, subfamily=9.9816, total=7.3190.
2026-06-08 15:34:15,462 - INFO - 3300/12232, 26.98% completed. Batch loss: species=6.3989, genus=7.0594, subfamily=12.0788, total=7.1650.
2026-06-08 15:34:30,469 - INFO - 3400/12232, 27.80% completed. Batch loss: species=6.3337, genus=6.8133, subfamily=7.9769, total=6.6419.
2026-06-08 15:34:47,381 - INFO - 3500/12232, 28.61% completed. Batch loss: species=6.6064, genus=7.0177, subfamily=8.6809, total=6.9372.
2026-06-08 15:35:03,505 - INFO - 3600/12232, 29.43% completed. Batch loss: species=6.4644, genus=6.5413, subfamily=7.7216, total=6.6132.
2026-06-08 15:35:18,905 - INFO - 3700/12232, 30.25% completed. Batch loss: species=6.4486, genus=6.8016, subfamily=11.5892, total=7.0685.
2026-06-08 15:35:34,417 - INFO - 3800/12232, 31.07% completed. Batch loss: species=6.4485, genus=6.8255, subfamily=9.1659, total=6.8333.
2026-06-08 15:35:50,618 - INFO - 3900/12232, 31.88% completed. Batch loss: species=6.3207, genus=6.4969, subfamily=7.5431, total=6.4958.
2026-06-08 15:36:07,456 - INFO - 4000/12232, 32.70% completed. Batch loss: species=6.1567, genus=6.0989, subfamily=6.5806, total=6.1818.
2026-06-08 15:36:23,131 - INFO - 4100/12232, 33.52% completed. Batch loss: species=6.3122, genus=6.2176, subfamily=8.5916, total=6.5117.
2026-06-08 15:36:38,734 - INFO - 4200/12232, 34.34% completed. Batch loss: species=6.3964, genus=7.2035, subfamily=6.8909, total=6.6880.
2026-06-08 15:36:54,851 - INFO - 4300/12232, 35.15% completed. Batch loss: species=6.3432, genus=5.8721, subfamily=6.1369, total=6.1812.
2026-06-08 15:37:10,942 - INFO - 4400/12232, 35.97% completed. Batch loss: species=5.9952, genus=5.4853, subfamily=6.2835, total=5.8711.
2026-06-08 15:37:28,066 - INFO - 4500/12232, 36.79% completed. Batch loss: species=6.2347, genus=6.6460, subfamily=11.2179, total=6.8564.
2026-06-08 15:37:43,302 - INFO - 4600/12232, 37.61% completed. Batch loss: species=6.0952, genus=5.9538, subfamily=7.4787, total=6.1911.
2026-06-08 15:37:58,347 - INFO - 4700/12232, 38.42% completed. Batch loss: species=6.0539, genus=6.2225, subfamily=7.6447, total=6.2636.
2026-06-08 15:38:15,260 - INFO - 4800/12232, 39.24% completed. Batch loss: species=5.8730, genus=6.2924, subfamily=6.3823, total=6.0498.
2026-06-08 15:38:30,982 - INFO - 4900/12232, 40.06% completed. Batch loss: species=5.8100, genus=7.9249, subfamily=10.1791, total=6.8814.
2026-06-08 15:38:46,774 - INFO - 5000/12232, 40.88% completed. Batch loss: species=6.0863, genus=6.8191, subfamily=8.9732, total=6.5948.
2026-06-08 15:39:03,818 - INFO - 5100/12232, 41.69% completed. Batch loss: species=6.1240, genus=5.6232, subfamily=11.1999, total=6.4814.
2026-06-08 15:39:18,978 - INFO - 5200/12232, 42.51% completed. Batch loss: species=6.2496, genus=5.5568, subfamily=5.2482, total=5.9416.
2026-06-08 15:39:34,807 - INFO - 5300/12232, 43.33% completed. Batch loss: species=6.1499, genus=5.9138, subfamily=7.7912, total=6.2432.
2026-06-08 15:39:50,537 - INFO - 5400/12232, 44.15% completed. Batch loss: species=6.2104, genus=5.1495, subfamily=5.1480, total=5.7859.
2026-06-08 15:40:06,152 - INFO - 5500/12232, 44.96% completed. Batch loss: species=5.9726, genus=5.6533, subfamily=9.6218, total=6.2417.
2026-06-08 15:40:22,688 - INFO - 5600/12232, 45.78% completed. Batch loss: species=5.7375, genus=6.0179, subfamily=7.5734, total=6.0052.
2026-06-08 15:40:38,912 - INFO - 5700/12232, 46.60% completed. Batch loss: species=5.8388, genus=5.6268, subfamily=6.6679, total=5.8581.
2026-06-08 15:40:54,987 - INFO - 5800/12232, 47.42% completed. Batch loss: species=5.7327, genus=5.4185, subfamily=4.2980, total=5.4950.
2026-06-08 15:41:11,212 - INFO - 5900/12232, 48.23% completed. Batch loss: species=6.1860, genus=5.5546, subfamily=6.9907, total=6.0771.
2026-06-08 15:41:26,476 - INFO - 6000/12232, 49.05% completed. Batch loss: species=6.1568, genus=6.6766, subfamily=12.3776, total=6.9348.
2026-06-08 15:41:42,546 - INFO - 6100/12232, 49.87% completed. Batch loss: species=5.6298, genus=6.5132, subfamily=9.5852, total=6.2903.
2026-06-08 15:41:58,745 - INFO - 6200/12232, 50.69% completed. Batch loss: species=6.1681, genus=6.0416, subfamily=5.4606, total=6.0594.
2026-06-08 15:42:15,565 - INFO - 6300/12232, 51.50% completed. Batch loss: species=5.9118, genus=6.0447, subfamily=9.2473, total=6.2853.
2026-06-08 15:42:31,475 - INFO - 6400/12232, 52.32% completed. Batch loss: species=5.9172, genus=5.9040, subfamily=5.2424, total=5.8458.
2026-06-08 15:42:47,747 - INFO - 6500/12232, 53.14% completed. Batch loss: species=5.3741, genus=5.3760, subfamily=6.0241, total=5.4397.
2026-06-08 15:43:03,049 - INFO - 6600/12232, 53.96% completed. Batch loss: species=6.0927, genus=6.5570, subfamily=11.2844, total=6.7512.
2026-06-08 15:43:18,980 - INFO - 6700/12232, 54.77% completed. Batch loss: species=5.1961, genus=4.8431, subfamily=5.8483, total=5.1554.
2026-06-08 15:43:34,557 - INFO - 6800/12232, 55.59% completed. Batch loss: species=5.7500, genus=6.8020, subfamily=10.6195, total=6.5525.
2026-06-08 15:43:50,681 - INFO - 6900/12232, 56.41% completed. Batch loss: species=5.5210, genus=5.5983, subfamily=5.0227, total=5.4944.
2026-06-08 15:44:06,463 - INFO - 7000/12232, 57.23% completed. Batch loss: species=5.5996, genus=6.7833, subfamily=6.1481, total=6.0096.
2026-06-08 15:44:22,058 - INFO - 7100/12232, 58.04% completed. Batch loss: species=5.6463, genus=5.5976, subfamily=7.3839, total=5.8054.
2026-06-08 15:44:39,044 - INFO - 7200/12232, 58.86% completed. Batch loss: species=5.3764, genus=7.7334, subfamily=10.7266, total=6.6185.
2026-06-08 15:44:54,123 - INFO - 7300/12232, 59.68% completed. Batch loss: species=5.3177, genus=5.8751, subfamily=8.9398, total=5.8471.
2026-06-08 15:45:10,214 - INFO - 7400/12232, 60.50% completed. Batch loss: species=5.2565, genus=4.9829, subfamily=4.9723, total=5.1460.
2026-06-08 15:45:28,079 - INFO - 7500/12232, 61.31% completed. Batch loss: species=4.9422, genus=5.1694, subfamily=7.8144, total=5.2976.
2026-06-08 15:45:42,898 - INFO - 7600/12232, 62.13% completed. Batch loss: species=5.3634, genus=5.0408, subfamily=4.5785, total=5.1882.
2026-06-08 15:45:58,129 - INFO - 7700/12232, 62.95% completed. Batch loss: species=5.2449, genus=4.5464, subfamily=6.2516, total=5.1360.
2026-06-08 15:46:14,612 - INFO - 7800/12232, 63.77% completed. Batch loss: species=5.2142, genus=5.4033, subfamily=8.3037, total=5.5799.
2026-06-08 15:46:29,906 - INFO - 7900/12232, 64.58% completed. Batch loss: species=5.3441, genus=4.9569, subfamily=9.0455, total=5.5981.
2026-06-08 15:46:46,358 - INFO - 8000/12232, 65.40% completed. Batch loss: species=4.9199, genus=4.6898, subfamily=4.4671, total=4.8056.
2026-06-08 15:47:03,570 - INFO - 8100/12232, 66.22% completed. Batch loss: species=5.6224, genus=5.8112, subfamily=8.0107, total=5.9179.
2026-06-08 15:47:19,971 - INFO - 8200/12232, 67.04% completed. Batch loss: species=4.7182, genus=6.9301, subfamily=12.3199, total=6.1420.
2026-06-08 15:47:35,804 - INFO - 8300/12232, 67.85% completed. Batch loss: species=4.6891, genus=6.0265, subfamily=8.1747, total=5.4389.
2026-06-08 15:47:51,559 - INFO - 8400/12232, 68.67% completed. Batch loss: species=5.1219, genus=4.9377, subfamily=9.6237, total=5.5168.
2026-06-08 15:48:07,409 - INFO - 8500/12232, 69.49% completed. Batch loss: species=5.4940, genus=4.7914, subfamily=7.2964, total=5.4634.
2026-06-08 15:48:23,332 - INFO - 8600/12232, 70.31% completed. Batch loss: species=5.1995, genus=6.7457, subfamily=8.4870, total=5.9921.
2026-06-08 15:48:39,476 - INFO - 8700/12232, 71.12% completed. Batch loss: species=5.1232, genus=5.1043, subfamily=7.0430, total=5.3095.
2026-06-08 15:48:55,614 - INFO - 8800/12232, 71.94% completed. Batch loss: species=5.3396, genus=5.2467, subfamily=6.0548, total=5.3833.
2026-06-08 15:49:11,362 - INFO - 8900/12232, 72.76% completed. Batch loss: species=4.8279, genus=5.1999, subfamily=5.3185, total=4.9886.
2026-06-08 15:49:27,257 - INFO - 9000/12232, 73.58% completed. Batch loss: species=5.0152, genus=7.0401, subfamily=7.8912, total=5.9103.
2026-06-08 15:49:43,651 - INFO - 9100/12232, 74.40% completed. Batch loss: species=5.1355, genus=4.6921, subfamily=6.4700, total=5.1359.
2026-06-08 15:49:59,295 - INFO - 9200/12232, 75.21% completed. Batch loss: species=5.1608, genus=5.6089, subfamily=6.2347, total=5.4026.
2026-06-08 15:50:15,970 - INFO - 9300/12232, 76.03% completed. Batch loss: species=5.1670, genus=5.0647, subfamily=4.8394, total=5.1035.
2026-06-08 15:50:31,746 - INFO - 9400/12232, 76.85% completed. Batch loss: species=5.1694, genus=4.9240, subfamily=5.2919, total=5.1081.
2026-06-08 15:50:48,667 - INFO - 9500/12232, 77.67% completed. Batch loss: species=5.3861, genus=6.0389, subfamily=8.1319, total=5.8565.
2026-06-08 15:51:04,010 - INFO - 9600/12232, 78.48% completed. Batch loss: species=4.5316, genus=5.7555, subfamily=8.1248, total=5.2581.
2026-06-08 15:51:19,054 - INFO - 9700/12232, 79.30% completed. Batch loss: species=5.2450, genus=4.7000, subfamily=4.0658, total=4.9636.
2026-06-08 15:51:35,596 - INFO - 9800/12232, 80.12% completed. Batch loss: species=4.9498, genus=4.6284, subfamily=6.0279, total=4.9612.
2026-06-08 15:51:52,314 - INFO - 9900/12232, 80.94% completed. Batch loss: species=4.7550, genus=5.3995, subfamily=6.4443, total=5.1173.
2026-06-08 15:52:07,767 - INFO - 10000/12232, 81.75% completed. Batch loss: species=4.9521, genus=4.9565, subfamily=5.1046, total=4.9687.
2026-06-08 15:52:24,928 - INFO - 10100/12232, 82.57% completed. Batch loss: species=4.3201, genus=4.0377, subfamily=3.9457, total=4.1980.
2026-06-08 15:52:40,757 - INFO - 10200/12232, 83.39% completed. Batch loss: species=5.0703, genus=5.1404, subfamily=5.2424, total=5.1085.
2026-06-08 15:52:57,092 - INFO - 10300/12232, 84.21% completed. Batch loss: species=4.3490, genus=4.7713, subfamily=5.8598, total=4.6268.
2026-06-08 15:53:11,895 - INFO - 10400/12232, 85.02% completed. Batch loss: species=4.6866, genus=4.8832, subfamily=5.1227, total=4.7892.
2026-06-08 15:53:27,977 - INFO - 10500/12232, 85.84% completed. Batch loss: species=4.7410, genus=4.5065, subfamily=7.7367, total=4.9702.
2026-06-08 15:53:44,618 - INFO - 10600/12232, 86.66% completed. Batch loss: species=4.9771, genus=5.2545, subfamily=6.3810, total=5.2007.
2026-06-08 15:54:01,016 - INFO - 10700/12232, 87.48% completed. Batch loss: species=4.5097, genus=4.9698, subfamily=6.7625, total=4.8730.
2026-06-08 15:54:15,627 - INFO - 10800/12232, 88.29% completed. Batch loss: species=5.8874, genus=5.7552, subfamily=6.2779, total=5.8868.
2026-06-08 15:54:30,981 - INFO - 10900/12232, 89.11% completed. Batch loss: species=5.2272, genus=5.0448, subfamily=4.0111, total=5.0509.
2026-06-08 15:54:47,554 - INFO - 11000/12232, 89.93% completed. Batch loss: species=4.8675, genus=5.3482, subfamily=8.5086, total=5.3758.
2026-06-08 15:55:04,248 - INFO - 11100/12232, 90.75% completed. Batch loss: species=4.4726, genus=4.4915, subfamily=9.3178, total=4.9628.
2026-06-08 15:55:21,068 - INFO - 11200/12232, 91.56% completed. Batch loss: species=3.9574, genus=5.5671, subfamily=4.2424, total=4.4688.
2026-06-08 15:55:36,441 - INFO - 11300/12232, 92.38% completed. Batch loss: species=5.3475, genus=5.1813, subfamily=5.4256, total=5.3055.
2026-06-08 15:55:52,082 - INFO - 11400/12232, 93.20% completed. Batch loss: species=4.2264, genus=5.6825, subfamily=6.4374, total=4.8843.
2026-06-08 15:56:07,962 - INFO - 11500/12232, 94.02% completed. Batch loss: species=4.4665, genus=4.5069, subfamily=6.2476, total=4.6567.
2026-06-08 15:56:23,568 - INFO - 11600/12232, 94.83% completed. Batch loss: species=4.4037, genus=4.7527, subfamily=5.7487, total=4.6429.
2026-06-08 15:56:40,982 - INFO - 11700/12232, 95.65% completed. Batch loss: species=4.1073, genus=4.0523, subfamily=6.1275, total=4.2928.
2026-06-08 15:56:56,538 - INFO - 11800/12232, 96.47% completed. Batch loss: species=4.1864, genus=3.6106, subfamily=8.3477, total=4.4298.
2026-06-08 15:57:12,505 - INFO - 11900/12232, 97.29% completed. Batch loss: species=4.8892, genus=6.2672, subfamily=6.4038, total=5.4541.
2026-06-08 15:57:28,856 - INFO - 12000/12232, 98.10% completed. Batch loss: species=4.9410, genus=4.4749, subfamily=7.4528, total=5.0524.
2026-06-08 15:57:44,485 - INFO - 12100/12232, 98.92% completed. Batch loss: species=4.4425, genus=4.4389, subfamily=7.8894, total=4.7861.
2026-06-08 15:58:00,391 - INFO - 12200/12232, 99.74% completed. Batch loss: species=4.6654, genus=5.6424, subfamily=10.2560, total=5.5176.
2026-06-08 15:58:03,384 - INFO - Epoch 0 train — species=5.7270, genus=5.9463, subfamily=7.4924, total=5.9693
2026-06-08 19:56:01,706 - INFO - Beginning epoch 0. Total elapsed: 0.0s
2026-06-08 19:56:07,636 - INFO - 0/12232, 0.00% completed. Batch loss: species=7.2580, genus=7.0351, subfamily=6.5061, total=7.1159.
2026-06-08 19:56:22,701 - INFO - 100/12232, 0.82% completed. Batch loss: species=7.1054, genus=6.7823, subfamily=6.0558, total=6.9035.
2026-06-08 19:56:38,798 - INFO - 200/12232, 1.64% completed. Batch loss: species=6.9535, genus=8.4802, subfamily=8.9096, total=7.6071.
2026-06-08 19:56:55,653 - INFO - 300/12232, 2.45% completed. Batch loss: species=6.9359, genus=7.9814, subfamily=11.8329, total=7.7392.
2026-06-08 19:57:13,509 - INFO - 400/12232, 3.27% completed. Batch loss: species=6.9327, genus=6.8169, subfamily=10.7030, total=7.2750.
2026-06-08 19:57:29,823 - INFO - 500/12232, 4.09% completed. Batch loss: species=7.1083, genus=6.8046, subfamily=9.1314, total=7.2195.
2026-06-08 19:57:45,083 - INFO - 600/12232, 4.91% completed. Batch loss: species=6.9437, genus=7.3771, subfamily=8.3112, total=7.2105.
2026-06-08 19:58:00,258 - INFO - 700/12232, 5.72% completed. Batch loss: species=6.8266, genus=7.1627, subfamily=6.5440, total=6.8992.
2026-06-08 19:58:17,357 - INFO - 800/12232, 6.54% completed. Batch loss: species=6.9032, genus=6.8592, subfamily=6.1226, total=6.8120.
2026-06-08 19:58:33,447 - INFO - 900/12232, 7.36% completed. Batch loss: species=6.6828, genus=6.8796, subfamily=6.1178, total=6.6854.
2026-06-08 19:58:48,827 - INFO - 1000/12232, 8.18% completed. Batch loss: species=6.7616, genus=6.0469, subfamily=5.5611, total=6.4271.
2026-06-08 19:59:04,477 - INFO - 1100/12232, 8.99% completed. Batch loss: species=6.7667, genus=6.4386, subfamily=6.2001, total=6.6116.
2026-06-08 19:59:20,817 - INFO - 1200/12232, 9.81% completed. Batch loss: species=6.7461, genus=6.9699, subfamily=11.7328, total=7.3119.
2026-06-08 19:59:36,301 - INFO - 1300/12232, 10.63% completed. Batch loss: species=6.6705, genus=6.2128, subfamily=6.6150, total=6.5276.
2026-06-08 19:59:51,773 - INFO - 1400/12232, 11.45% completed. Batch loss: species=6.8062, genus=6.5554, subfamily=7.7495, total=6.8253.
2026-06-08 20:00:09,135 - INFO - 1500/12232, 12.26% completed. Batch loss: species=6.7826, genus=6.4858, subfamily=6.6468, total=6.6799.
2026-06-08 20:00:24,959 - INFO - 1600/12232, 13.08% completed. Batch loss: species=6.7744, genus=5.9719, subfamily=8.2016, total=6.6764.
2026-06-08 20:00:39,734 - INFO - 1700/12232, 13.90% completed. Batch loss: species=6.7129, genus=6.5235, subfamily=9.5412, total=6.9389.
2026-06-08 20:00:55,665 - INFO - 1800/12232, 14.72% completed. Batch loss: species=6.6653, genus=8.0463, subfamily=7.9611, total=7.2092.
2026-06-08 20:01:11,805 - INFO - 1900/12232, 15.53% completed. Batch loss: species=6.6265, genus=6.3609, subfamily=6.4886, total=6.5330.
2026-06-08 20:01:28,360 - INFO - 2000/12232, 16.35% completed. Batch loss: species=6.8039, genus=5.8592, subfamily=7.9961, total=6.6397.
2026-06-08 20:01:43,576 - INFO - 2100/12232, 17.17% completed. Batch loss: species=6.6692, genus=6.3179, subfamily=5.8258, total=6.4795.
2026-06-08 20:01:58,945 - INFO - 2200/12232, 17.99% completed. Batch loss: species=6.6348, genus=6.2083, subfamily=7.0724, total=6.5506.
2026-06-08 20:02:16,288 - INFO - 2300/12232, 18.80% completed. Batch loss: species=6.5995, genus=6.4688, subfamily=5.8299, total=6.4833.
2026-06-08 20:02:32,136 - INFO - 2400/12232, 19.62% completed. Batch loss: species=6.5666, genus=8.0918, subfamily=8.1455, total=7.1820.
2026-06-08 20:02:47,704 - INFO - 2500/12232, 20.44% completed. Batch loss: species=6.4671, genus=9.2123, subfamily=13.1503, total=7.9590.
2026-06-08 20:03:02,941 - INFO - 2600/12232, 21.26% completed. Batch loss: species=6.4582, genus=6.6996, subfamily=6.3370, total=6.5185.
2026-06-08 20:03:19,986 - INFO - 2700/12232, 22.07% completed. Batch loss: species=6.4365, genus=6.9618, subfamily=8.6726, total=6.8177.
2026-06-08 20:03:35,665 - INFO - 2800/12232, 22.89% completed. Batch loss: species=6.5273, genus=7.4291, subfamily=9.5912, total=7.1042.
2026-06-08 20:03:51,532 - INFO - 2900/12232, 23.71% completed. Batch loss: species=6.5982, genus=7.0254, subfamily=6.7999, total=6.7465.
2026-06-08 20:04:07,634 - INFO - 3000/12232, 24.53% completed. Batch loss: species=6.4991, genus=6.0009, subfamily=6.6353, total=6.3632.
2026-06-08 20:04:22,828 - INFO - 3100/12232, 25.34% completed. Batch loss: species=6.4986, genus=6.6662, subfamily=6.2065, total=6.5197.
2026-06-08 20:04:38,493 - INFO - 3200/12232, 26.16% completed. Batch loss: species=6.4482, genus=7.2246, subfamily=8.4275, total=6.8791.
2026-06-08 20:04:55,356 - INFO - 3300/12232, 26.98% completed. Batch loss: species=6.3325, genus=6.2643, subfamily=6.5601, total=6.3348.
2026-06-08 20:05:10,385 - INFO - 3400/12232, 27.80% completed. Batch loss: species=6.5632, genus=6.7544, subfamily=8.6758, total=6.8318.
2026-06-08 20:05:27,657 - INFO - 3500/12232, 28.61% completed. Batch loss: species=6.3256, genus=6.4942, subfamily=5.6574, total=6.3094.
2026-06-08 20:05:42,681 - INFO - 3600/12232, 29.43% completed. Batch loss: species=6.2795, genus=6.1473, subfamily=6.7192, total=6.2838.
2026-06-08 20:05:58,863 - INFO - 3700/12232, 30.25% completed. Batch loss: species=6.2769, genus=7.0200, subfamily=7.0209, total=6.5742.
2026-06-08 20:06:13,816 - INFO - 3800/12232, 31.07% completed. Batch loss: species=6.0885, genus=5.9189, subfamily=5.8383, total=6.0126.
2026-06-08 20:06:31,076 - INFO - 3900/12232, 31.88% completed. Batch loss: species=6.2982, genus=6.6217, subfamily=6.5997, total=6.4254.
2026-06-08 20:06:46,967 - INFO - 4000/12232, 32.70% completed. Batch loss: species=6.4004, genus=5.7150, subfamily=5.9923, total=6.1540.
2026-06-08 20:07:03,761 - INFO - 4100/12232, 33.52% completed. Batch loss: species=6.7339, genus=6.6534, subfamily=6.7468, total=6.7110.
2026-06-08 20:07:18,396 - INFO - 4200/12232, 34.34% completed. Batch loss: species=6.2621, genus=5.9831, subfamily=9.6780, total=6.5200.
2026-06-08 20:07:34,210 - INFO - 4300/12232, 35.15% completed. Batch loss: species=6.0649, genus=6.6342, subfamily=7.0360, total=6.3328.
2026-06-08 20:07:51,183 - INFO - 4400/12232, 35.97% completed. Batch loss: species=5.9685, genus=6.6483, subfamily=9.8127, total=6.5569.
2026-06-08 20:08:07,139 - INFO - 4500/12232, 36.79% completed. Batch loss: species=6.1423, genus=6.6722, subfamily=13.2982, total=7.0169.
2026-06-08 20:08:22,291 - INFO - 4600/12232, 37.61% completed. Batch loss: species=6.0914, genus=6.4305, subfamily=8.7807, total=6.4621.
2026-06-08 20:08:38,650 - INFO - 4700/12232, 38.42% completed. Batch loss: species=6.0808, genus=5.6837, subfamily=8.9865, total=6.2523.
2026-06-08 20:08:55,005 - INFO - 4800/12232, 39.24% completed. Batch loss: species=6.2750, genus=6.5998, subfamily=9.1404, total=6.6589.
2026-06-08 20:09:10,302 - INFO - 4900/12232, 40.06% completed. Batch loss: species=5.8521, genus=5.5144, subfamily=5.1761, total=5.6832.
2026-06-08 20:09:27,392 - INFO - 5000/12232, 40.88% completed. Batch loss: species=6.0413, genus=5.8170, subfamily=5.6097, total=5.9309.
2026-06-08 20:09:42,055 - INFO - 5100/12232, 41.69% completed. Batch loss: species=6.0813, genus=7.1584, subfamily=9.0750, total=6.7038.
2026-06-08 20:09:58,772 - INFO - 5200/12232, 42.51% completed. Batch loss: species=6.0220, genus=8.3531, subfamily=10.3564, total=7.1548.
2026-06-08 20:10:14,311 - INFO - 5300/12232, 43.33% completed. Batch loss: species=5.9037, genus=6.3831, subfamily=6.2528, total=6.0824.
2026-06-08 20:10:29,711 - INFO - 5400/12232, 44.15% completed. Batch loss: species=5.8543, genus=5.8630, subfamily=7.3897, total=6.0105.
2026-06-08 20:10:45,219 - INFO - 5500/12232, 44.96% completed. Batch loss: species=5.9993, genus=5.8295, subfamily=6.7774, total=6.0262.
2026-06-08 20:11:01,047 - INFO - 5600/12232, 45.78% completed. Batch loss: species=5.8413, genus=5.8521, subfamily=6.3760, total=5.8980.
2026-06-08 20:11:17,753 - INFO - 5700/12232, 46.60% completed. Batch loss: species=5.9527, genus=6.3000, subfamily=7.1253, total=6.1742.
2026-06-08 20:11:33,973 - INFO - 5800/12232, 47.42% completed. Batch loss: species=5.6830, genus=5.3895, subfamily=6.0479, total=5.6314.
2026-06-08 20:11:50,251 - INFO - 5900/12232, 48.23% completed. Batch loss: species=6.2786, genus=6.0517, subfamily=6.1532, total=6.1980.
2026-06-08 20:12:06,443 - INFO - 6000/12232, 49.05% completed. Batch loss: species=5.7810, genus=4.6907, subfamily=6.0170, total=5.4775.
2026-06-08 20:12:21,673 - INFO - 6100/12232, 49.87% completed. Batch loss: species=5.7280, genus=5.4907, subfamily=5.3907, total=5.6231.
2026-06-08 20:12:38,450 - INFO - 6200/12232, 50.69% completed. Batch loss: species=5.5604, genus=7.2168, subfamily=6.9874, total=6.2000.
2026-06-08 20:12:53,729 - INFO - 6300/12232, 51.50% completed. Batch loss: species=5.7310, genus=6.0195, subfamily=6.0541, total=5.8499.
2026-06-08 20:13:10,349 - INFO - 6400/12232, 52.32% completed. Batch loss: species=5.6489, genus=5.8395, subfamily=6.9857, total=5.8397.
2026-06-08 20:13:25,647 - INFO - 6500/12232, 53.14% completed. Batch loss: species=5.7426, genus=5.3633, subfamily=7.4741, total=5.8020.
2026-06-08 20:13:41,604 - INFO - 6600/12232, 53.96% completed. Batch loss: species=5.1254, genus=5.5279, subfamily=7.2962, total=5.4632.
2026-06-08 20:13:58,002 - INFO - 6700/12232, 54.77% completed. Batch loss: species=5.5451, genus=6.0401, subfamily=8.8618, total=6.0253.
2026-06-08 20:14:13,770 - INFO - 6800/12232, 55.59% completed. Batch loss: species=5.2197, genus=6.7188, subfamily=9.9151, total=6.1390.
2026-06-08 20:14:29,323 - INFO - 6900/12232, 56.41% completed. Batch loss: species=5.5504, genus=5.0695, subfamily=4.5399, total=5.3051.
2026-06-08 20:14:45,219 - INFO - 7000/12232, 57.23% completed. Batch loss: species=5.6622, genus=5.7439, subfamily=8.4937, total=5.9699.
2026-06-08 20:15:02,694 - INFO - 7100/12232, 58.04% completed. Batch loss: species=5.6804, genus=6.0906, subfamily=6.6515, total=5.9006.
2026-06-08 20:15:18,007 - INFO - 7200/12232, 58.86% completed. Batch loss: species=4.9719, genus=7.5060, subfamily=10.1971, total=6.2547.
2026-06-08 20:15:32,951 - INFO - 7300/12232, 59.68% completed. Batch loss: species=5.3498, genus=5.5755, subfamily=9.0909, total=5.7916.
2026-06-08 20:15:49,210 - INFO - 7400/12232, 60.50% completed. Batch loss: species=5.7409, genus=5.7539, subfamily=7.2072, total=5.8914.
2026-06-08 20:16:05,082 - INFO - 7500/12232, 61.31% completed. Batch loss: species=5.2348, genus=5.4939, subfamily=10.6262, total=5.8517.
2026-06-08 20:16:20,263 - INFO - 7600/12232, 62.13% completed. Batch loss: species=5.2090, genus=5.2098, subfamily=5.1849, total=5.2069.
2026-06-08 20:16:36,735 - INFO - 7700/12232, 62.95% completed. Batch loss: species=5.5826, genus=6.7120, subfamily=8.1015, total=6.1733.
2026-06-08 20:16:54,121 - INFO - 7800/12232, 63.77% completed. Batch loss: species=5.0562, genus=4.9865, subfamily=5.0270, total=5.0324.
2026-06-08 20:17:09,191 - INFO - 7900/12232, 64.58% completed. Batch loss: species=5.2172, genus=5.9843, subfamily=7.5837, total=5.6840.
2026-06-08 20:17:25,505 - INFO - 8000/12232, 65.40% completed. Batch loss: species=5.3184, genus=5.6337, subfamily=8.2646, total=5.7076.
2026-06-08 20:17:41,879 - INFO - 8100/12232, 66.22% completed. Batch loss: species=5.3913, genus=5.1584, subfamily=4.4616, total=5.2285.
2026-06-08 20:17:57,250 - INFO - 8200/12232, 67.04% completed. Batch loss: species=4.9060, genus=5.8853, subfamily=7.4676, total=5.4559.
2026-06-08 20:18:12,787 - INFO - 8300/12232, 67.85% completed. Batch loss: species=5.8743, genus=5.3575, subfamily=9.9717, total=6.1290.
2026-06-08 20:18:29,341 - INFO - 8400/12232, 68.67% completed. Batch loss: species=5.4800, genus=5.0083, subfamily=5.8357, total=5.3740.
2026-06-08 20:18:45,132 - INFO - 8500/12232, 69.49% completed. Batch loss: species=4.6573, genus=5.2914, subfamily=4.3937, total=4.8212.
2026-06-08 20:19:00,897 - INFO - 8600/12232, 70.31% completed. Batch loss: species=5.0218, genus=4.9788, subfamily=6.3991, total=5.1466.
2026-06-08 20:19:17,664 - INFO - 8700/12232, 71.12% completed. Batch loss: species=5.5093, genus=5.1597, subfamily=4.9789, total=5.3514.
2026-06-08 20:19:33,032 - INFO - 8800/12232, 71.94% completed. Batch loss: species=5.2561, genus=6.1853, subfamily=9.4112, total=5.9504.
2026-06-08 20:19:49,176 - INFO - 8900/12232, 72.76% completed. Batch loss: species=4.9151, genus=4.6150, subfamily=10.8142, total=5.4150.
2026-06-08 20:20:04,979 - INFO - 9000/12232, 73.58% completed. Batch loss: species=4.7762, genus=6.2928, subfamily=9.0079, total=5.6543.
2026-06-08 20:20:20,671 - INFO - 9100/12232, 74.40% completed. Batch loss: species=4.5050, genus=5.1093, subfamily=5.9653, total=4.8323.
2026-06-08 20:20:36,179 - INFO - 9200/12232, 75.21% completed. Batch loss: species=4.8762, genus=6.3166, subfamily=7.3677, total=5.5575.
2026-06-08 20:20:53,245 - INFO - 9300/12232, 76.03% completed. Batch loss: species=4.7709, genus=5.7600, subfamily=9.1823, total=5.5088.
2026-06-08 20:21:08,751 - INFO - 9400/12232, 76.85% completed. Batch loss: species=4.8545, genus=5.4151, subfamily=7.5812, total=5.2954.
2026-06-08 20:21:24,501 - INFO - 9500/12232, 77.67% completed. Batch loss: species=5.1418, genus=4.0924, subfamily=3.6747, total=4.6803.
2026-06-08 20:21:41,174 - INFO - 9600/12232, 78.48% completed. Batch loss: species=5.0417, genus=5.3261, subfamily=5.1433, total=5.1372.
2026-06-08 20:21:57,191 - INFO - 9700/12232, 79.30% completed. Batch loss: species=5.0893, genus=4.9854, subfamily=7.5507, total=5.3043.
2026-06-08 20:22:12,831 - INFO - 9800/12232, 80.12% completed. Batch loss: species=4.8663, genus=5.3038, subfamily=4.1308, total=4.9240.
2026-06-08 20:22:28,487 - INFO - 9900/12232, 80.94% completed. Batch loss: species=4.4595, genus=4.9749, subfamily=7.9806, total=4.9662.
2026-06-08 20:22:45,180 - INFO - 10000/12232, 81.75% completed. Batch loss: species=4.5470, genus=5.3074, subfamily=10.2306, total=5.3435.
2026-06-08 20:22:59,926 - INFO - 10100/12232, 82.57% completed. Batch loss: species=5.1477, genus=4.6594, subfamily=7.8040, total=5.2668.
2026-06-08 20:23:17,234 - INFO - 10200/12232, 83.39% completed. Batch loss: species=4.6612, genus=4.5575, subfamily=4.2562, total=4.5896.
2026-06-08 20:23:33,446 - INFO - 10300/12232, 84.21% completed. Batch loss: species=4.4999, genus=4.6170, subfamily=9.9917, total=5.0842.
2026-06-08 20:23:48,770 - INFO - 10400/12232, 85.02% completed. Batch loss: species=4.0700, genus=5.0879, subfamily=5.8975, total=4.5582.
2026-06-08 20:24:04,491 - INFO - 10500/12232, 85.84% completed. Batch loss: species=4.6094, genus=5.9028, subfamily=5.7544, total=5.1119.
2026-06-08 20:24:20,729 - INFO - 10600/12232, 86.66% completed. Batch loss: species=4.8078, genus=4.6112, subfamily=5.0507, total=4.7731.
2026-06-08 20:24:36,662 - INFO - 10700/12232, 87.48% completed. Batch loss: species=4.8043, genus=5.2252, subfamily=8.2864, total=5.2788.
2026-06-08 20:24:52,238 - INFO - 10800/12232, 88.29% completed. Batch loss: species=4.9784, genus=5.5483, subfamily=6.7216, total=5.3237.
2026-06-08 20:25:08,636 - INFO - 10900/12232, 89.11% completed. Batch loss: species=4.8566, genus=5.8135, subfamily=7.5381, total=5.4118.
2026-06-08 20:25:24,068 - INFO - 11000/12232, 89.93% completed. Batch loss: species=4.6421, genus=4.7221, subfamily=8.7257, total=5.0745.
2026-06-08 20:25:40,820 - INFO - 11100/12232, 90.75% completed. Batch loss: species=4.5435, genus=5.2720, subfamily=9.1552, total=5.2232.
2026-06-08 20:25:56,423 - INFO - 11200/12232, 91.56% completed. Batch loss: species=4.6685, genus=5.9991, subfamily=7.5326, total=5.3541.
2026-06-08 20:26:13,098 - INFO - 11300/12232, 92.38% completed. Batch loss: species=5.2669, genus=5.3208, subfamily=4.3205, total=5.1884.
2026-06-08 20:26:28,451 - INFO - 11400/12232, 93.20% completed. Batch loss: species=4.9097, genus=6.1509, subfamily=7.8516, total=5.5762.
2026-06-08 20:26:45,042 - INFO - 11500/12232, 94.02% completed. Batch loss: species=4.3317, genus=4.2542, subfamily=6.4775, total=4.5230.
2026-06-08 20:27:00,516 - INFO - 11600/12232, 94.83% completed. Batch loss: species=4.5948, genus=6.1792, subfamily=10.4395, total=5.6546.
2026-06-08 20:27:17,624 - INFO - 11700/12232, 95.65% completed. Batch loss: species=4.5177, genus=4.0442, subfamily=4.0947, total=4.3334.
2026-06-08 20:27:33,274 - INFO - 11800/12232, 96.47% completed. Batch loss: species=4.8488, genus=4.1222, subfamily=8.2374, total=4.9697.
2026-06-08 20:27:49,289 - INFO - 11900/12232, 97.29% completed. Batch loss: species=5.0497, genus=4.6622, subfamily=5.4772, total=4.9762.
2026-06-08 20:28:04,754 - INFO - 12000/12232, 98.10% completed. Batch loss: species=5.0737, genus=5.8724, subfamily=7.6156, total=5.5675.
2026-06-08 20:28:20,642 - INFO - 12100/12232, 98.92% completed. Batch loss: species=4.9039, genus=6.3717, subfamily=11.3012, total=5.9840.
2026-06-08 20:28:36,496 - INFO - 12200/12232, 99.74% completed. Batch loss: species=3.9923, genus=5.7188, subfamily=6.9474, total=4.8058.
2026-06-08 20:28:38,691 - INFO - Epoch 0 train — species=5.7180, genus=5.9243, subfamily=7.4580, total=5.9539
2026-06-08 20:29:16,643 - INFO - Epoch 0 val loss: 5.3156
2026-06-08 20:30:16,736 - INFO - Checkpoint saved → /home/frogonarock/PycharmProjects/WhatsThisFish/whatsthatfish/src/whatsthatfish/runs/classification/20260608_195558_classification/last.pt
2026-06-08 20:30:16,782 - INFO - Checkpoint saved → /home/frogonarock/PycharmProjects/WhatsThisFish/whatsthatfish/src/whatsthatfish/runs/classification/20260608_195558_classification/best.pt
2026-06-08 20:30:16,783 - INFO - Epoch 0 finished in 2055.1s
2026-06-08 20:30:16,783 - INFO - Beginning epoch 1. Total elapsed: 2055.1s
2026-06-08 20:30:20,709 - INFO - 0/12232, 0.00% completed. Batch loss: species=4.1943, genus=4.2196, subfamily=6.0024, total=4.3827.
2026-06-08 20:30:37,308 - INFO - 100/12232, 0.82% completed. Batch loss: species=4.0389, genus=4.1094, subfamily=5.4990, total=4.2061.
2026-06-08 20:30:52,074 - INFO - 200/12232, 1.64% completed. Batch loss: species=3.7479, genus=4.7299, subfamily=6.2766, total=4.2954.
2026-06-08 20:31:08,266 - INFO - 300/12232, 2.45% completed. Batch loss: species=4.1339, genus=4.2116, subfamily=4.3687, total=4.1807.
2026-06-08 20:31:24,363 - INFO - 400/12232, 3.27% completed. Batch loss: species=3.9668, genus=4.3676, subfamily=6.6647, total=4.3568.
2026-06-08 20:31:39,958 - INFO - 500/12232, 4.09% completed. Batch loss: species=4.6546, genus=4.4873, subfamily=5.3758, total=4.6765.
2026-06-08 20:31:56,543 - INFO - 600/12232, 4.91% completed. Batch loss: species=3.9608, genus=3.8832, subfamily=6.0102, total=4.1424.
2026-06-08 20:32:12,166 - INFO - 700/12232, 5.72% completed. Batch loss: species=4.5909, genus=6.0050, subfamily=6.2897, total=5.1850.
2026-06-08 20:32:28,675 - INFO - 800/12232, 6.54% completed. Batch loss: species=4.5639, genus=4.3271, subfamily=4.8183, total=4.5183.
2026-06-08 20:32:44,394 - INFO - 900/12232, 7.36% completed. Batch loss: species=3.7781, genus=4.0376, subfamily=3.6419, total=3.8423.
2026-06-08 20:33:00,224 - INFO - 1000/12232, 8.18% completed. Batch loss: species=3.8608, genus=5.2117, subfamily=9.5635, total=4.8364.
2026-06-08 20:33:16,384 - INFO - 1100/12232, 8.99% completed. Batch loss: species=3.8905, genus=4.7192, subfamily=8.4818, total=4.5982.
2026-06-08 20:33:32,801 - INFO - 1200/12232, 9.81% completed. Batch loss: species=4.3731, genus=4.4724, subfamily=7.4906, total=4.7147.
2026-06-08 20:33:48,272 - INFO - 1300/12232, 10.63% completed. Batch loss: species=4.7036, genus=5.2498, subfamily=8.7041, total=5.2675.
2026-06-08 20:34:05,109 - INFO - 1400/12232, 11.45% completed. Batch loss: species=4.2857, genus=3.8015, subfamily=3.7143, total=4.0833.
2026-06-08 20:34:20,177 - INFO - 1500/12232, 12.26% completed. Batch loss: species=3.8808, genus=5.4690, subfamily=5.9123, total=4.5604.
2026-06-08 20:34:36,095 - INFO - 1600/12232, 13.08% completed. Batch loss: species=4.1792, genus=5.2490, subfamily=7.4266, total=4.8248.
2026-06-08 20:34:52,581 - INFO - 1700/12232, 13.90% completed. Batch loss: species=4.0505, genus=4.8365, subfamily=7.7268, total=4.6539.
2026-06-08 20:35:08,275 - INFO - 1800/12232, 14.72% completed. Batch loss: species=4.3858, genus=5.1702, subfamily=7.4868, total=4.9312.
2026-06-08 20:35:25,101 - INFO - 1900/12232, 15.53% completed. Batch loss: species=4.1843, genus=4.2901, subfamily=7.6843, total=4.5660.
2026-06-08 20:35:40,790 - INFO - 2000/12232, 16.35% completed. Batch loss: species=3.4018, genus=3.9444, subfamily=6.5558, total=3.8800.
2026-06-08 20:35:56,544 - INFO - 2100/12232, 17.17% completed. Batch loss: species=3.9863, genus=5.0327, subfamily=4.2038, total=4.3220.
2026-06-08 20:36:12,566 - INFO - 2200/12232, 17.99% completed. Batch loss: species=4.1321, genus=5.9981, subfamily=6.7743, total=4.9561.
2026-06-08 20:36:28,739 - INFO - 2300/12232, 18.80% completed. Batch loss: species=3.8477, genus=4.5988, subfamily=4.9353, total=4.1818.
2026-06-08 20:36:44,679 - INFO - 2400/12232, 19.62% completed. Batch loss: species=3.6055, genus=4.3188, subfamily=5.0212, total=3.9610.
2026-06-08 20:37:01,287 - INFO - 2500/12232, 20.44% completed. Batch loss: species=4.4446, genus=4.6323, subfamily=9.9918, total=5.0556.
2026-06-08 20:37:17,444 - INFO - 2600/12232, 21.26% completed. Batch loss: species=3.6675, genus=3.8715, subfamily=4.5368, total=3.8156.
2026-06-08 20:37:32,904 - INFO - 2700/12232, 22.07% completed. Batch loss: species=4.1566, genus=4.9455, subfamily=4.6031, total=4.4379.
2026-06-08 20:37:48,865 - INFO - 2800/12232, 22.89% completed. Batch loss: species=4.5757, genus=8.3075, subfamily=9.4849, total=6.1861.
2026-06-08 20:38:04,759 - INFO - 2900/12232, 23.71% completed. Batch loss: species=4.2986, genus=5.8724, subfamily=9.5197, total=5.2929.
2026-06-08 20:38:20,336 - INFO - 3000/12232, 24.53% completed. Batch loss: species=4.3479, genus=4.8064, subfamily=7.3170, total=4.7824.
2026-06-08 20:38:37,954 - INFO - 3100/12232, 25.34% completed. Batch loss: species=3.9124, genus=7.1865, subfamily=12.5408, total=5.7574.
2026-06-08 20:38:53,267 - INFO - 3200/12232, 26.16% completed. Batch loss: species=3.8701, genus=4.4447, subfamily=6.7710, total=4.3326.
2026-06-08 20:39:08,961 - INFO - 3300/12232, 26.98% completed. Batch loss: species=4.0862, genus=4.4755, subfamily=9.5601, total=4.7504.
2026-06-08 20:39:24,790 - INFO - 3400/12232, 27.80% completed. Batch loss: species=4.7474, genus=5.0485, subfamily=4.7785, total=4.8408.
2026-06-08 20:39:41,698 - INFO - 3500/12232, 28.61% completed. Batch loss: species=4.2163, genus=5.8385, subfamily=9.2324, total=5.2046.
2026-06-08 20:39:57,018 - INFO - 3600/12232, 29.43% completed. Batch loss: species=3.8541, genus=3.6991, subfamily=4.2527, total=3.8475.
2026-06-08 20:40:13,227 - INFO - 3700/12232, 30.25% completed. Batch loss: species=4.5829, genus=7.1657, subfamily=6.9814, total=5.5976.
2026-06-08 20:40:29,235 - INFO - 3800/12232, 31.07% completed. Batch loss: species=3.9607, genus=3.9523, subfamily=7.5146, total=4.3136.
2026-06-08 20:40:44,578 - INFO - 3900/12232, 31.88% completed. Batch loss: species=4.6760, genus=5.4746, subfamily=6.6069, total=5.1087.
2026-06-08 20:41:01,161 - INFO - 4000/12232, 32.70% completed. Batch loss: species=4.2083, genus=3.8981, subfamily=7.5956, total=4.4540.
2026-06-08 20:41:17,176 - INFO - 4100/12232, 33.52% completed. Batch loss: species=3.9108, genus=5.1419, subfamily=4.6523, total=4.3543.
2026-06-08 20:41:32,677 - INFO - 4200/12232, 34.34% completed. Batch loss: species=3.7405, genus=4.2844, subfamily=6.9445, total=4.2241.
2026-06-08 20:41:49,691 - INFO - 4300/12232, 35.15% completed. Batch loss: species=4.3397, genus=4.4218, subfamily=4.8561, total=4.4160.
2026-06-08 20:42:05,050 - INFO - 4400/12232, 35.97% completed. Batch loss: species=3.9847, genus=4.2101, subfamily=9.6208, total=4.6160.
2026-06-08 20:42:22,195 - INFO - 4500/12232, 36.79% completed. Batch loss: species=4.3556, genus=4.1749, subfamily=4.4564, total=4.3115.
2026-06-08 20:42:38,085 - INFO - 4600/12232, 37.61% completed. Batch loss: species=4.0794, genus=4.3340, subfamily=7.3250, total=4.4803.
2026-06-08 20:42:53,641 - INFO - 4700/12232, 38.42% completed. Batch loss: species=3.9246, genus=4.4768, subfamily=6.3295, total=4.3307.
2026-06-08 20:43:09,050 - INFO - 4800/12232, 39.24% completed. Batch loss: species=4.0631, genus=3.1115, subfamily=5.0934, total=3.8807.
2026-06-08 20:43:25,277 - INFO - 4900/12232, 40.06% completed. Batch loss: species=3.9402, genus=4.8087, subfamily=6.8709, total=4.4938.
2026-06-08 20:43:41,064 - INFO - 5000/12232, 40.88% completed. Batch loss: species=4.1946, genus=4.5744, subfamily=4.1651, total=4.3056.
2026-06-08 20:43:56,973 - INFO - 5100/12232, 41.69% completed. Batch loss: species=4.6123, genus=3.9682, subfamily=4.0918, total=4.3670.
2026-06-08 20:44:14,029 - INFO - 5200/12232, 42.51% completed. Batch loss: species=4.1144, genus=6.6049, subfamily=7.9951, total=5.2496.
2026-06-08 20:44:30,344 - INFO - 5300/12232, 43.33% completed. Batch loss: species=3.4880, genus=3.6192, subfamily=8.1327, total=3.9918.
2026-06-08 20:44:45,348 - INFO - 5400/12232, 44.15% completed. Batch loss: species=3.5949, genus=3.6878, subfamily=3.1970, total=3.5830.
2026-06-08 20:45:02,002 - INFO - 5500/12232, 44.96% completed. Batch loss: species=3.7028, genus=5.6406, subfamily=7.6184, total=4.6757.
2026-06-08 20:45:17,772 - INFO - 5600/12232, 45.78% completed. Batch loss: species=4.6679, genus=4.5164, subfamily=8.1272, total=4.9684.
2026-06-08 20:45:32,368 - INFO - 5700/12232, 46.60% completed. Batch loss: species=3.8634, genus=4.1977, subfamily=5.0676, total=4.0841.
2026-06-08 20:45:49,288 - INFO - 5800/12232, 47.42% completed. Batch loss: species=3.8652, genus=4.4794, subfamily=8.9664, total=4.5596.
2026-06-08 20:46:05,239 - INFO - 5900/12232, 48.23% completed. Batch loss: species=3.2543, genus=3.1243, subfamily=8.1732, total=3.7072.
2026-06-08 20:46:21,127 - INFO - 6000/12232, 49.05% completed. Batch loss: species=3.0056, genus=3.5421, subfamily=3.0272, total=3.1687.
2026-06-08 20:46:37,119 - INFO - 6100/12232, 49.87% completed. Batch loss: species=3.1593, genus=4.6617, subfamily=9.5891, total=4.2530.
2026-06-08 20:46:53,165 - INFO - 6200/12232, 50.69% completed. Batch loss: species=3.2176, genus=4.9493, subfamily=4.8378, total=3.8991.
2026-06-08 20:47:12,632 - INFO - 6300/12232, 51.50% completed. Batch loss: species=3.7628, genus=4.1746, subfamily=9.2171, total=4.4318.
2026-06-08 20:47:28,798 - INFO - 6400/12232, 52.32% completed. Batch loss: species=4.0679, genus=3.8069, subfamily=3.7113, total=3.9539.
2026-06-08 20:47:44,259 - INFO - 6500/12232, 53.14% completed. Batch loss: species=4.1290, genus=2.9130, subfamily=2.7457, total=3.6259.
2026-06-08 20:48:00,545 - INFO - 6600/12232, 53.96% completed. Batch loss: species=3.8689, genus=4.0690, subfamily=4.3271, total=3.9747.
2026-06-08 20:48:22,270 - INFO - 6700/12232, 54.77% completed. Batch loss: species=5.2120, genus=4.5162, subfamily=7.8769, total=5.2697.
2026-06-08 20:48:38,400 - INFO - 6800/12232, 55.59% completed. Batch loss: species=4.1437, genus=5.4147, subfamily=4.4118, total=4.5518.
2026-06-08 20:48:55,048 - INFO - 6900/12232, 56.41% completed. Batch loss: species=4.1883, genus=4.3663, subfamily=7.1938, total=4.5422.
2026-06-08 20:49:11,538 - INFO - 7000/12232, 57.23% completed. Batch loss: species=5.0057, genus=6.0490, subfamily=7.0196, total=5.5201.
2026-06-08 20:49:26,656 - INFO - 7100/12232, 58.04% completed. Batch loss: species=3.8435, genus=3.9797, subfamily=7.9379, total=4.2938.
2026-06-08 20:49:43,343 - INFO - 7200/12232, 58.86% completed. Batch loss: species=4.3562, genus=3.9219, subfamily=8.6596, total=4.6562.
2026-06-08 20:49:58,558 - INFO - 7300/12232, 59.68% completed. Batch loss: species=3.9127, genus=3.7849, subfamily=4.1887, total=3.9020.
2026-06-08 20:50:15,479 - INFO - 7400/12232, 60.50% completed. Batch loss: species=4.4773, genus=6.2120, subfamily=10.6417, total=5.6142.
2026-06-08 20:50:31,355 - INFO - 7500/12232, 61.31% completed. Batch loss: species=3.6355, genus=5.3893, subfamily=6.8550, total=4.4836.
2026-06-08 20:50:48,269 - INFO - 7600/12232, 62.13% completed. Batch loss: species=4.5251, genus=5.5522, subfamily=5.0322, total=4.8840.
2026-06-08 20:51:02,983 - INFO - 7700/12232, 62.95% completed. Batch loss: species=3.9155, genus=5.1538, subfamily=5.7830, total=4.4737.
2026-06-08 20:51:20,050 - INFO - 7800/12232, 63.77% completed. Batch loss: species=4.2977, genus=4.5714, subfamily=6.3290, total=4.5829.
2026-06-08 20:51:35,741 - INFO - 7900/12232, 64.58% completed. Batch loss: species=4.3106, genus=6.3136, subfamily=5.2320, total=5.0036.
2026-06-08 20:51:51,667 - INFO - 8000/12232, 65.40% completed. Batch loss: species=4.2707, genus=3.5515, subfamily=4.1264, total=4.0405.
2026-06-08 20:52:08,038 - INFO - 8100/12232, 66.22% completed. Batch loss: species=4.0375, genus=4.9552, subfamily=4.5342, total=4.3625.
2026-06-08 20:52:23,298 - INFO - 8200/12232, 67.04% completed. Batch loss: species=4.7270, genus=6.3116, subfamily=7.8286, total=5.5126.
2026-06-08 20:52:39,779 - INFO - 8300/12232, 67.85% completed. Batch loss: species=3.5419, genus=3.6677, subfamily=7.9945, total=4.0249.
2026-06-08 20:52:54,900 - INFO - 8400/12232, 68.67% completed. Batch loss: species=3.4750, genus=3.7122, subfamily=3.3358, total=3.5322.
2026-06-08 20:53:11,053 - INFO - 8500/12232, 69.49% completed. Batch loss: species=3.6038, genus=6.7377, subfamily=10.2652, total=5.2101.
2026-06-08 20:53:28,448 - INFO - 8600/12232, 70.31% completed. Batch loss: species=4.0665, genus=5.7707, subfamily=7.4146, total=4.9126.
2026-06-08 20:53:44,071 - INFO - 8700/12232, 71.12% completed. Batch loss: species=3.9254, genus=4.5579, subfamily=6.9622, total=4.4188.
2026-06-08 20:54:00,315 - INFO - 8800/12232, 71.94% completed. Batch loss: species=4.3371, genus=4.5680, subfamily=4.4273, total=4.4154.
2026-06-08 20:54:15,909 - INFO - 8900/12232, 72.76% completed. Batch loss: species=3.9552, genus=6.2571, subfamily=5.6018, total=4.8104.
2026-06-08 20:54:31,757 - INFO - 9000/12232, 73.58% completed. Batch loss: species=4.1519, genus=5.0042, subfamily=5.5222, total=4.5446.
2026-06-08 20:54:48,815 - INFO - 9100/12232, 74.40% completed. Batch loss: species=4.3513, genus=6.5813, subfamily=6.4237, total=5.2275.
2026-06-08 20:55:03,800 - INFO - 9200/12232, 75.21% completed. Batch loss: species=3.6963, genus=5.6983, subfamily=9.5471, total=4.8820.
2026-06-08 20:55:19,436 - INFO - 9300/12232, 76.03% completed. Batch loss: species=3.9714, genus=3.7510, subfamily=3.8614, total=3.8943.
2026-06-08 20:55:36,024 - INFO - 9400/12232, 76.85% completed. Batch loss: species=3.2600, genus=4.0795, subfamily=9.8703, total=4.1669.
2026-06-08 20:55:51,758 - INFO - 9500/12232, 77.67% completed. Batch loss: species=3.9822, genus=3.7507, subfamily=9.0022, total=4.4147.
2026-06-08 20:56:08,345 - INFO - 9600/12232, 78.48% completed. Batch loss: species=4.7224, genus=4.1138, subfamily=7.1115, total=4.7787.
2026-06-08 20:56:25,309 - INFO - 9700/12232, 79.30% completed. Batch loss: species=3.2055, genus=3.7937, subfamily=6.6402, total=3.7254.
2026-06-08 20:56:39,733 - INFO - 9800/12232, 80.12% completed. Batch loss: species=3.6556, genus=4.3721, subfamily=5.4688, total=4.0519.
2026-06-08 20:56:57,066 - INFO - 9900/12232, 80.94% completed. Batch loss: species=3.7972, genus=4.1720, subfamily=5.2811, total=4.0580.
2026-06-08 20:57:12,960 - INFO - 10000/12232, 81.75% completed. Batch loss: species=3.2605, genus=3.6445, subfamily=5.6840, total=3.6181.
2026-06-08 20:57:28,195 - INFO - 10100/12232, 82.57% completed. Batch loss: species=4.3676, genus=4.6589, subfamily=5.2469, total=4.5429.
2026-06-08 20:57:44,190 - INFO - 10200/12232, 83.39% completed. Batch loss: species=3.2855, genus=3.6933, subfamily=5.0526, total=3.5845.
2026-06-08 20:58:00,935 - INFO - 10300/12232, 84.21% completed. Batch loss: species=3.2902, genus=4.5659, subfamily=4.2975, total=3.7736.
2026-06-08 20:58:16,391 - INFO - 10400/12232, 85.02% completed. Batch loss: species=3.4269, genus=3.9305, subfamily=9.3234, total=4.1676.
2026-06-08 20:58:33,474 - INFO - 10500/12232, 85.84% completed. Batch loss: species=4.1506, genus=4.1129, subfamily=5.2635, total=4.2506.
2026-06-08 20:58:48,938 - INFO - 10600/12232, 86.66% completed. Batch loss: species=4.6169, genus=4.7016, subfamily=4.9517, total=4.6758.
2026-06-08 20:59:04,845 - INFO - 10700/12232, 87.48% completed. Batch loss: species=3.7389, genus=4.3572, subfamily=12.4036, total=4.7908.
2026-06-08 20:59:20,941 - INFO - 10800/12232, 88.29% completed. Batch loss: species=3.5774, genus=4.5616, subfamily=6.1837, total=4.1333.
2026-06-08 20:59:37,711 - INFO - 10900/12232, 89.11% completed. Batch loss: species=4.2383, genus=3.8650, subfamily=4.1035, total=4.1128.
2026-06-08 20:59:52,881 - INFO - 11000/12232, 89.93% completed. Batch loss: species=3.5955, genus=3.7374, subfamily=4.0036, total=3.6789.
2026-06-08 21:00:08,323 - INFO - 11100/12232, 90.75% completed. Batch loss: species=4.1093, genus=5.2370, subfamily=7.4991, total=4.7866.
2026-06-08 21:00:23,921 - INFO - 11200/12232, 91.56% completed. Batch loss: species=3.8024, genus=4.7329, subfamily=7.1561, total=4.4169.
2026-06-08 21:00:41,303 - INFO - 11300/12232, 92.38% completed. Batch loss: species=4.1773, genus=4.9138, subfamily=8.1162, total=4.7922.
2026-06-08 21:00:56,427 - INFO - 11400/12232, 93.20% completed. Batch loss: species=3.8371, genus=4.5109, subfamily=5.7723, total=4.2328.
2026-06-08 21:01:11,894 - INFO - 11500/12232, 94.02% completed. Batch loss: species=3.2251, genus=5.9779, subfamily=9.2998, total=4.6584.
2026-06-08 21:01:28,706 - INFO - 11600/12232, 94.83% completed. Batch loss: species=5.4841, genus=5.6753, subfamily=6.5102, total=5.6441.
2026-06-08 21:01:45,014 - INFO - 11700/12232, 95.65% completed. Batch loss: species=3.6100, genus=3.3363, subfamily=2.7049, total=3.4374.
2026-06-08 21:02:01,901 - INFO - 11800/12232, 96.47% completed. Batch loss: species=3.8711, genus=4.7972, subfamily=6.1062, total=4.3724.
2026-06-08 21:02:16,697 - INFO - 11900/12232, 97.29% completed. Batch loss: species=3.4332, genus=6.3217, subfamily=6.5284, total=4.6092.
2026-06-08 21:02:33,146 - INFO - 12000/12232, 98.10% completed. Batch loss: species=4.5311, genus=3.9123, subfamily=5.3120, total=4.4236.
2026-06-08 21:02:49,066 - INFO - 12100/12232, 98.92% completed. Batch loss: species=4.2553, genus=4.9560, subfamily=5.3175, total=4.5717.
2026-06-08 21:03:05,795 - INFO - 12200/12232, 99.74% completed. Batch loss: species=3.7567, genus=4.3067, subfamily=3.3529, total=3.8813.
2026-06-08 21:03:07,905 - INFO - Epoch 1 train — species=4.0654, genus=4.7317, subfamily=6.7421, total=4.5330
