2026-05-23 16:58:58,718 - INFO - Starting etl pipeline: classification
2026-05-23 16:58:58,718 - INFO - Running iNaturalist classification pipeline
2026-05-23 17:06:40,119 - INFO - Starting etl pipeline: classification
2026-05-23 17:06:40,119 - INFO - Running iNaturalist classification pipeline
2026-05-23 17:44:43,798 - INFO - Running photo transfer pipeline
2026-05-23 18:18:25,723 - INFO - Starting etl pipeline: classification
2026-05-23 18:18:25,723 - INFO - Running iNaturalist classification pipeline
2026-05-23 18:18:57,649 - INFO - Running photo transfer pipeline
2026-05-23 20:44:53,008 - INFO - Data pipeline complete
2026-05-23 23:14:01,673 - INFO - Starting etl pipeline: classification
2026-05-23 23:14:01,674 - INFO - Running iNaturalist classification pipeline
2026-05-23 23:14:01,674 - INFO - Running photo transfer pipeline
2026-05-23 23:14:01,674 - INFO - Data pipeline complete
2026-05-23 23:14:01,677 - INFO - Starting etl pipeline: detection
2026-05-23 23:14:01,677 - INFO - Running LILA detection pipeline
2026-05-23 23:14:01,677 - INFO - Data pipeline complete
2026-05-23 23:14:01,813 - INFO - Starting etl pipeline: all
2026-05-23 23:14:01,813 - INFO - Running iNaturalist classification pipeline
2026-05-23 23:14:01,813 - INFO - Running LILA detection pipeline
2026-05-23 23:14:01,813 - INFO - Running photo transfer pipeline
2026-05-23 23:14:01,813 - INFO - Data pipeline complete
2026-05-23 23:14:01,815 - INFO - Starting etl pipeline: classification
2026-05-23 23:14:01,815 - INFO - Running iNaturalist classification pipeline
2026-05-23 23:14:01,815 - INFO - Running photo transfer pipeline
2026-05-23 23:14:01,815 - INFO - Data pipeline complete
2026-05-23 23:14:01,817 - INFO - Starting etl pipeline: all
2026-05-23 23:14:01,817 - INFO - Running iNaturalist classification pipeline
2026-05-23 23:14:01,817 - INFO - Running LILA detection pipeline
2026-05-23 23:14:01,817 - INFO - Running photo transfer pipeline
2026-05-23 23:14:01,818 - INFO - Data pipeline complete
2026-05-23 23:15:31,049 - INFO - Starting etl pipeline: classification
2026-05-23 23:15:31,049 - INFO - Running iNaturalist classification pipeline
2026-05-23 23:15:31,049 - INFO - Running photo transfer pipeline
2026-05-23 23:15:31,049 - INFO - Data pipeline complete
2026-05-23 23:15:31,051 - INFO - Starting etl pipeline: detection
2026-05-23 23:15:31,051 - INFO - Running LILA detection pipeline
2026-05-23 23:15:31,051 - INFO - Data pipeline complete
2026-05-23 23:15:31,053 - INFO - Starting etl pipeline: all
2026-05-23 23:15:31,053 - INFO - Running iNaturalist classification pipeline
2026-05-23 23:15:31,053 - INFO - Running LILA detection pipeline
2026-05-23 23:15:31,053 - INFO - Running photo transfer pipeline
2026-05-23 23:15:31,053 - INFO - Data pipeline complete
2026-05-23 23:15:31,055 - INFO - Starting etl pipeline: classification
2026-05-23 23:15:31,055 - INFO - Running iNaturalist classification pipeline
2026-05-23 23:15:31,055 - INFO - Running photo transfer pipeline
2026-05-23 23:15:31,055 - INFO - Data pipeline complete
2026-05-23 23:15:31,057 - INFO - Starting etl pipeline: all
2026-05-23 23:15:31,057 - INFO - Running iNaturalist classification pipeline
2026-05-23 23:15:31,057 - INFO - Running LILA detection pipeline
2026-05-23 23:15:31,057 - INFO - Running photo transfer pipeline
2026-05-23 23:15:31,057 - INFO - Data pipeline complete
2026-05-23 23:16:22,766 - INFO - Starting etl pipeline: classification
2026-05-23 23:16:22,767 - INFO - Running iNaturalist classification pipeline
2026-05-23 23:16:22,767 - INFO - Running photo transfer pipeline
2026-05-23 23:16:22,767 - INFO - Data pipeline complete
2026-05-23 23:16:22,770 - INFO - Starting etl pipeline: detection
2026-05-23 23:16:22,770 - INFO - Running LILA detection pipeline
2026-05-23 23:16:22,770 - INFO - Data pipeline complete
2026-05-23 23:16:22,773 - INFO - Starting etl pipeline: all
2026-05-23 23:16:22,773 - INFO - Running iNaturalist classification pipeline
2026-05-23 23:16:22,773 - INFO - Running LILA detection pipeline
2026-05-23 23:16:22,773 - INFO - Running photo transfer pipeline
2026-05-23 23:16:22,774 - INFO - Data pipeline complete
2026-05-23 23:16:22,776 - INFO - Starting etl pipeline: classification
2026-05-23 23:16:22,776 - INFO - Running iNaturalist classification pipeline
2026-05-23 23:16:22,776 - INFO - Running photo transfer pipeline
2026-05-23 23:16:22,776 - INFO - Data pipeline complete
2026-05-23 23:16:22,778 - INFO - Starting etl pipeline: all
2026-05-23 23:16:22,778 - INFO - Running iNaturalist classification pipeline
2026-05-23 23:16:22,778 - INFO - Running LILA detection pipeline
2026-05-23 23:16:22,778 - INFO - Running photo transfer pipeline
2026-05-23 23:16:22,778 - INFO - Data pipeline complete
2026-05-23 23:20:42,138 - INFO - Starting etl pipeline: classification
2026-05-23 23:20:42,138 - INFO - Running iNaturalist classification pipeline
2026-05-23 23:20:42,138 - INFO - Running photo transfer pipeline
2026-05-23 23:20:42,139 - INFO - Data pipeline complete
2026-05-23 23:20:42,142 - INFO - Starting etl pipeline: detection
2026-05-23 23:20:42,142 - INFO - Running LILA detection pipeline
2026-05-23 23:20:42,142 - INFO - Data pipeline complete
2026-05-23 23:20:42,144 - INFO - Starting etl pipeline: all
2026-05-23 23:20:42,144 - INFO - Running iNaturalist classification pipeline
2026-05-23 23:20:42,145 - INFO - Running LILA detection pipeline
2026-05-23 23:20:42,145 - INFO - Running photo transfer pipeline
2026-05-23 23:20:42,145 - INFO - Data pipeline complete
2026-05-23 23:20:42,147 - INFO - Starting etl pipeline: classification
2026-05-23 23:20:42,147 - INFO - Running iNaturalist classification pipeline
2026-05-23 23:20:42,148 - INFO - Running photo transfer pipeline
2026-05-23 23:20:42,148 - INFO - Data pipeline complete
2026-05-23 23:20:42,150 - INFO - Starting etl pipeline: all
2026-05-23 23:20:42,150 - INFO - Running iNaturalist classification pipeline
2026-05-23 23:20:42,150 - INFO - Running LILA detection pipeline
2026-05-23 23:20:42,150 - INFO - Running photo transfer pipeline
2026-05-23 23:20:42,151 - INFO - Data pipeline complete
2026-05-30 20:22:00,978 - INFO - Starting etl pipeline: classification
2026-05-30 20:22:00,978 - INFO - Running iNaturalist classification pipeline
2026-05-30 20:22:26,445 - INFO - Data pipeline complete
2026-05-31 16:34:14,173 - INFO - Starting etl pipeline: classification
2026-05-31 16:34:14,173 - INFO - Running iNaturalist classification pipeline
2026-05-31 16:34:14,173 - INFO - Running photo transfer pipeline
2026-05-31 16:34:14,174 - INFO - Data pipeline complete
2026-05-31 16:34:14,176 - INFO - Starting etl pipeline: detection
2026-05-31 16:34:14,176 - INFO - Running LILA detection pipeline
2026-05-31 16:34:14,176 - INFO - Data pipeline complete
2026-05-31 16:34:14,178 - INFO - Starting etl pipeline: all
2026-05-31 16:34:14,178 - INFO - Running iNaturalist classification pipeline
2026-05-31 16:34:14,178 - INFO - Running LILA detection pipeline
2026-05-31 16:34:14,178 - INFO - Running photo transfer pipeline
2026-05-31 16:34:14,178 - INFO - Data pipeline complete
2026-05-31 16:34:14,180 - INFO - Starting etl pipeline: classification
2026-05-31 16:34:14,180 - INFO - Running iNaturalist classification pipeline
2026-05-31 16:34:14,180 - INFO - Running photo transfer pipeline
2026-05-31 16:34:14,181 - INFO - Data pipeline complete
2026-05-31 16:34:14,182 - INFO - Starting etl pipeline: all
2026-05-31 16:34:14,182 - INFO - Running iNaturalist classification pipeline
2026-05-31 16:34:14,183 - INFO - Running LILA detection pipeline
2026-05-31 16:34:14,183 - INFO - Running photo transfer pipeline
2026-05-31 16:34:14,183 - INFO - Data pipeline complete
2026-05-31 16:34:58,544 - INFO - Starting etl pipeline: classification
2026-05-31 16:34:58,545 - INFO - Running iNaturalist classification pipeline
2026-05-31 16:34:58,545 - INFO - Running photo transfer pipeline
2026-05-31 16:34:58,545 - INFO - Data pipeline complete
2026-05-31 16:34:58,547 - INFO - Starting etl pipeline: detection
2026-05-31 16:34:58,547 - INFO - Running LILA detection pipeline
2026-05-31 16:34:58,547 - INFO - Data pipeline complete
2026-05-31 16:34:58,549 - INFO - Starting etl pipeline: all
2026-05-31 16:34:58,549 - INFO - Running iNaturalist classification pipeline
2026-05-31 16:34:58,549 - INFO - Running LILA detection pipeline
2026-05-31 16:34:58,550 - INFO - Running photo transfer pipeline
2026-05-31 16:34:58,550 - INFO - Data pipeline complete
2026-05-31 16:34:58,552 - INFO - Starting etl pipeline: classification
2026-05-31 16:34:58,552 - INFO - Running iNaturalist classification pipeline
2026-05-31 16:34:58,552 - INFO - Running photo transfer pipeline
2026-05-31 16:34:58,553 - INFO - Data pipeline complete
2026-05-31 16:34:58,554 - INFO - Starting etl pipeline: all
2026-05-31 16:34:58,554 - INFO - Running iNaturalist classification pipeline
2026-05-31 16:34:58,554 - INFO - Running LILA detection pipeline
2026-05-31 16:34:58,554 - INFO - Running photo transfer pipeline
2026-05-31 16:34:58,555 - INFO - Data pipeline complete
2026-05-31 16:53:03,523 - INFO - Starting etl pipeline: classification
2026-05-31 16:53:03,524 - INFO - Running iNaturalist classification pipeline
2026-05-31 16:53:03,524 - INFO - Running photo transfer pipeline
2026-05-31 16:53:03,524 - INFO - Data pipeline complete
2026-05-31 16:53:03,526 - INFO - Starting etl pipeline: detection
2026-05-31 16:53:03,526 - INFO - Running LILA detection pipeline
2026-05-31 16:53:03,526 - INFO - Data pipeline complete
2026-05-31 16:53:03,528 - INFO - Starting etl pipeline: all
2026-05-31 16:53:03,528 - INFO - Running iNaturalist classification pipeline
2026-05-31 16:53:03,528 - INFO - Running LILA detection pipeline
2026-05-31 16:53:03,528 - INFO - Running photo transfer pipeline
2026-05-31 16:53:03,528 - INFO - Data pipeline complete
2026-05-31 16:53:03,531 - INFO - Starting etl pipeline: classification
2026-05-31 16:53:03,531 - INFO - Running iNaturalist classification pipeline
2026-05-31 16:53:03,531 - INFO - Running photo transfer pipeline
2026-05-31 16:53:03,531 - INFO - Data pipeline complete
2026-05-31 16:53:03,533 - INFO - Starting etl pipeline: all
2026-05-31 16:53:03,533 - INFO - Running iNaturalist classification pipeline
2026-05-31 16:53:03,533 - INFO - Running LILA detection pipeline
2026-05-31 16:53:03,533 - INFO - Running photo transfer pipeline
2026-05-31 16:53:03,533 - INFO - Data pipeline complete
2026-06-01 21:46:36,101 - INFO - Starting etl pipeline: classification
2026-06-01 21:46:36,101 - INFO - Running iNaturalist classification pipeline
2026-06-01 21:46:36,102 - INFO - Running photo transfer pipeline
2026-06-01 21:46:36,102 - INFO - Data pipeline complete
2026-06-01 21:46:36,104 - INFO - Starting etl pipeline: detection
2026-06-01 21:46:36,104 - INFO - Running LILA detection pipeline
2026-06-01 21:46:36,104 - INFO - Data pipeline complete
2026-06-01 21:46:36,106 - INFO - Starting etl pipeline: all
2026-06-01 21:46:36,106 - INFO - Running iNaturalist classification pipeline
2026-06-01 21:46:36,106 - INFO - Running LILA detection pipeline
2026-06-01 21:46:36,107 - INFO - Running photo transfer pipeline
2026-06-01 21:46:36,107 - INFO - Data pipeline complete
2026-06-01 21:46:36,109 - INFO - Starting etl pipeline: classification
2026-06-01 21:46:36,109 - INFO - Running iNaturalist classification pipeline
2026-06-01 21:46:36,109 - INFO - Running photo transfer pipeline
2026-06-01 21:46:36,109 - INFO - Data pipeline complete
2026-06-01 21:46:36,111 - INFO - Starting etl pipeline: all
2026-06-01 21:46:36,111 - INFO - Running iNaturalist classification pipeline
2026-06-01 21:46:36,112 - INFO - Running LILA detection pipeline
2026-06-01 21:46:36,112 - INFO - Running photo transfer pipeline
2026-06-01 21:46:36,112 - INFO - Data pipeline complete
2026-06-01 21:59:59,128 - INFO - Starting etl pipeline: classification
2026-06-01 21:59:59,128 - INFO - Running iNaturalist classification pipeline
2026-06-01 21:59:59,128 - INFO - Running photo transfer pipeline
2026-06-01 21:59:59,129 - INFO - Data pipeline complete
2026-06-01 21:59:59,131 - INFO - Starting etl pipeline: detection
2026-06-01 21:59:59,131 - INFO - Running LILA detection pipeline
2026-06-01 21:59:59,131 - INFO - Data pipeline complete
2026-06-01 21:59:59,133 - INFO - Starting etl pipeline: all
2026-06-01 21:59:59,133 - INFO - Running iNaturalist classification pipeline
2026-06-01 21:59:59,133 - INFO - Running LILA detection pipeline
2026-06-01 21:59:59,133 - INFO - Running photo transfer pipeline
2026-06-01 21:59:59,133 - INFO - Data pipeline complete
2026-06-01 21:59:59,135 - INFO - Starting etl pipeline: classification
2026-06-01 21:59:59,135 - INFO - Running iNaturalist classification pipeline
2026-06-01 21:59:59,135 - INFO - Running photo transfer pipeline
2026-06-01 21:59:59,136 - INFO - Data pipeline complete
2026-06-01 21:59:59,138 - INFO - Starting etl pipeline: all
2026-06-01 21:59:59,138 - INFO - Running iNaturalist classification pipeline
2026-06-01 21:59:59,138 - INFO - Running LILA detection pipeline
2026-06-01 21:59:59,138 - INFO - Running photo transfer pipeline
2026-06-01 21:59:59,138 - INFO - Data pipeline complete
2026-06-01 22:01:59,889 - INFO - Starting etl pipeline: classification
2026-06-01 22:01:59,889 - INFO - Running iNaturalist classification pipeline
2026-06-01 22:01:59,889 - INFO - Running photo transfer pipeline
2026-06-01 22:01:59,890 - INFO - Data pipeline complete
2026-06-01 22:01:59,892 - INFO - Starting etl pipeline: detection
2026-06-01 22:01:59,892 - INFO - Running LILA detection pipeline
2026-06-01 22:01:59,892 - INFO - Data pipeline complete
2026-06-01 22:01:59,893 - INFO - Starting etl pipeline: all
2026-06-01 22:01:59,893 - INFO - Running iNaturalist classification pipeline
2026-06-01 22:01:59,894 - INFO - Running LILA detection pipeline
2026-06-01 22:01:59,894 - INFO - Running photo transfer pipeline
2026-06-01 22:01:59,894 - INFO - Data pipeline complete
2026-06-01 22:01:59,896 - INFO - Starting etl pipeline: classification
2026-06-01 22:01:59,896 - INFO - Running iNaturalist classification pipeline
2026-06-01 22:01:59,896 - INFO - Running photo transfer pipeline
2026-06-01 22:01:59,896 - INFO - Data pipeline complete
2026-06-01 22:01:59,898 - INFO - Starting etl pipeline: all
2026-06-01 22:01:59,898 - INFO - Running iNaturalist classification pipeline
2026-06-01 22:01:59,898 - INFO - Running LILA detection pipeline
2026-06-01 22:01:59,898 - INFO - Running photo transfer pipeline
2026-06-01 22:01:59,898 - INFO - Data pipeline complete
2026-06-01 22:05:21,605 - INFO - Starting etl pipeline: classification
2026-06-01 22:05:21,605 - INFO - Running iNaturalist classification pipeline
2026-06-01 22:05:21,606 - INFO - Running photo transfer pipeline
2026-06-01 22:05:21,606 - INFO - Data pipeline complete
2026-06-01 22:05:21,608 - INFO - Starting etl pipeline: detection
2026-06-01 22:05:21,608 - INFO - Running LILA detection pipeline
2026-06-01 22:05:21,608 - INFO - Data pipeline complete
2026-06-01 22:05:21,610 - INFO - Starting etl pipeline: all
2026-06-01 22:05:21,610 - INFO - Running iNaturalist classification pipeline
2026-06-01 22:05:21,610 - INFO - Running LILA detection pipeline
2026-06-01 22:05:21,610 - INFO - Running photo transfer pipeline
2026-06-01 22:05:21,610 - INFO - Data pipeline complete
2026-06-01 22:05:21,612 - INFO - Starting etl pipeline: classification
2026-06-01 22:05:21,612 - INFO - Running iNaturalist classification pipeline
2026-06-01 22:05:21,612 - INFO - Running photo transfer pipeline
2026-06-01 22:05:21,612 - INFO - Data pipeline complete
2026-06-01 22:05:21,614 - INFO - Starting etl pipeline: all
2026-06-01 22:05:21,614 - INFO - Running iNaturalist classification pipeline
2026-06-01 22:05:21,614 - INFO - Running LILA detection pipeline
2026-06-01 22:05:21,614 - INFO - Running photo transfer pipeline
2026-06-01 22:05:21,614 - INFO - Data pipeline complete
2026-06-01 22:08:05,202 - INFO - Starting etl pipeline: classification
2026-06-01 22:08:05,202 - INFO - Running iNaturalist classification pipeline
2026-06-01 22:08:05,202 - INFO - Running photo transfer pipeline
2026-06-01 22:08:05,202 - INFO - Data pipeline complete
2026-06-01 22:08:05,204 - INFO - Starting etl pipeline: detection
2026-06-01 22:08:05,204 - INFO - Running LILA detection pipeline
2026-06-01 22:08:05,204 - INFO - Data pipeline complete
2026-06-01 22:08:05,206 - INFO - Starting etl pipeline: all
2026-06-01 22:08:05,206 - INFO - Running iNaturalist classification pipeline
2026-06-01 22:08:05,206 - INFO - Running LILA detection pipeline
2026-06-01 22:08:05,206 - INFO - Running photo transfer pipeline
2026-06-01 22:08:05,207 - INFO - Data pipeline complete
2026-06-01 22:08:05,209 - INFO - Starting etl pipeline: classification
2026-06-01 22:08:05,209 - INFO - Running iNaturalist classification pipeline
2026-06-01 22:08:05,209 - INFO - Running photo transfer pipeline
2026-06-01 22:08:05,209 - INFO - Data pipeline complete
2026-06-01 22:08:05,211 - INFO - Starting etl pipeline: all
2026-06-01 22:08:05,211 - INFO - Running iNaturalist classification pipeline
2026-06-01 22:08:05,211 - INFO - Running LILA detection pipeline
2026-06-01 22:08:05,211 - INFO - Running photo transfer pipeline
2026-06-01 22:08:05,211 - INFO - Data pipeline complete
2026-06-01 22:09:31,900 - INFO - Starting etl pipeline: classification
2026-06-01 22:09:31,900 - INFO - Running iNaturalist classification pipeline
2026-06-01 22:09:31,900 - INFO - Running photo transfer pipeline
2026-06-01 22:09:31,901 - INFO - Data pipeline complete
2026-06-01 22:09:31,903 - INFO - Starting etl pipeline: detection
2026-06-01 22:09:31,904 - INFO - Running LILA detection pipeline
2026-06-01 22:09:31,904 - INFO - Data pipeline complete
2026-06-01 22:09:31,906 - INFO - Starting etl pipeline: all
2026-06-01 22:09:31,906 - INFO - Running iNaturalist classification pipeline
2026-06-01 22:09:31,906 - INFO - Running LILA detection pipeline
2026-06-01 22:09:31,907 - INFO - Running photo transfer pipeline
2026-06-01 22:09:31,907 - INFO - Data pipeline complete
2026-06-01 22:09:31,909 - INFO - Starting etl pipeline: classification
2026-06-01 22:09:31,910 - INFO - Running iNaturalist classification pipeline
2026-06-01 22:09:31,910 - INFO - Running photo transfer pipeline
2026-06-01 22:09:31,910 - INFO - Data pipeline complete
2026-06-01 22:09:31,913 - INFO - Starting etl pipeline: all
2026-06-01 22:09:31,913 - INFO - Running iNaturalist classification pipeline
2026-06-01 22:09:31,913 - INFO - Running LILA detection pipeline
2026-06-01 22:09:31,914 - INFO - Running photo transfer pipeline
2026-06-01 22:09:31,914 - INFO - Data pipeline complete
2026-06-01 22:11:47,504 - INFO - Starting etl pipeline: classification
2026-06-01 22:11:47,504 - INFO - Running iNaturalist classification pipeline
2026-06-01 22:11:47,505 - INFO - Running photo transfer pipeline
2026-06-01 22:11:47,505 - INFO - Data pipeline complete
2026-06-01 22:11:47,507 - INFO - Starting etl pipeline: detection
2026-06-01 22:11:47,507 - INFO - Running LILA detection pipeline
2026-06-01 22:11:47,507 - INFO - Data pipeline complete
2026-06-01 22:11:47,509 - INFO - Starting etl pipeline: all
2026-06-01 22:11:47,509 - INFO - Running iNaturalist classification pipeline
2026-06-01 22:11:47,509 - INFO - Running LILA detection pipeline
2026-06-01 22:11:47,509 - INFO - Running photo transfer pipeline
2026-06-01 22:11:47,509 - INFO - Data pipeline complete
2026-06-01 22:11:47,511 - INFO - Starting etl pipeline: classification
2026-06-01 22:11:47,511 - INFO - Running iNaturalist classification pipeline
2026-06-01 22:11:47,511 - INFO - Running photo transfer pipeline
2026-06-01 22:11:47,511 - INFO - Data pipeline complete
2026-06-01 22:11:47,513 - INFO - Starting etl pipeline: all
2026-06-01 22:11:47,513 - INFO - Running iNaturalist classification pipeline
2026-06-01 22:11:47,513 - INFO - Running LILA detection pipeline
2026-06-01 22:11:47,513 - INFO - Running photo transfer pipeline
2026-06-01 22:11:47,514 - INFO - Data pipeline complete
