2026-07-01 18:25:26,630 - INFO - gate floor:geo_top1_species: {'value': 0.7, 'min': 0.65, 'pass': True}
2026-07-01 18:25:26,630 - INFO - gate bootstrap: True
2026-07-01 18:25:26,631 - INFO - Promoted classifier → /tmp/pytest-of-frogonarock/pytest-27/test_promote_writes_then_next_0/classifier
2026-07-01 18:25:26,631 - INFO - gate floor:geo_top1_species: {'value': 0.6499999999999999, 'min': 0.65, 'pass': False}
2026-07-01 18:25:26,631 - INFO - gate regress:geo_top1_species: {'new': 0.6499999999999999, 'incumbent': 0.7, 'eps': 0.005, 'pass': False}
2026-07-01 18:25:26,631 - INFO - gate regress:geo_top3_species: {'new': 0.85, 'incumbent': 0.85, 'eps': 0.005, 'pass': True}
2026-07-01 18:25:26,631 - INFO - gate regress:geo_top1_genus: {'new': 0.8, 'incumbent': 0.8, 'eps': 0.005, 'pass': True}
2026-07-01 18:25:26,631 - INFO - gate regress:geo_top3_genus: {'new': 0.9, 'incumbent': 0.9, 'eps': 0.005, 'pass': True}
2026-07-01 18:25:26,631 - INFO - gate regress:geo_top1_family: {'new': 0.9, 'incumbent': 0.9, 'eps': 0.005, 'pass': True}
2026-07-01 18:25:26,631 - INFO - gate regress:geo_top3_family: {'new': 0.95, 'incumbent': 0.95, 'eps': 0.005, 'pass': True}
2026-07-01 18:25:26,631 - WARNING - classifier NOT promoted — keeping incumbent
2026-07-01 18:26:38,293 - INFO - gate floor:geo_top1_species: {'value': 0.7, 'min': 0.65, 'pass': True}
2026-07-01 18:26:38,293 - INFO - gate bootstrap: True
2026-07-01 18:26:38,293 - INFO - Promoted classifier → /tmp/pytest-of-frogonarock/pytest-28/test_promote_writes_then_next_0/classifier
2026-07-01 18:26:38,293 - INFO - gate floor:geo_top1_species: {'value': 0.6499999999999999, 'min': 0.65, 'pass': False}
2026-07-01 18:26:38,293 - INFO - gate regress:geo_top1_species: {'new': 0.6499999999999999, 'incumbent': 0.7, 'eps': 0.005, 'pass': False}
2026-07-01 18:26:38,293 - INFO - gate regress:geo_top3_species: {'new': 0.85, 'incumbent': 0.85, 'eps': 0.005, 'pass': True}
2026-07-01 18:26:38,293 - INFO - gate regress:geo_top1_genus: {'new': 0.8, 'incumbent': 0.8, 'eps': 0.005, 'pass': True}
2026-07-01 18:26:38,293 - INFO - gate regress:geo_top3_genus: {'new': 0.9, 'incumbent': 0.9, 'eps': 0.005, 'pass': True}
2026-07-01 18:26:38,293 - INFO - gate regress:geo_top1_family: {'new': 0.9, 'incumbent': 0.9, 'eps': 0.005, 'pass': True}
2026-07-01 18:26:38,293 - INFO - gate regress:geo_top3_family: {'new': 0.95, 'incumbent': 0.95, 'eps': 0.005, 'pass': True}
2026-07-01 18:26:38,293 - WARNING - classifier NOT promoted — keeping incumbent
2026-07-03 14:06:46,650 - INFO - gate floor:geo_top1_species: {'value': 0.7, 'min': 0.65, 'pass': True}
2026-07-03 14:06:46,650 - INFO - gate bootstrap: True
2026-07-03 14:06:46,650 - INFO - Promoted classifier → /tmp/pytest-of-frogonarock/pytest-0/test_promote_writes_then_next_0/classifier
2026-07-03 14:06:46,650 - INFO - gate floor:geo_top1_species: {'value': 0.6499999999999999, 'min': 0.65, 'pass': False}
2026-07-03 14:06:46,650 - INFO - gate regress:geo_top1_species: {'new': 0.6499999999999999, 'incumbent': 0.7, 'eps': 0.005, 'pass': False}
2026-07-03 14:06:46,650 - INFO - gate regress:geo_top3_species: {'new': 0.85, 'incumbent': 0.85, 'eps': 0.005, 'pass': True}
2026-07-03 14:06:46,650 - INFO - gate regress:geo_top1_genus: {'new': 0.8, 'incumbent': 0.8, 'eps': 0.005, 'pass': True}
2026-07-03 14:06:46,650 - INFO - gate regress:geo_top3_genus: {'new': 0.9, 'incumbent': 0.9, 'eps': 0.005, 'pass': True}
2026-07-03 14:06:46,650 - INFO - gate regress:geo_top1_family: {'new': 0.9, 'incumbent': 0.9, 'eps': 0.005, 'pass': True}
2026-07-03 14:06:46,650 - INFO - gate regress:geo_top3_family: {'new': 0.95, 'incumbent': 0.95, 'eps': 0.005, 'pass': True}
2026-07-03 14:06:46,650 - WARNING - classifier NOT promoted — keeping incumbent
2026-07-03 17:54:29,909 - INFO - gate floor:geo_top1_species: {'value': 0.7, 'min': 0.65, 'pass': True}
2026-07-03 17:54:29,909 - INFO - gate bootstrap: True
2026-07-03 17:54:29,909 - INFO - Promoted classifier → /tmp/pytest-of-frogonarock/pytest-1/test_promote_writes_then_next_0/classifier
2026-07-03 17:54:29,909 - INFO - gate floor:geo_top1_species: {'value': 0.6499999999999999, 'min': 0.65, 'pass': False}
2026-07-03 17:54:29,909 - INFO - gate regress:geo_top1_species: {'new': 0.6499999999999999, 'incumbent': 0.7, 'eps': 0.005, 'pass': False}
2026-07-03 17:54:29,909 - INFO - gate regress:geo_top3_species: {'new': 0.85, 'incumbent': 0.85, 'eps': 0.005, 'pass': True}
2026-07-03 17:54:29,909 - INFO - gate regress:geo_top1_genus: {'new': 0.8, 'incumbent': 0.8, 'eps': 0.005, 'pass': True}
2026-07-03 17:54:29,909 - INFO - gate regress:geo_top3_genus: {'new': 0.9, 'incumbent': 0.9, 'eps': 0.005, 'pass': True}
2026-07-03 17:54:29,909 - INFO - gate regress:geo_top1_family: {'new': 0.9, 'incumbent': 0.9, 'eps': 0.005, 'pass': True}
2026-07-03 17:54:29,909 - INFO - gate regress:geo_top3_family: {'new': 0.95, 'incumbent': 0.95, 'eps': 0.005, 'pass': True}
2026-07-03 17:54:29,909 - WARNING - classifier NOT promoted — keeping incumbent
2026-07-03 17:58:19,538 - INFO - gate floor:geo_top1_species: {'value': 0.7, 'min': 0.65, 'pass': True}
2026-07-03 17:58:19,538 - INFO - gate bootstrap: True
2026-07-03 17:58:19,539 - INFO - Promoted classifier → /tmp/pytest-of-frogonarock/pytest-2/test_promote_writes_then_next_0/classifier
2026-07-03 17:58:19,539 - INFO - gate floor:geo_top1_species: {'value': 0.6499999999999999, 'min': 0.65, 'pass': False}
2026-07-03 17:58:19,539 - INFO - gate regress:geo_top1_species: {'new': 0.6499999999999999, 'incumbent': 0.7, 'eps': 0.005, 'pass': False}
2026-07-03 17:58:19,539 - INFO - gate regress:geo_top3_species: {'new': 0.85, 'incumbent': 0.85, 'eps': 0.005, 'pass': True}
2026-07-03 17:58:19,539 - INFO - gate regress:geo_top1_genus: {'new': 0.8, 'incumbent': 0.8, 'eps': 0.005, 'pass': True}
2026-07-03 17:58:19,539 - INFO - gate regress:geo_top3_genus: {'new': 0.9, 'incumbent': 0.9, 'eps': 0.005, 'pass': True}
2026-07-03 17:58:19,539 - INFO - gate regress:geo_top1_family: {'new': 0.9, 'incumbent': 0.9, 'eps': 0.005, 'pass': True}
2026-07-03 17:58:19,539 - INFO - gate regress:geo_top3_family: {'new': 0.95, 'incumbent': 0.95, 'eps': 0.005, 'pass': True}
2026-07-03 17:58:19,539 - WARNING - classifier NOT promoted — keeping incumbent
