2026-05-30 20:07:43,485 - INFO - Retrieving classification subfamily, genus, species.
2026-05-30 20:07:44,395 - INFO - Zero indexing subfamily, genus, species for load to inat_classification_dataset.
2026-05-30 20:07:46,176 - INFO - Loading: zero indexed classes to inat_classification_dataset.
2026-05-31 16:34:42,715 - INFO - Retrieving classification subfamily, genus, species.
2026-05-31 16:34:42,716 - INFO - Zero indexing subfamily, genus, species for load to inat_classification_dataset.
2026-05-31 16:34:42,716 - INFO - Loading: zero indexed classes to inat_classification_dataset.
2026-05-31 16:35:25,920 - INFO - Retrieving classification subfamily, genus, species.
2026-05-31 16:35:25,920 - INFO - Zero indexing subfamily, genus, species for load to inat_classification_dataset.
2026-05-31 16:35:25,920 - INFO - Loading: zero indexed classes to inat_classification_dataset.
2026-05-31 16:53:29,781 - INFO - Retrieving classification subfamily, genus, species.
2026-05-31 16:53:29,781 - INFO - Zero indexing subfamily, genus, species for load to inat_classification_dataset.
2026-05-31 16:53:29,781 - INFO - Loading: zero indexed classes to inat_classification_dataset.
2026-06-01 21:47:05,545 - INFO - Retrieving classification subfamily, genus, species.
2026-06-01 21:47:05,545 - INFO - Zero indexing subfamily, genus, species for load to inat_classification_dataset.
2026-06-01 21:47:05,545 - INFO - Loading: zero indexed classes to inat_classification_dataset.
2026-06-01 22:00:27,576 - INFO - Retrieving classification subfamily, genus, species.
2026-06-01 22:00:27,576 - INFO - Zero indexing subfamily, genus, species for load to inat_classification_dataset.
2026-06-01 22:00:27,576 - INFO - Loading: zero indexed classes to inat_classification_dataset.
2026-06-01 22:02:27,686 - INFO - Retrieving classification subfamily, genus, species.
2026-06-01 22:02:27,687 - INFO - Zero indexing subfamily, genus, species for load to inat_classification_dataset.
2026-06-01 22:02:27,687 - INFO - Loading: zero indexed classes to inat_classification_dataset.
2026-06-01 22:05:51,364 - INFO - Retrieving classification subfamily, genus, species.
2026-06-01 22:05:51,365 - INFO - Zero indexing subfamily, genus, species for load to inat_classification_dataset.
2026-06-01 22:05:51,365 - INFO - Loading: zero indexed classes to inat_classification_dataset.
2026-06-01 22:08:33,810 - INFO - Retrieving classification subfamily, genus, species.
2026-06-01 22:08:33,811 - INFO - Zero indexing subfamily, genus, species for load to inat_classification_dataset.
2026-06-01 22:08:33,811 - INFO - Loading: zero indexed classes to inat_classification_dataset.
2026-06-01 22:09:57,229 - INFO - Retrieving classification subfamily, genus, species.
2026-06-01 22:09:57,230 - INFO - Zero indexing subfamily, genus, species for load to inat_classification_dataset.
2026-06-01 22:09:57,230 - INFO - Loading: zero indexed classes to inat_classification_dataset.
2026-06-01 22:12:11,338 - INFO - Retrieving classification subfamily, genus, species.
2026-06-01 22:12:11,338 - INFO - Zero indexing subfamily, genus, species for load to inat_classification_dataset.
2026-06-01 22:12:11,338 - INFO - Loading: zero indexed classes to inat_classification_dataset.
2026-06-02 14:25:25,240 - INFO - Retrieving classification subfamily, genus, species.
2026-06-02 14:25:25,240 - INFO - Zero indexing subfamily, genus, species for load to inat_classification_dataset.
2026-06-02 14:25:25,240 - INFO - Loading: zero indexed classes to inat_classification_dataset.
2026-06-04 15:43:09,599 - INFO - Retrieving classification subfamily, genus, species.
2026-06-04 15:43:09,599 - INFO - Zero indexing subfamily, genus, species for load to inat_classification_dataset.
2026-06-04 15:43:09,599 - INFO - Loading: zero indexed classes to inat_classification_dataset.
2026-06-04 15:47:46,531 - INFO - Retrieving classification subfamily, genus, species.
2026-06-04 15:47:46,532 - INFO - Zero indexing subfamily, genus, species for load to inat_classification_dataset.
2026-06-04 15:47:46,532 - INFO - Loading: zero indexed classes to inat_classification_dataset.
2026-06-04 15:54:10,793 - INFO - Retrieving classification subfamily, genus, species.
2026-06-04 15:54:10,794 - INFO - Zero indexing subfamily, genus, species for load to inat_classification_dataset.
2026-06-04 15:54:10,794 - INFO - Loading: zero indexed classes to inat_classification_dataset.
2026-06-04 16:29:59,903 - INFO - Retrieving classification subfamily, genus, species.
2026-06-04 16:29:59,903 - INFO - Zero indexing subfamily, genus, species for load to inat_classification_dataset.
2026-06-04 16:29:59,903 - INFO - Loading: zero indexed classes to inat_classification_dataset.
2026-06-04 16:30:48,573 - INFO - Retrieving classification subfamily, genus, species.
2026-06-04 16:30:48,573 - INFO - Zero indexing subfamily, genus, species for load to inat_classification_dataset.
2026-06-04 16:30:48,573 - INFO - Loading: zero indexed classes to inat_classification_dataset.
2026-06-04 16:34:00,654 - INFO - Retrieving classification subfamily, genus, species.
2026-06-04 16:34:00,654 - INFO - Zero indexing subfamily, genus, species for load to inat_classification_dataset.
2026-06-04 16:34:00,655 - INFO - Loading: zero indexed classes to inat_classification_dataset.
2026-06-04 16:36:54,372 - INFO - Retrieving classification subfamily, genus, species.
2026-06-04 16:36:54,373 - INFO - Zero indexing subfamily, genus, species for load to inat_classification_dataset.
2026-06-04 16:36:54,373 - INFO - Loading: zero indexed classes to inat_classification_dataset.
2026-06-04 16:38:19,984 - INFO - Retrieving classification subfamily, genus, species.
2026-06-04 16:38:19,984 - INFO - Zero indexing subfamily, genus, species for load to inat_classification_dataset.
2026-06-04 16:38:19,984 - INFO - Loading: zero indexed classes to inat_classification_dataset.
2026-06-04 16:40:45,968 - INFO - Retrieving classification subfamily, genus, species.
2026-06-04 16:40:46,753 - INFO - Zero indexing subfamily, genus, species for load to inat_classification_dataset.
2026-06-04 16:40:48,660 - INFO - Loading: zero indexed classes to inat_classification_dataset.
2026-06-04 16:44:50,228 - INFO - Retrieving classification subfamily, genus, species.
2026-06-04 16:44:50,228 - INFO - Zero indexing subfamily, genus, species for load to inat_classification_dataset.
2026-06-04 16:44:50,228 - INFO - Loading: zero indexed classes to inat_classification_dataset.
2026-06-15 09:43:48,490 - INFO - Retrieving classification subfamily, genus, species.
2026-06-15 09:43:49,266 - INFO - Zero indexing subfamily, genus, species for load to inat_classification_dataset.
2026-06-15 09:43:51,111 - INFO - Loading: zero indexed classes to inat_classification_dataset.
2026-06-15 19:55:21,609 - INFO - Retrieving classification family, genus, species.
2026-06-15 19:55:22,365 - INFO - Zero indexing family, genus, species for load to inat_classification_dataset.
2026-06-15 19:55:24,031 - INFO - Loading: zero indexed classes to inat_classification_dataset.
