2026-06-16 17:30:43,338 - INFO - Starting AppTaxa build (batch_size=100).
2026-06-16 17:30:43,345 - INFO - AppTaxa run complete — 2 enriched, 0 failed (will retry next run).
2026-06-16 17:30:43,347 - INFO - Starting AppTaxa build (batch_size=100).
2026-06-16 17:30:43,348 - INFO - AppTaxa run complete — 0 enriched, 0 failed (will retry next run).
2026-06-16 17:30:43,351 - INFO - Starting AppTaxa build (batch_size=100).
2026-06-16 17:30:43,355 - INFO - AppTaxa run complete — 1 enriched, 0 failed (will retry next run).
2026-06-16 17:30:43,356 - INFO - Starting AppTaxa build (batch_size=100).
2026-06-16 17:30:43,358 - WARNING - Enrichment failed for Species 2 (taxon 2); leaving NULL for retry: api down
2026-06-16 17:30:43,358 - INFO - AppTaxa run complete — 2 enriched, 1 failed (will retry next run).
2026-06-16 17:30:43,361 - INFO - Starting AppTaxa build (batch_size=100).
2026-06-16 17:30:43,362 - WARNING - Enrichment failed for Species 2 (taxon 2); leaving NULL for retry: api down
2026-06-16 17:30:43,362 - INFO - AppTaxa run complete — 2 enriched, 1 failed (will retry next run).
2026-06-16 17:30:43,368 - INFO - Starting AppTaxa build (batch_size=100).
2026-06-16 17:30:43,369 - WARNING - Enrichment failed for Species 2 (taxon 2); leaving NULL for retry: api down
2026-06-16 17:30:43,369 - INFO - AppTaxa run complete — 2 enriched, 1 failed (will retry next run).
2026-06-16 17:30:43,373 - INFO - Starting AppTaxa build (batch_size=50).
2026-06-16 17:30:43,374 - INFO - AppTaxa run complete — 0 enriched, 0 failed (will retry next run).
2026-06-16 17:30:43,380 - INFO - Starting AppTaxa build (batch_size=50).
2026-06-16 17:30:43,381 - INFO - AppTaxa run complete — 0 enriched, 0 failed (will retry next run).
2026-06-16 17:30:43,383 - INFO - Starting AppTaxa build (batch_size=50).
2026-06-16 17:30:43,383 - INFO - AppTaxa run complete — 0 enriched, 0 failed (will retry next run).
2026-06-16 17:30:43,384 - INFO - Starting AppTaxa build (batch_size=20).
2026-06-16 17:30:43,384 - INFO - AppTaxa run complete — 0 enriched, 0 failed (will retry next run).
2026-06-16 17:32:18,404 - INFO - Starting AppTaxa build (batch_size=50).
2026-06-16 17:32:19,192 - INFO - Retrieved 1464 catalogue rows for AppTaxa.
2026-06-16 17:37:22,322 - INFO - Upserted batch of 50 rows into app_taxa.
2026-06-16 17:39:44,682 - INFO - Starting AppTaxa build (batch_size=100, max_workers=8).
2026-06-16 17:39:44,683 - INFO - AppTaxa run complete — 2 enriched, 0 failed (will retry next run).
2026-06-16 17:39:44,684 - INFO - Starting AppTaxa build (batch_size=100, max_workers=8).
2026-06-16 17:39:44,684 - INFO - AppTaxa run complete — 0 enriched, 0 failed (will retry next run).
2026-06-16 17:39:44,684 - INFO - Starting AppTaxa build (batch_size=100, max_workers=8).
2026-06-16 17:39:44,684 - INFO - AppTaxa run complete — 1 enriched, 0 failed (will retry next run).
2026-06-16 17:39:44,685 - INFO - Starting AppTaxa build (batch_size=100, max_workers=8).
2026-06-16 17:39:44,685 - WARNING - Enrichment failed for Species 2 (taxon 2); leaving NULL for retry: api down
2026-06-16 17:39:44,685 - INFO - AppTaxa run complete — 2 enriched, 1 failed (will retry next run).
2026-06-16 17:39:44,686 - INFO - Starting AppTaxa build (batch_size=100, max_workers=8).
2026-06-16 17:39:44,686 - WARNING - Enrichment failed for Species 2 (taxon 2); leaving NULL for retry: api down
2026-06-16 17:39:44,686 - INFO - AppTaxa run complete — 2 enriched, 1 failed (will retry next run).
2026-06-16 17:39:44,687 - INFO - Starting AppTaxa build (batch_size=100, max_workers=8).
2026-06-16 17:39:44,687 - WARNING - Enrichment failed for Species 2 (taxon 2); leaving NULL for retry: api down
2026-06-16 17:39:44,687 - INFO - AppTaxa run complete — 2 enriched, 1 failed (will retry next run).
2026-06-16 17:39:44,688 - INFO - Starting AppTaxa build (batch_size=50, max_workers=8).
2026-06-16 17:39:44,688 - INFO - AppTaxa run complete — 0 enriched, 0 failed (will retry next run).
2026-06-16 17:39:44,688 - INFO - Starting AppTaxa build (batch_size=50, max_workers=8).
2026-06-16 17:39:44,688 - INFO - AppTaxa run complete — 0 enriched, 0 failed (will retry next run).
2026-06-16 17:39:44,689 - INFO - Starting AppTaxa build (batch_size=50, max_workers=8).
2026-06-16 17:39:44,689 - INFO - AppTaxa run complete — 0 enriched, 0 failed (will retry next run).
2026-06-16 17:39:44,689 - INFO - Starting AppTaxa build (batch_size=20, max_workers=8).
2026-06-16 17:39:44,689 - INFO - AppTaxa run complete — 0 enriched, 0 failed (will retry next run).
2026-06-16 17:42:16,326 - INFO - Upserted batch of 50 rows into app_taxa.
2026-06-16 17:47:08,844 - INFO - Upserted batch of 50 rows into app_taxa.
2026-06-16 17:50:25,428 - INFO - Starting AppTaxa build (batch_size=50, max_workers=8).
2026-06-16 17:50:25,855 - INFO - Retrieved 1464 catalogue rows for AppTaxa.
2026-06-16 17:50:25,870 - INFO - Upserted batch of 50 rows into app_taxa.
2026-06-16 17:50:25,877 - INFO - Upserted batch of 50 rows into app_taxa.
2026-06-16 17:50:25,884 - INFO - Upserted batch of 50 rows into app_taxa.
2026-06-16 17:51:05,373 - INFO - Upserted batch of 50 rows into app_taxa.
2026-06-16 17:51:43,988 - INFO - Upserted batch of 50 rows into app_taxa.
2026-06-16 17:52:22,185 - INFO - Upserted batch of 50 rows into app_taxa.
2026-06-16 17:53:01,038 - INFO - Upserted batch of 50 rows into app_taxa.
2026-06-16 17:53:40,037 - INFO - Upserted batch of 50 rows into app_taxa.
2026-06-16 17:54:18,350 - INFO - Upserted batch of 50 rows into app_taxa.
2026-06-16 17:54:59,192 - INFO - Upserted batch of 50 rows into app_taxa.
2026-06-16 17:55:36,239 - INFO - Upserted batch of 50 rows into app_taxa.
2026-06-16 17:56:13,762 - INFO - Upserted batch of 50 rows into app_taxa.
2026-06-16 17:56:52,018 - INFO - Upserted batch of 50 rows into app_taxa.
2026-06-16 17:57:31,710 - INFO - Upserted batch of 50 rows into app_taxa.
2026-06-16 17:58:10,319 - INFO - Upserted batch of 50 rows into app_taxa.
2026-06-16 17:58:48,148 - INFO - Upserted batch of 50 rows into app_taxa.
2026-06-16 17:59:27,348 - INFO - Upserted batch of 50 rows into app_taxa.
2026-06-16 18:00:06,741 - INFO - Upserted batch of 50 rows into app_taxa.
2026-06-16 18:00:47,732 - INFO - Upserted batch of 50 rows into app_taxa.
2026-06-16 18:01:31,741 - INFO - Upserted batch of 50 rows into app_taxa.
2026-06-16 18:02:12,895 - INFO - Upserted batch of 50 rows into app_taxa.
2026-06-16 18:02:50,794 - INFO - Upserted batch of 50 rows into app_taxa.
2026-06-16 18:03:29,407 - INFO - Upserted batch of 50 rows into app_taxa.
2026-06-16 18:04:08,872 - INFO - Upserted batch of 50 rows into app_taxa.
2026-06-16 18:04:46,640 - INFO - Upserted batch of 50 rows into app_taxa.
2026-06-16 18:05:24,109 - INFO - Upserted batch of 50 rows into app_taxa.
2026-06-16 18:06:01,117 - INFO - Upserted batch of 50 rows into app_taxa.
2026-06-16 18:06:39,012 - INFO - Upserted batch of 50 rows into app_taxa.
2026-06-16 18:07:17,337 - INFO - Upserted batch of 50 rows into app_taxa.
2026-06-16 18:07:29,722 - INFO - Upserted batch of 14 rows into app_taxa.
2026-06-16 18:07:29,722 - INFO - AppTaxa run complete — 1314 enriched, 0 failed (will retry next run).
2026-06-19 10:19:31,146 - INFO - Starting AppTaxa build (batch_size=50, max_workers=8).
2026-06-19 10:19:32,599 - INFO - Retrieved 1464 catalogue rows for AppTaxa.
2026-06-19 10:19:32,652 - INFO - Upserted batch of 50 rows into app_taxa.
2026-06-19 10:19:32,678 - INFO - Upserted batch of 50 rows into app_taxa.
2026-06-19 10:19:32,705 - INFO - Upserted batch of 50 rows into app_taxa.
2026-06-19 10:19:32,730 - INFO - Upserted batch of 50 rows into app_taxa.
2026-06-19 10:19:32,756 - INFO - Upserted batch of 50 rows into app_taxa.
2026-06-19 10:19:32,781 - INFO - Upserted batch of 50 rows into app_taxa.
2026-06-19 10:19:32,808 - INFO - Upserted batch of 50 rows into app_taxa.
2026-06-19 10:19:32,837 - INFO - Upserted batch of 50 rows into app_taxa.
2026-06-19 10:19:32,864 - INFO - Upserted batch of 50 rows into app_taxa.
2026-06-19 10:19:32,890 - INFO - Upserted batch of 50 rows into app_taxa.
2026-06-19 10:19:32,918 - INFO - Upserted batch of 50 rows into app_taxa.
2026-06-19 10:19:32,941 - INFO - Upserted batch of 50 rows into app_taxa.
2026-06-19 10:19:32,970 - INFO - Upserted batch of 50 rows into app_taxa.
2026-06-19 10:19:32,997 - INFO - Upserted batch of 50 rows into app_taxa.
2026-06-19 10:19:33,014 - INFO - Upserted batch of 50 rows into app_taxa.
2026-06-19 10:19:33,037 - INFO - Upserted batch of 50 rows into app_taxa.
2026-06-19 10:19:33,056 - INFO - Upserted batch of 50 rows into app_taxa.
2026-06-19 10:19:33,082 - INFO - Upserted batch of 50 rows into app_taxa.
2026-06-19 10:19:33,109 - INFO - Upserted batch of 50 rows into app_taxa.
2026-06-19 10:19:33,140 - INFO - Upserted batch of 50 rows into app_taxa.
2026-06-19 10:19:33,166 - INFO - Upserted batch of 50 rows into app_taxa.
2026-06-19 10:19:33,193 - INFO - Upserted batch of 50 rows into app_taxa.
2026-06-19 10:19:33,215 - INFO - Upserted batch of 50 rows into app_taxa.
2026-06-19 10:19:33,241 - INFO - Upserted batch of 50 rows into app_taxa.
2026-06-19 10:19:33,261 - INFO - Upserted batch of 50 rows into app_taxa.
2026-06-19 10:19:33,288 - INFO - Upserted batch of 50 rows into app_taxa.
2026-06-19 10:19:33,316 - INFO - Upserted batch of 50 rows into app_taxa.
2026-06-19 10:19:33,337 - INFO - Upserted batch of 50 rows into app_taxa.
2026-06-19 10:19:33,363 - INFO - Upserted batch of 50 rows into app_taxa.
2026-06-19 10:19:33,376 - INFO - Upserted batch of 14 rows into app_taxa.
2026-06-19 10:19:33,376 - INFO - AppTaxa run complete — 0 enriched, 0 failed (will retry next run).
