2026-06-23 11:57:44,665 - INFO - inference top1=Anyperodon leucogrammicus top1_conf=0.9886 entropy=0.0700 n_candidates=3 detected=True
2026-06-23 11:59:35,070 - INFO - inference top1=Arothron mappa top1_conf=0.9969 entropy=0.0234 n_candidates=3 detected=True
2026-06-23 12:00:41,499 - ERROR - Detector inference failed
Traceback (most recent call last):
  File "/home/frogonarock/PycharmProjects/WhatsThisFish/whatsthatfish/src/whatsthatfish/serving/services/service.py", line 185, in get_prediction
    bbox_results = self.bbox_inferrer.infer(img_batch)
                   ^^^^^^^^^^^^^^^^^^^^^^^^^^^^^^^^^^^
  File "<string>", line 16, in infer
RuntimeError: cuda boom
2026-06-23 12:00:41,500 - INFO - inference top1=Amphiprion ocellaris top1_conf=0.8200 entropy=0.5860 n_candidates=3 detected=True
2026-06-23 12:00:41,500 - WARNING - inference produced no species candidates (detected=False)
2026-06-23 12:01:46,625 - INFO - inference top1=Amphiprion sandaracinos top1_conf=0.4221 entropy=1.0761 n_candidates=3 detected=False
2026-06-23 12:02:20,969 - INFO - inference top1=Amphiprion sandaracinos top1_conf=0.4221 entropy=1.0761 n_candidates=3 detected=False
2026-06-23 12:02:51,113 - INFO - inference top1=Cephalopholis miniata top1_conf=0.9936 entropy=0.0431 n_candidates=3 detected=True
2026-06-23 12:03:57,310 - INFO - inference top1=Muraena augusti top1_conf=0.4343 entropy=1.0766 n_candidates=3 detected=False
2026-06-23 12:04:53,239 - INFO - inference top1=Amphiprion biaculeatus top1_conf=0.9905 entropy=0.0604 n_candidates=3 detected=True
2026-06-23 12:05:17,950 - INFO - inference top1=Plectorhinchus chaetodonoides top1_conf=0.7392 entropy=0.7547 n_candidates=3 detected=False
2026-06-23 12:05:36,345 - INFO - inference top1=Amphiprion biaculeatus top1_conf=0.7166 entropy=0.7409 n_candidates=3 detected=False
2026-06-23 12:05:59,159 - INFO - inference top1=Abudefduf vaigiensis top1_conf=0.8513 entropy=0.5233 n_candidates=3 detected=True
2026-06-23 12:07:49,654 - INFO - inference top1=Plectorhinchus lineatus top1_conf=0.9751 entropy=0.1259 n_candidates=3 detected=True
2026-06-23 12:12:05,480 - INFO - inference top1=Cephalopholis miniata top1_conf=0.9741 entropy=0.1321 n_candidates=3 detected=True
2026-06-23 12:13:06,227 - INFO - inference top1=Gymnothorax javanicus top1_conf=0.9452 entropy=0.2235 n_candidates=3 detected=True
2026-06-23 12:51:06,156 - INFO - inference top1=Choerodon anchorago top1_conf=0.9961 entropy=0.0279 n_candidates=3 detected=True
2026-06-23 13:03:24,046 - INFO - inference top1=Chaetodon trifasciatus top1_conf=0.9982 entropy=0.0145 n_candidates=3 detected=True
2026-06-23 15:22:37,418 - INFO - inference top1=Gymnothorax javanicus top1_conf=0.9452 entropy=0.2235 n_candidates=3 detected=True
2026-06-23 15:27:43,182 - INFO - inference top1=Gymnothorax javanicus top1_conf=0.9452 entropy=0.2235 n_candidates=3 detected=True
2026-06-23 18:18:34,141 - INFO - inference top1=Cephalopholis miniata top1_conf=0.9741 entropy=0.1321 n_candidates=3 detected=True
2026-06-23 18:20:34,342 - INFO - inference top1=Muraena augusti top1_conf=0.4343 entropy=1.0766 n_candidates=3 detected=False
2026-06-23 18:21:17,088 - INFO - inference top1=Plectorhinchus lineatus top1_conf=0.9751 entropy=0.1259 n_candidates=3 detected=True
2026-06-23 18:22:48,049 - INFO - inference top1=Chaetodon trifasciatus top1_conf=0.9982 entropy=0.0145 n_candidates=3 detected=True
2026-06-23 18:24:22,917 - INFO - inference top1=Cephalopholis miniata top1_conf=0.9741 entropy=0.1321 n_candidates=3 detected=True
2026-06-23 18:24:35,582 - INFO - inference top1=Muraena augusti top1_conf=0.4343 entropy=1.0766 n_candidates=3 detected=False
2026-06-23 18:35:05,980 - INFO - inference top1=Muraena augusti top1_conf=0.4343 entropy=1.0766 n_candidates=3 detected=False
2026-06-23 18:35:13,694 - INFO - inference top1=Muraena augusti top1_conf=0.4343 entropy=1.0766 n_candidates=3 detected=False
2026-06-23 18:35:20,630 - INFO - inference top1=Plectorhinchus lineatus top1_conf=0.9751 entropy=0.1259 n_candidates=3 detected=True
2026-06-23 18:37:19,810 - INFO - inference top1=Chaetodon trifasciatus top1_conf=0.9982 entropy=0.0145 n_candidates=3 detected=True
2026-06-23 18:40:37,419 - INFO - inference top1=Chaetodon trifasciatus top1_conf=0.9982 entropy=0.0145 n_candidates=3 detected=True
2026-06-23 18:44:58,925 - INFO - inference top1=Cephalopholis miniata top1_conf=0.9936 entropy=0.0431 n_candidates=3 detected=True
2026-06-23 21:19:51,406 - INFO - inference top1=Cephalopholis miniata top1_conf=0.9936 entropy=0.0431 n_candidates=3 detected=True
2026-06-25 13:02:06,717 - INFO - inference top1=Chaetodon trifasciatus top1_conf=0.9982 entropy=0.0145 n_candidates=3 detected=True
2026-06-25 13:03:24,591 - INFO - inference top1=Cephalopholis miniata top1_conf=0.9936 entropy=0.0431 n_candidates=3 detected=True
2026-06-25 19:45:53,121 - INFO - inference top1=Muraena augusti top1_conf=0.4343 entropy=1.0766 n_candidates=3 detected=False
2026-06-25 19:46:00,958 - INFO - inference top1=Cephalopholis miniata top1_conf=0.9741 entropy=0.1321 n_candidates=3 detected=True
2026-06-25 19:46:09,832 - INFO - inference top1=Chaetodon trifasciatus top1_conf=0.9982 entropy=0.0145 n_candidates=3 detected=True
2026-06-25 19:46:20,048 - INFO - inference top1=Cephalopholis miniata top1_conf=0.9741 entropy=0.1321 n_candidates=3 detected=True
2026-06-25 19:46:25,306 - INFO - inference top1=Gymnothorax javanicus top1_conf=0.9452 entropy=0.2235 n_candidates=3 detected=True
2026-06-30 13:57:24,584 - ERROR - Classifier inference failed
Traceback (most recent call last):
  File "/home/frogonarock/PycharmProjects/WhatsThisFish/whatsthatfish/src/whatsthatfish/serving/services/service.py", line 261, in get_prediction
    class_results = self.class_inferrer.infer(img_batch, bbox_results)
                    ^^^^^^^^^^^^^^^^^^^^^^^^^^^^^^^^^^^^^^^^^^^^^^^^^^
  File "/home/frogonarock/PycharmProjects/WhatsThisFish/whatsthatfish/src/whatsthatfish/inference/class_inference.py", line 52, in infer
    results = self.model.predict(images=prepared_images, weights=self.weights)
              ^^^^^^^^^^^^^^^^^^^^^^^^^^^^^^^^^^^^^^^^^^^^^^^^^^^^^^^^^^^^^^^^
  File "/home/frogonarock/PycharmProjects/WhatsThisFish/whatsthatfish/.venv/lib/python3.12/site-packages/torch/utils/_contextlib.py", line 124, in decorate_context
    return func(*args, **kwargs)
           ^^^^^^^^^^^^^^^^^^^^^
  File "/home/frogonarock/PycharmProjects/WhatsThisFish/whatsthatfish/src/whatsthatfish/models/classifier.py", line 778, in predict
    model.load_state_dict(ckpt["model"])
  File "/home/frogonarock/PycharmProjects/WhatsThisFish/whatsthatfish/.venv/lib/python3.12/site-packages/torch/nn/modules/module.py", line 2639, in load_state_dict
    raise RuntimeError(
RuntimeError: Error(s) in loading state_dict for CustomResnet:
	Missing key(s) in state_dict: "layer1.3.conv1.weight", "layer1.3.bn1.weight", "layer1.3.bn1.bias", "layer1.3.bn1.running_mean", "layer1.3.bn1.running_var", "layer1.3.conv2.weight", "layer1.3.bn2.weight", "layer1.3.bn2.bias", "layer1.3.bn2.running_mean", "layer1.3.bn2.running_var", "layer1.4.conv1.weight", "layer1.4.bn1.weight", "layer1.4.bn1.bias", "layer1.4.bn1.running_mean", "layer1.4.bn1.running_var", "layer1.4.conv2.weight", "layer1.4.bn2.weight", "layer1.4.bn2.bias", "layer1.4.bn2.running_mean", "layer1.4.bn2.running_var", "layer1.5.conv1.weight", "layer1.5.bn1.weight", "layer1.5.bn1.bias", "layer1.5.bn1.running_mean", "layer1.5.bn1.running_var", "layer1.5.conv2.weight", "layer1.5.bn2.weight", "layer1.5.bn2.bias", "layer1.5.bn2.running_mean", "layer1.5.bn2.running_var", "layer1.6.conv1.weight", "layer1.6.bn1.weight", "layer1.6.bn1.bias", "layer1.6.bn1.running_mean", "layer1.6.bn1.running_var", "layer1.6.conv2.weight", "layer1.6.bn2.weight", "layer1.6.bn2.bias", "layer1.6.bn2.running_mean", "layer1.6.bn2.running_var", "layer1.7.conv1.weight", "layer1.7.bn1.weight", "layer1.7.bn1.bias", "layer1.7.bn1.running_mean", "layer1.7.bn1.running_var", "layer1.7.conv2.weight", "layer1.7.bn2.weight", "layer1.7.bn2.bias", "layer1.7.bn2.running_mean", "layer1.7.bn2.running_var", "layer2.4.conv1.weight", "layer2.4.bn1.weight", "layer2.4.bn1.bias", "layer2.4.bn1.running_mean", "layer2.4.bn1.running_var", "layer2.4.conv2.weight", "layer2.4.bn2.weight", "layer2.4.bn2.bias", "layer2.4.bn2.running_mean", "layer2.4.bn2.running_var", "layer2.5.conv1.weight", "layer2.5.bn1.weight", "layer2.5.bn1.bias", "layer2.5.bn1.running_mean", "layer2.5.bn1.running_var", "layer2.5.conv2.weight", "layer2.5.bn2.weight", "layer2.5.bn2.bias", "layer2.5.bn2.running_mean", "layer2.5.bn2.running_var", "layer2.6.conv1.weight", "layer2.6.bn1.weight", "layer2.6.bn1.bias", "layer2.6.bn1.running_mean", "layer2.6.bn1.running_var", "layer2.6.conv2.weight", "layer2.6.bn2.weight", "layer2.6.bn2.bias", "layer2.6.bn2.running_mean", "layer2.6.bn2.running_var", "layer2.7.conv1.weight", "layer2.7.bn1.weight", "layer2.7.bn1.bias", "layer2.7.bn1.running_mean", "layer2.7.bn1.running_var", "layer2.7.conv2.weight", "layer2.7.bn2.weight", "layer2.7.bn2.bias", "layer2.7.bn2.running_mean", "layer2.7.bn2.running_var", "layer3.6.conv1.weight", "layer3.6.bn1.weight", "layer3.6.bn1.bias", "layer3.6.bn1.running_mean", "layer3.6.bn1.running_var", "layer3.6.conv2.weight", "layer3.6.bn2.weight", "layer3.6.bn2.bias", "layer3.6.bn2.running_mean", "layer3.6.bn2.running_var", "layer3.7.conv1.weight", "layer3.7.bn1.weight", "layer3.7.bn1.bias", "layer3.7.bn1.running_mean", "layer3.7.bn1.running_var", "layer3.7.conv2.weight", "layer3.7.bn2.weight", "layer3.7.bn2.bias", "layer3.7.bn2.running_mean", "layer3.7.bn2.running_var", "layer3.8.conv1.weight", "layer3.8.bn1.weight", "layer3.8.bn1.bias", "layer3.8.bn1.running_mean", "layer3.8.bn1.running_var", "layer3.8.conv2.weight", "layer3.8.bn2.weight", "layer3.8.bn2.bias", "layer3.8.bn2.running_mean", "layer3.8.bn2.running_var", "layer3.9.conv1.weight", "layer3.9.bn1.weight", "layer3.9.bn1.bias", "layer3.9.bn1.running_mean", "layer3.9.bn1.running_var", "layer3.9.conv2.weight", "layer3.9.bn2.weight", "layer3.9.bn2.bias", "layer3.9.bn2.running_mean", "layer3.9.bn2.running_var", "layer3.10.conv1.weight", "layer3.10.bn1.weight", "layer3.10.bn1.bias", "layer3.10.bn1.running_mean", "layer3.10.bn1.running_var", "layer3.10.conv2.weight", "layer3.10.bn2.weight", "layer3.10.bn2.bias", "layer3.10.bn2.running_mean", "layer3.10.bn2.running_var", "layer3.11.conv1.weight", "layer3.11.bn1.weight", "layer3.11.bn1.bias", "layer3.11.bn1.running_mean", "layer3.11.bn1.running_var", "layer3.11.conv2.weight", "layer3.11.bn2.weight", "layer3.11.bn2.bias", "layer3.11.bn2.running_mean", "layer3.11.bn2.running_var", "layer4.3.conv1.weight", "layer4.3.bn1.weight", "layer4.3.bn1.bias", "layer4.3.bn1.running_mean", "layer4.3.bn1.running_var", "layer4.3.conv2.weight", "layer4.3.bn2.weight", "layer4.3.bn2.bias", "layer4.3.bn2.running_mean", "layer4.3.bn2.running_var", "layer4.4.conv1.weight", "layer4.4.bn1.weight", "layer4.4.bn1.bias", "layer4.4.bn1.running_mean", "layer4.4.bn1.running_var", "layer4.4.conv2.weight", "layer4.4.bn2.weight", "layer4.4.bn2.bias", "layer4.4.bn2.running_mean", "layer4.4.bn2.running_var", "layer4.5.conv1.weight", "layer4.5.bn1.weight", "layer4.5.bn1.bias", "layer4.5.bn1.running_mean", "layer4.5.bn1.running_var", "layer4.5.conv2.weight", "layer4.5.bn2.weight", "layer4.5.bn2.bias", "layer4.5.bn2.running_mean", "layer4.5.bn2.running_var". 
2026-06-30 14:04:33,145 - ERROR - Classifier inference failed
Traceback (most recent call last):
  File "/home/frogonarock/PycharmProjects/WhatsThisFish/whatsthatfish/src/whatsthatfish/serving/services/service.py", line 261, in get_prediction
    class_results = self.class_inferrer.infer(img_batch, bbox_results)
                    ^^^^^^^^^^^^^^^^^^^^^^^^^^^^^^^^^^^^^^^^^^^^^^^^^^
  File "/home/frogonarock/PycharmProjects/WhatsThisFish/whatsthatfish/src/whatsthatfish/inference/class_inference.py", line 52, in infer
    results = self.model.predict(images=prepared_images, weights=self.weights)
              ^^^^^^^^^^^^^^^^^^^^^^^^^^^^^^^^^^^^^^^^^^^^^^^^^^^^^^^^^^^^^^^^
  File "/home/frogonarock/PycharmProjects/WhatsThisFish/whatsthatfish/.venv/lib/python3.12/site-packages/torch/utils/_contextlib.py", line 124, in decorate_context
    return func(*args, **kwargs)
           ^^^^^^^^^^^^^^^^^^^^^
  File "/home/frogonarock/PycharmProjects/WhatsThisFish/whatsthatfish/src/whatsthatfish/models/classifier.py", line 782, in predict
    model.load_state_dict(ckpt["model"])
  File "/home/frogonarock/PycharmProjects/WhatsThisFish/whatsthatfish/.venv/lib/python3.12/site-packages/torch/nn/modules/module.py", line 2639, in load_state_dict
    raise RuntimeError(
RuntimeError: Error(s) in loading state_dict for CustomResnet:
	Missing key(s) in state_dict: "layer1.3.conv1.weight", "layer1.3.bn1.weight", "layer1.3.bn1.bias", "layer1.3.bn1.running_mean", "layer1.3.bn1.running_var", "layer1.3.conv2.weight", "layer1.3.bn2.weight", "layer1.3.bn2.bias", "layer1.3.bn2.running_mean", "layer1.3.bn2.running_var", "layer1.4.conv1.weight", "layer1.4.bn1.weight", "layer1.4.bn1.bias", "layer1.4.bn1.running_mean", "layer1.4.bn1.running_var", "layer1.4.conv2.weight", "layer1.4.bn2.weight", "layer1.4.bn2.bias", "layer1.4.bn2.running_mean", "layer1.4.bn2.running_var", "layer1.5.conv1.weight", "layer1.5.bn1.weight", "layer1.5.bn1.bias", "layer1.5.bn1.running_mean", "layer1.5.bn1.running_var", "layer1.5.conv2.weight", "layer1.5.bn2.weight", "layer1.5.bn2.bias", "layer1.5.bn2.running_mean", "layer1.5.bn2.running_var", "layer1.6.conv1.weight", "layer1.6.bn1.weight", "layer1.6.bn1.bias", "layer1.6.bn1.running_mean", "layer1.6.bn1.running_var", "layer1.6.conv2.weight", "layer1.6.bn2.weight", "layer1.6.bn2.bias", "layer1.6.bn2.running_mean", "layer1.6.bn2.running_var", "layer1.7.conv1.weight", "layer1.7.bn1.weight", "layer1.7.bn1.bias", "layer1.7.bn1.running_mean", "layer1.7.bn1.running_var", "layer1.7.conv2.weight", "layer1.7.bn2.weight", "layer1.7.bn2.bias", "layer1.7.bn2.running_mean", "layer1.7.bn2.running_var", "layer2.4.conv1.weight", "layer2.4.bn1.weight", "layer2.4.bn1.bias", "layer2.4.bn1.running_mean", "layer2.4.bn1.running_var", "layer2.4.conv2.weight", "layer2.4.bn2.weight", "layer2.4.bn2.bias", "layer2.4.bn2.running_mean", "layer2.4.bn2.running_var", "layer2.5.conv1.weight", "layer2.5.bn1.weight", "layer2.5.bn1.bias", "layer2.5.bn1.running_mean", "layer2.5.bn1.running_var", "layer2.5.conv2.weight", "layer2.5.bn2.weight", "layer2.5.bn2.bias", "layer2.5.bn2.running_mean", "layer2.5.bn2.running_var", "layer2.6.conv1.weight", "layer2.6.bn1.weight", "layer2.6.bn1.bias", "layer2.6.bn1.running_mean", "layer2.6.bn1.running_var", "layer2.6.conv2.weight", "layer2.6.bn2.weight", "layer2.6.bn2.bias", "layer2.6.bn2.running_mean", "layer2.6.bn2.running_var", "layer2.7.conv1.weight", "layer2.7.bn1.weight", "layer2.7.bn1.bias", "layer2.7.bn1.running_mean", "layer2.7.bn1.running_var", "layer2.7.conv2.weight", "layer2.7.bn2.weight", "layer2.7.bn2.bias", "layer2.7.bn2.running_mean", "layer2.7.bn2.running_var", "layer3.6.conv1.weight", "layer3.6.bn1.weight", "layer3.6.bn1.bias", "layer3.6.bn1.running_mean", "layer3.6.bn1.running_var", "layer3.6.conv2.weight", "layer3.6.bn2.weight", "layer3.6.bn2.bias", "layer3.6.bn2.running_mean", "layer3.6.bn2.running_var", "layer3.7.conv1.weight", "layer3.7.bn1.weight", "layer3.7.bn1.bias", "layer3.7.bn1.running_mean", "layer3.7.bn1.running_var", "layer3.7.conv2.weight", "layer3.7.bn2.weight", "layer3.7.bn2.bias", "layer3.7.bn2.running_mean", "layer3.7.bn2.running_var", "layer3.8.conv1.weight", "layer3.8.bn1.weight", "layer3.8.bn1.bias", "layer3.8.bn1.running_mean", "layer3.8.bn1.running_var", "layer3.8.conv2.weight", "layer3.8.bn2.weight", "layer3.8.bn2.bias", "layer3.8.bn2.running_mean", "layer3.8.bn2.running_var", "layer3.9.conv1.weight", "layer3.9.bn1.weight", "layer3.9.bn1.bias", "layer3.9.bn1.running_mean", "layer3.9.bn1.running_var", "layer3.9.conv2.weight", "layer3.9.bn2.weight", "layer3.9.bn2.bias", "layer3.9.bn2.running_mean", "layer3.9.bn2.running_var", "layer3.10.conv1.weight", "layer3.10.bn1.weight", "layer3.10.bn1.bias", "layer3.10.bn1.running_mean", "layer3.10.bn1.running_var", "layer3.10.conv2.weight", "layer3.10.bn2.weight", "layer3.10.bn2.bias", "layer3.10.bn2.running_mean", "layer3.10.bn2.running_var", "layer3.11.conv1.weight", "layer3.11.bn1.weight", "layer3.11.bn1.bias", "layer3.11.bn1.running_mean", "layer3.11.bn1.running_var", "layer3.11.conv2.weight", "layer3.11.bn2.weight", "layer3.11.bn2.bias", "layer3.11.bn2.running_mean", "layer3.11.bn2.running_var", "layer4.3.conv1.weight", "layer4.3.bn1.weight", "layer4.3.bn1.bias", "layer4.3.bn1.running_mean", "layer4.3.bn1.running_var", "layer4.3.conv2.weight", "layer4.3.bn2.weight", "layer4.3.bn2.bias", "layer4.3.bn2.running_mean", "layer4.3.bn2.running_var", "layer4.4.conv1.weight", "layer4.4.bn1.weight", "layer4.4.bn1.bias", "layer4.4.bn1.running_mean", "layer4.4.bn1.running_var", "layer4.4.conv2.weight", "layer4.4.bn2.weight", "layer4.4.bn2.bias", "layer4.4.bn2.running_mean", "layer4.4.bn2.running_var", "layer4.5.conv1.weight", "layer4.5.bn1.weight", "layer4.5.bn1.bias", "layer4.5.bn1.running_mean", "layer4.5.bn1.running_var", "layer4.5.conv2.weight", "layer4.5.bn2.weight", "layer4.5.bn2.bias", "layer4.5.bn2.running_mean", "layer4.5.bn2.running_var". 
2026-06-30 14:06:21,280 - INFO - inference top1=Cephalopholis miniata top1_conf=0.9913 entropy=0.0559 n_candidates=3 detected=True
2026-06-30 14:06:43,878 - INFO - inference top1=Epinephelus fuscoguttatus top1_conf=0.9746 entropy=0.1294 n_candidates=3 detected=False
2026-06-30 14:07:40,589 - INFO - inference top1=Orectolobus ornatus top1_conf=0.8128 entropy=0.6090 n_candidates=3 detected=False
2026-06-30 14:07:52,156 - INFO - inference top1=Dactylopus dactylopus top1_conf=0.4451 entropy=1.0670 n_candidates=3 detected=False
2026-06-30 14:08:04,165 - INFO - inference top1=Orectolobus ornatus top1_conf=0.7188 entropy=0.7809 n_candidates=3 detected=False
2026-06-30 14:08:35,225 - INFO - inference top1=Orectolobus maculatus top1_conf=0.9765 entropy=0.1276 n_candidates=3 detected=False
2026-06-30 14:08:44,543 - INFO - inference top1=Orectolobus maculatus top1_conf=0.9961 entropy=0.0280 n_candidates=3 detected=False
2026-06-30 14:08:53,717 - INFO - inference top1=Orectolobus maculatus top1_conf=0.9944 entropy=0.0383 n_candidates=3 detected=True
2026-07-01 14:33:39,199 - INFO - inference top1=Plectorhinchus lineatus top1_conf=0.9853 entropy=0.0830 n_candidates=3 detected=True
2026-07-02 15:04:52,302 - INFO - inference top1=Chaetodon trifasciatus top1_conf=0.9929 entropy=0.0470 n_candidates=3 detected=True
2026-07-02 15:05:15,622 - INFO - inference top1=Plectorhinchus lineatus top1_conf=0.9777 entropy=0.1156 n_candidates=3 detected=True
