2026-05-23 23:14:02,183 - INFO - Retrieving lat, lon pairs for iNaturalist Observations.
2026-05-23 23:14:05,659 - INFO - Pairs retrieved.
2026-05-23 23:14:07,171 - INFO - Fitting cuKMeans k=80 on full dataset.
2026-05-23 23:14:08,192 - INFO - Val clusters (16): [5, 6, 14, 29, 39, 43, 50, 51, 56, 59, 60, 62, 68, 73, 74, 78]
2026-05-23 23:14:08,249 - INFO - Dropped 156 taxa with <50 train examples.
2026-05-23 23:14:08,308 - INFO - Split complete — train: 322868, val: 84350
2026-05-23 23:15:31,526 - INFO - Retrieving lat, lon pairs for iNaturalist Observations.
2026-05-23 23:15:34,755 - INFO - Pairs retrieved.
2026-05-23 23:15:36,089 - INFO - Fitting cuKMeans k=80 on full dataset.
2026-05-23 23:15:37,223 - INFO - Val clusters (16): [5, 6, 14, 29, 39, 43, 50, 51, 56, 59, 60, 62, 68, 73, 74, 78]
2026-05-23 23:15:37,282 - INFO - Dropped 156 taxa with <50 train examples.
2026-05-23 23:15:37,336 - INFO - Split complete — train: 322868, val: 84350
2026-05-23 23:16:23,151 - INFO - Retrieving lat, lon pairs for iNaturalist Observations.
2026-05-23 23:16:26,369 - INFO - Pairs retrieved.
2026-05-23 23:16:28,020 - INFO - Fitting cuKMeans k=80 on full dataset.
2026-05-23 23:16:29,018 - INFO - Val clusters (16): [5, 6, 14, 29, 39, 43, 50, 51, 56, 59, 60, 62, 68, 73, 74, 78]
2026-05-23 23:16:29,075 - INFO - Dropped 156 taxa with <50 train examples.
2026-05-23 23:16:29,125 - INFO - Split complete — train: 322868, val: 84350
2026-05-23 23:20:42,505 - INFO - Retrieving lat, lon pairs for iNaturalist Observations.
2026-05-23 23:20:45,968 - INFO - Pairs retrieved.
2026-05-23 23:20:47,314 - INFO - Fitting cuKMeans k=80 on full dataset.
2026-05-23 23:20:48,818 - INFO - Val clusters (16): [5, 6, 14, 29, 39, 43, 50, 51, 56, 59, 60, 62, 68, 73, 74, 78]
2026-05-23 23:20:48,876 - INFO - Dropped 156 taxa with <50 train examples.
2026-05-23 23:20:48,934 - INFO - Split complete — train: 322868, val: 84350
2026-05-24 17:14:22,353 - INFO - Retrieving lat, lon pairs for iNaturalist Observations.
2026-05-24 17:14:25,589 - INFO - Pairs retrieved.
2026-05-24 17:14:51,726 - INFO - Retrieving lat, lon pairs for iNaturalist Observations.
2026-05-24 17:14:54,944 - INFO - Pairs retrieved.
2026-05-24 17:14:56,570 - INFO - Fitting cuKMeans k=80 on full dataset.
2026-05-24 17:14:57,554 - INFO - Val clusters (16): [5, 6, 14, 29, 39, 43, 50, 51, 56, 59, 60, 62, 68, 73, 74, 78]
2026-05-24 17:14:57,614 - INFO - Dropped 156 taxa with <50 train examples.
2026-05-24 17:14:57,668 - INFO - Split complete — train: 322868, val: 84350
2026-05-24 17:19:34,196 - INFO - Retrieving lat, lon pairs for iNaturalist Observations.
2026-05-24 17:19:37,365 - INFO - Pairs retrieved.
2026-05-24 17:19:38,832 - INFO - Fitting cuKMeans k=80 on full dataset.
2026-05-24 17:19:39,997 - INFO - Val clusters (16): [5, 6, 14, 29, 39, 43, 50, 51, 56, 59, 60, 62, 68, 73, 74, 78]
2026-05-24 17:19:40,057 - INFO - Dropped 156 taxa with <50 train examples.
2026-05-24 17:19:40,111 - INFO - Split complete — train: 331586, val: 75632
2026-05-30 19:56:28,231 - INFO - Retrieving lat, lon pairs for iNaturalist Observations.
2026-05-30 19:56:31,799 - INFO - Pairs retrieved.
2026-05-30 20:00:52,807 - INFO - Retrieving lat, lon pairs for iNaturalist Observations.
2026-05-30 20:00:56,338 - INFO - Pairs retrieved.
2026-05-30 20:00:57,975 - INFO - Fitting cuKMeans k=80 on full dataset.
2026-05-30 20:02:14,375 - INFO - Retrieving lat, lon pairs for iNaturalist Observations.
2026-05-30 20:02:17,915 - INFO - Pairs retrieved.
2026-05-30 20:02:19,523 - INFO - Fitting cuKMeans k=80 on full dataset.
2026-05-30 20:02:20,649 - INFO - Val clusters (16): [5, 6, 14, 29, 39, 43, 50, 51, 56, 59, 60, 62, 68, 73, 74, 78]
2026-05-30 20:02:20,714 - INFO - Dropped 50 taxa with <50 train examples.
2026-05-30 20:02:20,781 - INFO - Split complete — train: 446988, val: 49670
2026-05-30 20:02:20,865 - INFO - load: 496658 total rows → 441300 classification, 496658 OD (includes coral)
2026-05-30 20:06:05,984 - INFO - Retrieving lat, lon pairs for iNaturalist Observations.
2026-05-30 20:06:09,648 - INFO - Pairs retrieved.
2026-05-30 20:06:11,241 - INFO - Fitting cuKMeans k=80 on full dataset.
2026-05-30 20:06:12,398 - INFO - Val clusters (16): [5, 6, 14, 29, 39, 43, 50, 51, 56, 59, 60, 62, 68, 73, 74, 78]
2026-05-30 20:06:12,461 - INFO - Dropped 61 taxa with <50 train examples.
2026-05-30 20:06:12,523 - INFO - Split complete — train: 421584, val: 71775
2026-05-30 20:06:12,606 - INFO - load: 493359 total rows → 438003 classification, 493359 OD (includes coral)
2026-05-31 16:34:14,518 - INFO - Retrieving lat, lon pairs for iNaturalist Observations.
2026-05-31 16:34:19,657 - INFO - Pairs retrieved.
2026-05-31 16:34:21,439 - INFO - Fitting cuKMeans k=80 on full dataset.
2026-05-31 16:34:24,991 - INFO - Val clusters (16): [5, 6, 14, 29, 39, 43, 50, 51, 56, 59, 60, 62, 68, 73, 74, 78]
2026-05-31 16:34:25,066 - INFO - Dropped 50 taxa with <50 train examples.
2026-05-31 16:34:25,142 - INFO - Split complete — train: 446988, val: 49670
2026-05-31 16:34:25,254 - INFO - load: 496658 total rows → 441300 classification, 496658 OD (includes coral)
2026-05-31 16:34:58,728 - INFO - Retrieving lat, lon pairs for iNaturalist Observations.
2026-05-31 16:35:03,270 - INFO - Pairs retrieved.
2026-05-31 16:35:04,976 - INFO - Fitting cuKMeans k=80 on full dataset.
2026-05-31 16:35:08,779 - INFO - Val clusters (16): [5, 6, 14, 29, 39, 43, 50, 51, 56, 59, 60, 62, 68, 73, 74, 78]
2026-05-31 16:35:08,846 - INFO - Dropped 50 taxa with <50 train examples.
2026-05-31 16:35:08,924 - INFO - Split complete — train: 446988, val: 49670
2026-05-31 16:35:09,014 - INFO - load: 496658 total rows → 441300 classification, 496658 OD (includes coral)
2026-05-31 16:53:03,864 - INFO - Retrieving lat, lon pairs for iNaturalist Observations.
2026-05-31 16:53:07,713 - INFO - Pairs retrieved.
2026-05-31 16:53:09,447 - INFO - Fitting cuKMeans k=80 on full dataset.
2026-05-31 16:53:13,022 - INFO - Val clusters (16): [5, 6, 14, 29, 39, 43, 50, 51, 56, 59, 60, 62, 68, 73, 74, 78]
2026-05-31 16:53:13,104 - INFO - Dropped 48 taxa with <50 train examples.
2026-05-31 16:53:13,176 - INFO - Split complete — train: 421137, val: 76137
2026-05-31 16:53:13,275 - INFO - load: 497274 total rows → 441612 classification, 497274 OD (includes coral)
2026-06-01 21:46:36,322 - INFO - Retrieving lat, lon pairs for iNaturalist Observations.
2026-06-01 21:46:41,469 - INFO - Pairs retrieved.
2026-06-01 21:46:43,171 - INFO - Fitting cuKMeans k=80 on full dataset.
2026-06-01 21:46:48,926 - INFO - Val clusters (16): [5, 6, 14, 29, 39, 43, 50, 51, 56, 59, 60, 62, 68, 73, 74, 78]
2026-06-01 21:46:48,991 - INFO - Dropped 50 taxa with <50 train examples.
2026-06-01 21:46:49,058 - INFO - Split complete — train: 446988, val: 49670
2026-06-01 21:46:49,157 - INFO - load: 496658 total rows → 441300 classification, 496658 OD (includes coral)
2026-06-01 21:59:59,721 - INFO - Retrieving lat, lon pairs for iNaturalist Observations.
2026-06-01 22:00:04,702 - INFO - Pairs retrieved.
2026-06-01 22:00:06,541 - INFO - Fitting cuKMeans k=80 on full dataset.
2026-06-01 22:00:10,914 - INFO - Val clusters (16): [5, 6, 14, 29, 39, 43, 50, 51, 56, 59, 60, 62, 68, 73, 74, 78]
2026-06-01 22:00:10,983 - INFO - Dropped 50 taxa with <50 train examples.
2026-06-01 22:00:11,054 - INFO - Split complete — train: 446988, val: 49670
2026-06-01 22:00:11,153 - INFO - load: 496658 total rows → 441300 classification, 496658 OD (includes coral)
2026-06-01 22:02:00,476 - INFO - Retrieving lat, lon pairs for iNaturalist Observations.
2026-06-01 22:02:04,675 - INFO - Pairs retrieved.
2026-06-01 22:02:06,344 - INFO - Fitting cuKMeans k=80 on full dataset.
2026-06-01 22:02:10,811 - INFO - Val clusters (16): [5, 6, 14, 29, 39, 43, 50, 51, 56, 59, 60, 62, 68, 73, 74, 78]
2026-06-01 22:02:10,879 - INFO - Dropped 50 taxa with <50 train examples.
2026-06-01 22:02:10,959 - INFO - Split complete — train: 446988, val: 49670
2026-06-01 22:02:11,054 - INFO - load: 496658 total rows → 441300 classification, 496658 OD (includes coral)
2026-06-01 22:05:22,171 - INFO - Retrieving lat, lon pairs for iNaturalist Observations.
2026-06-01 22:05:26,749 - INFO - Pairs retrieved.
2026-06-01 22:05:28,467 - INFO - Fitting cuKMeans k=80 on full dataset.
2026-06-01 22:05:32,711 - INFO - Val clusters (16): [5, 6, 14, 29, 39, 43, 50, 51, 56, 59, 60, 62, 68, 73, 74, 78]
2026-06-01 22:05:32,781 - INFO - Dropped 50 taxa with <50 train examples.
2026-06-01 22:05:32,854 - INFO - Split complete — train: 446988, val: 49670
2026-06-01 22:05:32,944 - INFO - load: 496658 total rows → 441300 classification, 496658 OD (includes coral)
2026-06-01 22:08:05,486 - INFO - Retrieving lat, lon pairs for iNaturalist Observations.
2026-06-01 22:08:09,701 - INFO - Pairs retrieved.
2026-06-01 22:08:11,379 - INFO - Fitting cuKMeans k=80 on full dataset.
2026-06-01 22:08:16,483 - INFO - Val clusters (16): [5, 6, 14, 29, 39, 43, 50, 51, 56, 59, 60, 62, 68, 73, 74, 78]
2026-06-01 22:08:16,546 - INFO - Dropped 50 taxa with <50 train examples.
2026-06-01 22:08:16,621 - INFO - Split complete — train: 446988, val: 49670
2026-06-01 22:08:16,725 - INFO - load: 496658 total rows → 441300 classification, 496658 OD (includes coral)
2026-06-01 22:09:32,186 - INFO - Retrieving lat, lon pairs for iNaturalist Observations.
2026-06-01 22:09:36,452 - INFO - Pairs retrieved.
2026-06-01 22:09:38,148 - INFO - Fitting cuKMeans k=80 on full dataset.
2026-06-01 22:09:40,422 - INFO - Val clusters (16): [5, 6, 14, 29, 39, 43, 50, 51, 56, 59, 60, 62, 68, 73, 74, 78]
2026-06-01 22:09:40,488 - INFO - Dropped 67 taxa with <50 train examples.
2026-06-01 22:09:40,554 - INFO - Split complete — train: 415490, val: 76058
2026-06-01 22:09:40,642 - INFO - load: 491548 total rows → 435892 classification, 491548 OD (includes coral)
2026-06-01 22:11:47,702 - INFO - Retrieving lat, lon pairs for iNaturalist Observations.
2026-06-01 22:11:52,013 - INFO - Pairs retrieved.
2026-06-01 22:11:53,657 - INFO - Fitting cuKMeans k=80 on full dataset.
2026-06-01 22:11:54,789 - INFO - Val clusters (16): [5, 6, 14, 29, 39, 43, 50, 51, 56, 59, 60, 62, 68, 73, 74, 78]
2026-06-01 22:11:54,852 - INFO - Dropped 50 taxa with <50 train examples.
2026-06-01 22:11:54,916 - INFO - Split complete — train: 446988, val: 49670
2026-06-01 22:11:55,004 - INFO - load: 496658 total rows → 441300 classification, 496658 OD (includes coral)
2026-06-02 14:25:01,257 - INFO - Retrieving lat, lon pairs for iNaturalist Observations.
2026-06-02 14:25:05,771 - INFO - Pairs retrieved.
2026-06-02 14:25:07,414 - INFO - Fitting cuKMeans k=80 on full dataset.
2026-06-02 14:25:08,600 - INFO - Val clusters (16): [5, 6, 14, 29, 39, 43, 50, 51, 56, 59, 60, 62, 68, 73, 74, 78]
2026-06-02 14:25:08,664 - INFO - Dropped 48 taxa with <50 train examples.
2026-06-02 14:25:08,737 - INFO - Split complete — train: 421137, val: 76137
2026-06-02 14:25:08,819 - INFO - load: 497274 total rows → 441612 classification, 497274 OD (includes coral)
2026-06-04 15:42:45,314 - INFO - Retrieving lat, lon pairs for iNaturalist Observations.
2026-06-04 15:42:49,750 - INFO - Pairs retrieved.
2026-06-04 15:42:51,402 - INFO - Fitting cuKMeans k=80 on full dataset.
2026-06-04 15:42:53,588 - INFO - Val clusters (16): [5, 6, 14, 29, 39, 43, 50, 51, 56, 59, 60, 62, 68, 73, 74, 78]
2026-06-04 15:42:53,653 - INFO - Dropped 50 taxa with <50 train examples.
2026-06-04 15:42:53,720 - INFO - Split complete — train: 446988, val: 49670
2026-06-04 15:42:53,812 - INFO - load: 496658 total rows → 441300 classification, 496658 OD (includes coral)
2026-06-04 15:47:24,285 - INFO - Retrieving lat, lon pairs for iNaturalist Observations.
2026-06-04 15:47:28,190 - INFO - Pairs retrieved.
2026-06-04 15:47:29,715 - INFO - Fitting cuKMeans k=80 on full dataset.
2026-06-04 15:47:30,845 - INFO - Val clusters (16): [5, 6, 14, 29, 39, 43, 50, 51, 56, 59, 60, 62, 68, 73, 74, 78]
2026-06-04 15:47:30,908 - INFO - Dropped 61 taxa with <50 train examples.
2026-06-04 15:47:30,976 - INFO - Split complete — train: 421584, val: 71775
2026-06-04 15:47:31,067 - INFO - load: 493359 total rows → 438003 classification, 493359 OD (includes coral)
2026-06-04 15:53:47,288 - INFO - Retrieving lat, lon pairs for iNaturalist Observations.
2026-06-04 15:53:50,972 - INFO - Pairs retrieved.
2026-06-04 15:53:52,653 - INFO - Fitting cuKMeans k=80 on full dataset.
2026-06-04 15:53:53,871 - INFO - Val clusters (16): [5, 6, 14, 29, 39, 43, 50, 51, 56, 59, 60, 62, 68, 73, 74, 78]
2026-06-04 15:53:53,936 - INFO - Dropped 50 taxa with <50 train examples.
2026-06-04 15:53:54,000 - INFO - Split complete — train: 446988, val: 49670
2026-06-04 15:53:54,092 - INFO - load: 496658 total rows → 441300 classification, 496658 OD (includes coral)
2026-06-04 16:29:36,604 - INFO - Retrieving lat, lon pairs for iNaturalist Observations.
2026-06-04 16:29:41,048 - INFO - Pairs retrieved.
2026-06-04 16:29:42,823 - INFO - Fitting cuKMeans k=80 on full dataset.
2026-06-04 16:29:44,018 - INFO - Val clusters (16): [5, 6, 14, 29, 39, 43, 50, 51, 56, 59, 60, 62, 68, 73, 74, 78]
2026-06-04 16:29:44,083 - INFO - Dropped 50 taxa with <50 train examples.
2026-06-04 16:29:44,147 - INFO - Split complete — train: 431365, val: 65293
2026-06-04 16:29:44,239 - INFO - load: 496658 total rows → 441300 classification, 496658 OD (includes coral)
2026-06-04 16:30:26,783 - INFO - Retrieving lat, lon pairs for iNaturalist Observations.
2026-06-04 16:30:30,466 - INFO - Pairs retrieved.
2026-06-04 16:30:32,121 - INFO - Fitting cuKMeans k=80 on full dataset.
2026-06-04 16:30:33,314 - INFO - Val clusters (16): [5, 6, 14, 29, 39, 43, 50, 51, 56, 59, 60, 62, 68, 73, 74, 78]
2026-06-04 16:30:33,376 - INFO - Dropped 119 taxa with <50 train examples.
2026-06-04 16:30:33,433 - INFO - Split complete — train: 362920, val: 112930
2026-06-04 16:30:33,521 - INFO - load: 475850 total rows → 419889 classification, 475850 OD (includes coral)
2026-06-04 16:33:38,475 - INFO - Retrieving lat, lon pairs for iNaturalist Observations.
2026-06-04 16:33:42,083 - INFO - Pairs retrieved.
2026-06-04 16:33:43,925 - INFO - Fitting cuKMeans k=80 on full dataset.
2026-06-04 16:33:45,046 - INFO - Val clusters (16): [5, 6, 14, 29, 39, 43, 50, 51, 56, 59, 60, 62, 68, 73, 74, 78]
2026-06-04 16:33:45,112 - INFO - Dropped 50 taxa with <50 train examples.
2026-06-04 16:33:45,180 - INFO - Split complete — train: 431365, val: 65293
2026-06-04 16:33:45,272 - INFO - load: 496658 total rows → 441300 classification, 496658 OD (includes coral)
2026-06-04 16:36:31,854 - INFO - Retrieving lat, lon pairs for iNaturalist Observations.
2026-06-04 16:36:35,470 - INFO - Pairs retrieved.
2026-06-04 16:36:37,293 - INFO - Fitting cuKMeans k=80 on full dataset.
2026-06-04 16:36:38,422 - INFO - Val clusters (16): [5, 6, 14, 29, 39, 43, 50, 51, 56, 59, 60, 62, 68, 73, 74, 78]
2026-06-04 16:36:38,488 - INFO - Dropped 50 taxa with <50 train examples.
2026-06-04 16:36:38,553 - INFO - Split complete — train: 431365, val: 65293
2026-06-04 16:36:38,645 - INFO - load: 496658 total rows → 441300 classification, 496658 OD (includes coral)
2026-06-04 16:37:57,478 - INFO - Retrieving lat, lon pairs for iNaturalist Observations.
2026-06-04 16:38:01,184 - INFO - Pairs retrieved.
2026-06-04 16:38:02,911 - INFO - Fitting cuKMeans k=80 on full dataset.
2026-06-04 16:38:04,044 - INFO - Val clusters (16): [5, 6, 14, 29, 39, 43, 50, 51, 56, 59, 60, 62, 68, 73, 74, 78]
2026-06-04 16:38:04,103 - INFO - Dropped 50 taxa with <50 train examples.
2026-06-04 16:38:04,164 - INFO - Split complete — train: 431365, val: 65293
2026-06-04 16:38:04,253 - INFO - load: 496658 total rows → 441300 classification, 496658 OD (includes coral)
2026-06-04 16:39:05,112 - INFO - Retrieving lat, lon pairs for iNaturalist Observations.
2026-06-04 16:39:08,757 - INFO - Pairs retrieved.
2026-06-04 16:39:10,369 - INFO - Fitting cuKMeans k=80 on full dataset.
2026-06-04 16:39:11,534 - INFO - Val clusters (16): [5, 6, 14, 29, 39, 43, 50, 51, 56, 59, 60, 62, 68, 73, 74, 78]
2026-06-04 16:39:11,594 - INFO - Dropped 50 taxa with <50 train examples.
2026-06-04 16:39:11,655 - INFO - Split complete — train: 431365, val: 65293
2026-06-04 16:39:11,758 - INFO - load: 496658 total rows → 441300 classification, 496658 OD (includes coral)
2026-06-04 16:44:27,709 - INFO - Retrieving lat, lon pairs for iNaturalist Observations.
2026-06-04 16:44:31,814 - INFO - Pairs retrieved.
2026-06-04 16:44:33,449 - INFO - Fitting cuKMeans k=80 on full dataset.
2026-06-04 16:44:34,603 - INFO - Val clusters (16): [5, 6, 14, 29, 39, 43, 50, 51, 56, 59, 60, 62, 68, 73, 74, 78]
2026-06-04 16:44:34,664 - INFO - Dropped 50 taxa with <50 train examples.
2026-06-04 16:44:34,732 - INFO - Split complete — train: 431365, val: 65293
2026-06-04 16:44:34,818 - INFO - load: 496658 total rows → 441300 classification, 496658 OD (includes coral)
2026-06-15 09:42:02,111 - INFO - Retrieving lat, lon pairs for iNaturalist Observations.
2026-06-15 09:42:06,313 - INFO - Pairs retrieved.
2026-06-15 09:42:08,035 - INFO - Fitting cuKMeans k=80 on full dataset.
2026-06-15 09:42:09,183 - INFO - Val clusters (16): [5, 6, 14, 29, 39, 43, 50, 51, 56, 59, 60, 62, 68, 73, 74, 78]
2026-06-15 09:42:09,251 - INFO - Dropped 50 taxa with <50 train rows.
2026-06-15 09:42:09,515 - INFO - Top-up moved 16026 photos / 12283 whole observations across 1123 taxa (no observation straddles the split).
2026-06-15 09:42:09,515 - INFO - Split complete — train: 430962, val: 65696 (49670 geographic, 16026 topped-up).
2026-06-15 09:42:09,615 - INFO - load: 496658 total rows → 441300 classification, 496658 OD (includes coral)
2026-06-15 19:51:53,867 - INFO - Retrieving lat, lon pairs for iNaturalist Observations.
2026-06-15 19:51:58,127 - INFO - Pairs retrieved.
2026-06-15 19:51:59,831 - INFO - 
            Total rows: 511724

            Total Genus: 511724, pct: 1.0000

            Total Family: 510822, pct: 0.9982
2026-06-15 19:52:00,200 - INFO - Fitting cuKMeans k=80 on full dataset.
2026-06-15 19:52:01,296 - INFO - Val clusters (16): [5, 6, 14, 29, 39, 43, 50, 51, 56, 59, 60, 62, 68, 73, 74, 78]
2026-06-15 19:52:01,365 - INFO - Dropped 50 taxa with <50 train rows.
2026-06-15 19:52:01,767 - INFO - Top-up moved 16030 photos / 12281 whole observations across 1123 taxa (no observation straddles the split).
2026-06-15 19:52:01,767 - INFO - Split complete — train: 430958, val: 65700 (49670 geographic, 16030 topped-up).
2026-06-15 19:52:01,871 - INFO - load: 496658 total rows → 441300 classification, 496658 OD (includes coral)
2026-06-15 19:53:37,833 - INFO - Retrieving lat, lon pairs for iNaturalist Observations.
2026-06-15 19:53:41,752 - INFO - Pairs retrieved.
2026-06-15 19:53:43,506 - INFO - 
            Total rows: 511724

            Total Genus: 511724, pct: 1.0000

            Total Family: 510822, pct: 0.9982
2026-06-15 19:53:43,879 - INFO - Fitting cuKMeans k=80 on full dataset.
2026-06-15 19:53:44,999 - INFO - Val clusters (16): [5, 6, 14, 29, 39, 43, 50, 51, 56, 59, 60, 62, 68, 73, 74, 78]
2026-06-15 19:53:45,065 - INFO - Dropped 50 taxa with <50 train rows.
2026-06-15 19:53:45,464 - INFO - Top-up moved 16027 photos / 12283 whole observations across 1123 taxa (no observation straddles the split).
2026-06-15 19:53:45,464 - INFO - Split complete — train: 430961, val: 65697 (49670 geographic, 16027 topped-up).
2026-06-15 19:53:45,573 - INFO - load: 496658 total rows → 440698 classification, 496658 OD (includes coral)
2026-06-17 13:44:56,326 - INFO - Val clusters (2): [0, 7]
2026-06-17 13:44:56,326 - INFO - Dropped 0 taxa with <50 train rows.
2026-06-17 13:44:56,326 - INFO - Top-up moved 0 photos / 0 whole observations across 0 taxa (no observation straddles the split).
2026-06-17 13:44:56,326 - INFO - Split complete — train: 192, val: 48 (48 geographic, 0 topped-up).
2026-06-17 13:44:56,327 - INFO - Val clusters (2): [0, 7]
2026-06-17 13:44:56,327 - INFO - Dropped 0 taxa with <50 train rows.
2026-06-17 13:44:56,327 - INFO - Top-up moved 0 photos / 0 whole observations across 0 taxa (no observation straddles the split).
2026-06-17 13:44:56,327 - INFO - Split complete — train: 192, val: 48 (48 geographic, 0 topped-up).
2026-06-17 13:44:56,327 - INFO - Val clusters (2): [0, 7]
2026-06-17 13:44:56,327 - INFO - Dropped 0 taxa with <50 train rows.
2026-06-17 13:44:56,327 - INFO - Top-up moved 0 photos / 0 whole observations across 0 taxa (no observation straddles the split).
2026-06-17 13:44:56,327 - INFO - Split complete — train: 192, val: 48 (48 geographic, 0 topped-up).
2026-06-17 13:44:56,328 - INFO - Val clusters (2): [0, 7]
2026-06-17 13:44:56,328 - INFO - Dropped 1 taxa with <50 train rows.
2026-06-17 13:44:56,328 - INFO - Top-up moved 0 photos / 0 whole observations across 0 taxa (no observation straddles the split).
2026-06-17 13:44:56,328 - INFO - Split complete — train: 192, val: 48 (48 geographic, 0 topped-up).
2026-06-17 13:44:56,328 - INFO - Val clusters (2): [0, 7]
2026-06-17 13:44:56,328 - INFO - Dropped 0 taxa with <50 train rows.
2026-06-17 13:44:56,329 - INFO - Top-up moved 0 photos / 0 whole observations across 0 taxa (no observation straddles the split).
2026-06-17 13:44:56,329 - INFO - Split complete — train: 384, val: 96 (96 geographic, 0 topped-up).
2026-06-17 13:44:56,329 - INFO - Val clusters (2): [0, 7]
2026-06-17 13:44:56,329 - INFO - Dropped 0 taxa with <50 train rows.
2026-06-17 13:44:56,329 - INFO - Top-up moved 0 photos / 0 whole observations across 0 taxa (no observation straddles the split).
2026-06-17 13:44:56,329 - INFO - Split complete — train: 256, val: 64 (64 geographic, 0 topped-up).
2026-06-17 13:44:56,330 - INFO - Val clusters (2): [0, 7]
2026-06-17 13:44:56,330 - INFO - Dropped 0 taxa with <50 train rows.
2026-06-17 13:44:56,330 - INFO - Top-up moved 0 photos / 0 whole observations across 0 taxa (no observation straddles the split).
2026-06-17 13:44:56,330 - INFO - Split complete — train: 384, val: 96 (96 geographic, 0 topped-up).
2026-06-17 13:44:56,330 - INFO - Val clusters (2): [0, 7]
2026-06-17 13:44:56,330 - INFO - Dropped 0 taxa with <50 train rows.
2026-06-17 13:44:56,331 - INFO - Top-up moved 0 photos / 0 whole observations across 0 taxa (no observation straddles the split).
2026-06-17 13:44:56,331 - INFO - Split complete — train: 256, val: 64 (64 geographic, 0 topped-up).
