2026-05-30 16:45:55,848 - INFO - [ClipModel] Loading ViT-B/32 on device=cuda
2026-05-30 16:45:57,267 - INFO - [ClipModel] Model loaded — concurrency=50
2026-05-30 16:45:57,267 - INFO - [ClipModel] Starting CLIP context scoring run
2026-05-30 16:46:02,828 - INFO - [ContextRunner] Found 4,034,364 uploaded iNat photos in SuccessfulUploads
2026-05-30 16:46:32,533 - INFO - [ContextRunner] Retrieved 4,034,364 file rows from InatFilteredObservations
2026-05-30 16:46:33,326 - INFO - [ClipModel] 4,034,364 uploaded | 3,673,233 already done | 361,131 to score
2026-05-30 16:46:33,326 - INFO - [ClipModel] Encoding text prompts
2026-05-30 16:46:33,451 - INFO - [ClipModel] 361,131 rows → 37 batches of 10,000
2026-05-30 16:46:33,451 - INFO - [ClipModel] Batch 1/37 — 10,000 rows
2026-05-30 16:48:53,368 - WARNING - [ClipModel] Batch 1: 13/10,000 failed — first: TimeoutError: 
2026-05-30 16:48:53,499 - INFO - [ClipModel] Batch 1/37 complete — compacted
2026-05-30 16:48:53,499 - INFO - [ClipModel] Batch 2/37 — 10,000 rows
2026-05-30 16:50:39,972 - INFO - [ClipModel] Batch 2/37 complete — compacted
2026-05-30 16:50:39,973 - INFO - [ClipModel] Batch 3/37 — 10,000 rows
2026-05-30 16:52:10,279 - INFO - [ClipModel] Batch 3/37 complete — compacted
2026-05-30 16:52:10,279 - INFO - [ClipModel] Batch 4/37 — 10,000 rows
2026-05-30 16:53:47,576 - INFO - [ClipModel] Batch 4/37 complete — compacted
2026-05-30 16:53:47,577 - INFO - [ClipModel] Batch 5/37 — 10,000 rows
2026-05-30 16:55:30,201 - INFO - [ClipModel] Batch 5/37 complete — compacted
2026-05-30 16:55:30,202 - INFO - [ClipModel] Batch 6/37 — 10,000 rows
2026-05-30 16:57:19,837 - INFO - [ClipModel] Batch 6/37 complete — compacted
2026-05-30 16:57:19,837 - INFO - [ClipModel] Batch 7/37 — 10,000 rows
2026-05-30 16:59:02,493 - INFO - [ClipModel] Batch 7/37 complete — compacted
2026-05-30 16:59:02,493 - INFO - [ClipModel] Batch 8/37 — 10,000 rows
2026-05-30 17:00:56,403 - INFO - [ClipModel] Batch 8/37 complete — compacted
2026-05-30 17:00:56,403 - INFO - [ClipModel] Batch 9/37 — 10,000 rows
2026-05-30 17:02:41,757 - INFO - [ClipModel] Batch 9/37 complete — compacted
2026-05-30 17:02:41,757 - INFO - [ClipModel] Batch 10/37 — 10,000 rows
2026-05-30 17:04:34,249 - INFO - [ClipModel] Batch 10/37 complete — compacted
2026-05-30 17:04:34,249 - INFO - [ClipModel] Batch 11/37 — 10,000 rows
2026-05-30 17:06:31,630 - INFO - [ClipModel] Batch 11/37 complete — compacted
2026-05-30 17:06:31,630 - INFO - [ClipModel] Batch 12/37 — 10,000 rows
2026-05-30 17:08:29,720 - INFO - [ClipModel] Batch 12/37 complete — compacted
2026-05-30 17:08:29,720 - INFO - [ClipModel] Batch 13/37 — 10,000 rows
2026-05-30 17:10:19,786 - INFO - [ClipModel] Batch 13/37 complete — compacted
2026-05-30 17:10:19,786 - INFO - [ClipModel] Batch 14/37 — 10,000 rows
2026-05-30 17:12:04,756 - INFO - [ClipModel] Batch 14/37 complete — compacted
2026-05-30 17:12:04,756 - INFO - [ClipModel] Batch 15/37 — 10,000 rows
2026-05-30 17:14:08,117 - INFO - [ClipModel] Batch 15/37 complete — compacted
2026-05-30 17:14:08,117 - INFO - [ClipModel] Batch 16/37 — 10,000 rows
2026-05-30 17:16:09,519 - INFO - [ClipModel] Batch 16/37 complete — compacted
2026-05-30 17:16:09,519 - INFO - [ClipModel] Batch 17/37 — 10,000 rows
2026-05-30 17:18:19,193 - INFO - [ClipModel] Batch 17/37 complete — compacted
2026-05-30 17:18:19,193 - INFO - [ClipModel] Batch 18/37 — 10,000 rows
2026-05-30 17:20:23,771 - INFO - [ClipModel] Batch 18/37 complete — compacted
2026-05-30 17:20:23,771 - INFO - [ClipModel] Batch 19/37 — 10,000 rows
2026-05-30 17:22:20,459 - INFO - [ClipModel] Batch 19/37 complete — compacted
2026-05-30 17:22:20,459 - INFO - [ClipModel] Batch 20/37 — 10,000 rows
2026-05-30 17:24:28,789 - INFO - [ClipModel] Batch 20/37 complete — compacted
2026-05-30 17:24:28,789 - INFO - [ClipModel] Batch 21/37 — 10,000 rows
2026-05-30 17:26:28,199 - INFO - [ClipModel] Batch 21/37 complete — compacted
2026-05-30 17:26:28,199 - INFO - [ClipModel] Batch 22/37 — 10,000 rows
2026-05-30 17:28:32,334 - INFO - [ClipModel] Batch 22/37 complete — compacted
2026-05-30 17:28:32,335 - INFO - [ClipModel] Batch 23/37 — 10,000 rows
2026-05-30 17:30:38,952 - WARNING - [ClipModel] Batch 23: 1/10,000 failed — first: TimeoutError: 
2026-05-30 17:30:38,995 - INFO - [ClipModel] Batch 23/37 complete — compacted
2026-05-30 17:30:38,995 - INFO - [ClipModel] Batch 24/37 — 10,000 rows
2026-05-30 17:32:42,143 - INFO - [ClipModel] Batch 24/37 complete — compacted
2026-05-30 17:32:42,143 - INFO - [ClipModel] Batch 25/37 — 10,000 rows
2026-05-30 17:34:41,445 - INFO - [ClipModel] Batch 25/37 complete — compacted
2026-05-30 17:34:41,445 - INFO - [ClipModel] Batch 26/37 — 10,000 rows
2026-05-30 17:36:44,504 - INFO - [ClipModel] Batch 26/37 complete — compacted
2026-05-30 17:36:44,504 - INFO - [ClipModel] Batch 27/37 — 10,000 rows
2026-05-30 17:38:46,161 - INFO - [ClipModel] Batch 27/37 complete — compacted
2026-05-30 17:38:46,161 - INFO - [ClipModel] Batch 28/37 — 10,000 rows
2026-05-30 17:40:40,691 - INFO - [ClipModel] Batch 28/37 complete — compacted
2026-05-30 17:40:40,691 - INFO - [ClipModel] Batch 29/37 — 10,000 rows
2026-05-30 17:42:29,838 - INFO - [ClipModel] Batch 29/37 complete — compacted
2026-05-30 17:42:29,838 - INFO - [ClipModel] Batch 30/37 — 10,000 rows
2026-05-30 17:44:28,578 - INFO - [ClipModel] Batch 30/37 complete — compacted
2026-05-30 17:44:28,578 - INFO - [ClipModel] Batch 31/37 — 10,000 rows
2026-05-30 17:47:03,002 - INFO - [ClipModel] Loading ViT-B/32 on device=cuda
2026-05-30 17:47:05,739 - INFO - [ClipModel] Model loaded — concurrency=50
2026-05-30 17:47:05,739 - INFO - [ClipModel] Starting CLIP context scoring run
2026-05-30 17:47:12,603 - INFO - [ContextRunner] Found 4,034,364 uploaded iNat photos in SuccessfulUploads
2026-05-30 17:47:44,494 - INFO - [ContextRunner] Retrieved 4,034,364 file rows from InatFilteredObservations
2026-05-30 17:47:45,351 - INFO - [ClipModel] 4,034,364 uploaded | 3,977,511 already done | 56,853 to score
2026-05-30 17:47:45,351 - INFO - [ClipModel] Encoding text prompts
2026-05-30 17:47:45,454 - INFO - [ClipModel] 56,853 rows → 6 batches of 10,000
2026-05-30 17:47:45,455 - INFO - [ClipModel] Batch 1/6 — 10,000 rows
2026-05-30 17:49:38,904 - WARNING - [ClipModel] Batch 1: 8/10,000 failed — first: TimeoutError: 
2026-05-30 17:49:38,962 - INFO - [ClipModel] Batch 1/6 complete — compacted
2026-05-30 17:49:38,962 - INFO - [ClipModel] Batch 2/6 — 10,000 rows
2026-05-30 17:52:48,051 - INFO - [ClipModel] Batch 2/6 complete — compacted
2026-05-30 17:52:48,051 - INFO - [ClipModel] Batch 3/6 — 10,000 rows
2026-05-30 17:54:48,310 - INFO - [ClipModel] Loading ViT-B/32 on device=cuda
2026-05-30 17:54:49,728 - INFO - [ClipModel] Model loaded — concurrency=50
2026-05-30 17:54:49,728 - INFO - [ClipModel] Starting CLIP context scoring run
2026-05-30 17:54:55,083 - INFO - [ContextRunner] Found 4,034,364 uploaded iNat photos in SuccessfulUploads
2026-05-30 17:55:25,975 - INFO - [ContextRunner] Retrieved 4,034,364 file rows from InatFilteredObservations
2026-05-30 17:55:26,826 - INFO - [ClipModel] 4,034,364 uploaded | 4,000,020 already done | 34,344 to score
2026-05-30 17:55:26,826 - INFO - [ClipModel] Encoding text prompts
2026-05-30 17:55:26,942 - INFO - [ClipModel] 34,344 rows → 4 batches of 10,000
2026-05-30 17:55:26,942 - INFO - [ClipModel] Batch 1/4 — 10,000 rows
2026-05-30 17:57:25,946 - WARNING - [ClipModel] Batch 1: 5/10,000 failed — first: TimeoutError: 
2026-05-30 17:57:25,990 - INFO - [ClipModel] Batch 1/4 complete — compacted
2026-05-30 17:57:25,990 - INFO - [ClipModel] Batch 2/4 — 10,000 rows
2026-05-30 17:59:25,001 - INFO - [ClipModel] Batch 2/4 complete — compacted
2026-05-30 17:59:25,002 - INFO - [ClipModel] Batch 3/4 — 10,000 rows
2026-05-30 18:01:25,552 - INFO - [ClipModel] Batch 3/4 complete — compacted
2026-05-30 18:01:25,552 - INFO - [ClipModel] Batch 4/4 — 4,344 rows
2026-05-30 18:02:22,034 - INFO - [ClipModel] Batch 4/4 complete — compacted
2026-05-30 18:02:22,034 - INFO - [ClipModel] All CLIP scoring batches complete
